#
# A fatal error has been detected by the Java Runtime Environment:
#
#  Internal Error (jvmciRuntime.cpp:1609), pid=41, tid=55
#  fatal error: Fatal exception in JVMCI: Error calling jdk.vm.ci.services.Services.serializeSavedProperties
#
# JRE version: OpenJDK Runtime Environment GraalVM CE 22.3.0 (17.0.5+8) (build 17.0.5+8-jvmci-22.3-b08)
# Java VM: OpenJDK 64-Bit Server VM GraalVM CE 22.3.0 (17.0.5+8-jvmci-22.3-b08, mixed mode, sharing, tiered, jvmci, jvmci compiler, compressed oops, compressed class ptrs, parallel gc, linux-amd64)
# Problematic frame:
# V  [libjvm.so+0x972714]  JVMCIRuntime::fatal_exception(JVMCIEnv*, char const*)+0x74
#
# Core dump will be written. Default location: Core dumps may be processed with "/usr/share/apport/apport -p%p -s%s -c%c -d%d -P%P -u%u -g%g -- %E" (or dumping to /home/runner/algorithm/core.41)
#
# If you would like to submit a bug report, please visit:
#   https://github.com/oracle/graal/issues
#

---------------  S U M M A R Y ------------

Command Line: -XX:ThreadPriorityPolicy=1 -XX:+UnlockExperimentalVMOptions -XX:+EnableJVMCIProduct -XX:JVMCIThreadsPerNativeLibraryRuntime=1 -XX:-UnlockExperimentalVMOptions -Declipse.application=org.eclipse.jdt.ls.core.id1 -Dosgi.bundles.defaultStartLevel=4 -Declipse.product=org.eclipse.jdt.ls.core.product -Dlog.level=ALL -Xverify:none -XX:+UseParallelGC -XX:GCTimeRatio=4 -XX:AdaptiveSizePolicyWeight=90 -Dsun.zip.disableMemoryMapping=true -Xmx512m -Xms100m /nix/store/m6gcpi1ii6rghy04cjwjddcavv7i90df-jdt-language-server-1.9.0/share/java/plugins/org.eclipse.equinox.launcher_1.6.400.v20210924-0641.jar --add-modules=ALL-SYSTEM --add-opens java.base/java.util=ALL-UNNAMED --add-opens java.base/java.lang=ALL-UNNAMED -configuration /home/runner/.cache/jdt-language-server/config -data /home/runner/.cache/jdt-language-server/data/home/runner/algorithm

Host: AMD EPYC 7B12, 8 cores, 1G, Ubuntu 20.04.2 LTS
Time: Wed Apr 19 09:27:33 2023 UTC elapsed time: 1812.817791 seconds (0d 0h 30m 12s)

---------------  T H R E A D  ---------------

Current thread (0x00007f0a0c0b21d0):  JavaThread "JVMCI-native CompilerThread0" daemon [_thread_in_vm, id=55, stack(0x00007f09f2ccd000,0x00007f09f2ecd000)]


Current CompileTask:
JVMCI-native:1812818 14473       4       org.eclipse.core.runtime.Path::append (150 bytes)

Stack: [0x00007f09f2ccd000,0x00007f09f2ecd000],  sp=0x00007f09f2ecb380,  free space=2040k
Native frames: (J=compiled Java code, j=interpreted, Vv=VM code, C=native code)
V  [libjvm.so+0x972714]  JVMCIRuntime::fatal_exception(JVMCIEnv*, char const*)+0x74
V  [libjvm.so+0x93e2fe]  JVMCIEnv::copy_saved_properties()+0x14e
V  [libjvm.so+0x9732a9]  JVMCIRuntime::initialize(JVMCIEnv*)+0xb19
V  [libjvm.so+0x9738a2]  JVMCIRuntime::get_HotSpotJVMCIRuntime(JVMCIEnv*)+0x12
V  [libjvm.so+0x9749f2]  JVMCIRuntime::compile_method(JVMCIEnv*, JVMCICompiler*, methodHandle const&, int)+0xd2
V  [libjvm.so+0x5b0d20]  CompileBroker::invoke_compiler_on_method(CompileTask*)+0x1470
V  [libjvm.so+0x5b12e8]  CompileBroker::compiler_thread_loop()+0x528
V  [libjvm.so+0xd82460]  JavaThread::thread_main_inner()+0xd0
V  [libjvm.so+0xd85a40]  Thread::call_run()+0xc0
V  [libjvm.so+0xbdb1e1]  thread_native_entry(Thread*)+0xe1

Register to memory mapping:

RAX=0x00007f0a12916000 points into unknown readable memory: 0x0000000000000058 | 58 00 00 00 00 00 00 00
RBX=0x00007f0a13a11398: <offset 0x0000000000ef5398> in /nix/store/gpxl5qgg8kicmcvivwmybwjlpf7wh20l-graalvm17-ce-22.3.0/lib/server/libjvm.so at 0x00007f0a12b1c000
RCX=0x00007f0a139c91e8: <offset 0x0000000000ead1e8> in /nix/store/gpxl5qgg8kicmcvivwmybwjlpf7wh20l-graalvm17-ce-22.3.0/lib/server/libjvm.so at 0x00007f0a12b1c000
RDX=0x0000000000000649 is an unknown value
RSP=0x00007f09f2ecb380 is pointing into the stack for thread: 0x00007f0a0c0b21d0
RBP=0x00007f09f2ecb3a0 is pointing into the stack for thread: 0x00007f0a0c0b21d0
RSI=0x00007f0a13a11c48: <offset 0x0000000000ef5c48> in /nix/store/gpxl5qgg8kicmcvivwmybwjlpf7wh20l-graalvm17-ce-22.3.0/lib/server/libjvm.so at 0x00007f0a12b1c000
RDI=0x00000000e0000000 is an oop: java.lang.String 
{0x00000000e0000000} - klass: 'java/lang/String'
 - string: "resolution"
R8 =0x00007f0a13a11398: <offset 0x0000000000ef5398> in /nix/store/gpxl5qgg8kicmcvivwmybwjlpf7wh20l-graalvm17-ce-22.3.0/lib/server/libjvm.so at 0x00007f0a12b1c000
R9 =0x00007f09f2ecb330 is pointing into the stack for thread: 0x00007f0a0c0b21d0
R10=0x00007f09f2ecc948 is pointing into the stack for thread: 0x00007f0a0c0b21d0
R11=0x0000000000000293 is an unknown value
R12=0x0 is NULL
R13=0x00007f0a0c0b21d0 is a thread
R14=0x00007f0a0c000b80 points into unknown readable memory: 0x00007f0a13c42a38 | 38 2a c4 13 0a 7f 00 00
R15=0x00007f0a13d50e40: <offset 0x0000000001234e40> in /nix/store/gpxl5qgg8kicmcvivwmybwjlpf7wh20l-graalvm17-ce-22.3.0/lib/server/libjvm.so at 0x00007f0a12b1c000


Registers:
RAX=0x00007f0a12916000, RBX=0x00007f0a13a11398, RCX=0x00007f0a139c91e8, RDX=0x0000000000000649
RSP=0x00007f09f2ecb380, RBP=0x00007f09f2ecb3a0, RSI=0x00007f0a13a11c48, RDI=0x00000000e0000000
R8 =0x00007f0a13a11398, R9 =0x00007f09f2ecb330, R10=0x00007f09f2ecc948, R11=0x0000000000000293
R12=0x0000000000000000, R13=0x00007f0a0c0b21d0, R14=0x00007f0a0c000b80, R15=0x00007f0a13d50e40
RIP=0x00007f0a1348e714, EFLAGS=0x0000000000010206, CSGSFS=0x002b000000000033, ERR=0x0000000000000006
  TRAPNO=0x000000000000000e

Top of Stack: (sp=0x00007f09f2ecb380)
0x00007f09f2ecb380:   00007f09f2ecb940 00007f0a0c0b21d0
0x00007f09f2ecb390:   00007f0a112a78c8 0000000800c417a0
0x00007f09f2ecb3a0:   00007f09f2ecb500 00007f0a1345a2fe
0x00007f09f2ecb3b0:   00007f09f2ecb3e0 00007f09f2ecb440 

Instructions: (pc=0x00007f0a1348e714)
0x00007f0a1348e614:   30 e8 f6 cf e8 ff 4c 89 e7 e8 2e 48 d1 ff 84 db
0x00007f0a1348e624:   75 2a 4d 85 ed 74 04 4d 8b 6d 00 48 83 c4 08 44
0x00007f0a1348e634:   89 f9 4c 89 f2 4c 89 ee 5b 4c 89 e7 41 5c 41 5d
0x00007f0a1348e644:   41 5e 41 5f 5d e9 e2 47 d1 ff 66 90 48 83 c4 08
0x00007f0a1348e654:   5b 41 5c 41 5d 41 5e 41 5f 5d c3 90 31 d2 be 08
0x00007f0a1348e664:   00 00 00 4c 89 ff e8 b1 78 a3 ff 49 89 c5 e9 37
0x00007f0a1348e674:   ff ff ff 66 0f 1f 84 00 00 00 00 00 48 8b 7a 08
0x00007f0a1348e684:   e9 6d ff ff ff 0f 1f 80 00 00 00 00 e8 5b 48 0a
0x00007f0a1348e694:   00 84 c0 75 89 e9 6a ff ff ff 66 90 55 48 89 e5
0x00007f0a1348e6a4:   41 56 41 55 41 54 49 89 fc 53 48 89 f3 66 48 8d
0x00007f0a1348e6b4:   3d 27 5e 85 00 66 66 48 e8 df 43 8d ff 4c 8b 28
0x00007f0a1348e6c4:   8b 05 be 72 8a 00 85 c0 75 14 ba 01 00 00 00 48
0x00007f0a1348e6d4:   8d 0d ae 72 8a 00 f0 0f b1 11 85 c0 74 4e be c8
0x00007f0a1348e6e4:   00 00 00 4c 89 ef e8 01 0b 41 00 48 8d 05 12 ac
0x00007f0a1348e6f4:   85 00 49 89 d8 48 8d 0d e8 aa 53 00 ba 49 06 00
0x00007f0a1348e704:   00 48 8d 35 3c 35 58 00 bf 00 00 00 e0 48 8b 00
0x00007f0a1348e714:   c6 00 58 31 c0 e8 e2 91 c6 ff 5b 41 5c 41 5d 41
0x00007f0a1348e724:   5e 5d e9 55 34 26 00 0f 1f 44 00 00 48 8d 05 81
0x00007f0a1348e734:   a3 8b 00 48 89 df 4c 8b 30 e8 9e 43 8d ff 48 89
0x00007f0a1348e744:   de 48 89 c2 49 8b 06 4c 89 f7 ff 50 08 4c 89 f7
0x00007f0a1348e754:   e8 a7 5c 27 00 4d 85 e4 74 12 be 01 00 00 00 4c
0x00007f0a1348e764:   89 e7 e8 35 43 fc ff eb 82 0f 1f 00 be 01 00 00
0x00007f0a1348e774:   00 4c 89 ef e8 d3 fd ff ff e9 6d ff ff ff 66 66
0x00007f0a1348e784:   2e 0f 1f 84 00 00 00 00 00 0f 1f 00 55 48 89 e5
0x00007f0a1348e794:   41 57 41 56 41 55 41 54 53 48 81 ec 08 02 00 00
0x00007f0a1348e7a4:   64 48 8b 04 25 28 00 00 00 48 89 45 c8 8b 07 83
0x00007f0a1348e7b4:   f8 02 0f 84 11 04 00 00 4c 8b 6f 18 49 89 ff 49
0x00007f0a1348e7c4:   89 f4 4d 85 ed 74 14 4c 89 ef e8 5d 57 22 00 41
0x00007f0a1348e7d4:   8b 07 83 f8 02 0f 84 19 04 00 00 48 8d 1d 9a 06
0x00007f0a1348e7e4:   8a 00 4c 8d 35 0b 3c 58 00 eb 38 90 48 85 d2 7f
0x00007f0a1348e7f4:   0d 48 8d 05 b4 c0 85 00 48 83 38 00 7e 0e 41 8b
0x00007f0a1348e804:   77 2c 4c 89 f7 31 c0 e8 a0 b2 f7 ff 49 8b 7f 18 


Stack slot to memory mapping:
stack at sp + 0 slots: 0x00007f09f2ecb940 is pointing into the stack for thread: 0x00007f0a0c0b21d0
stack at sp + 1 slots: 0x00007f0a0c0b21d0 is a thread
stack at sp + 2 slots: 0x00007f0a112a78c8 points into unknown readable memory: 0x65730018052dffff | ff ff 2d 05 18 00 73 65
stack at sp + 3 slots: 0x0000000800c417a0 is a pointer to class: 
jdk.vm.ci.services.Services {0x0000000800c417a0}
 - instance size:     2
 - klass size:        65
 - access:            public final synchronized 
 - state:             fully_initialized
 - name:              'jdk/vm/ci/services/Services'
 - super:             'java/lang/Object'
 - sub:               
 - arrays:            NULL
 - methods:           Array<T>(0x00007f0a10440f50)
 - method ordering:   Array<T>(0x0000000800928960)
 - default_methods:   Array<T>(0x0000000000000000)
 - local interfaces:  Array<T>(0x00000008005ce810)
 - trans. interfaces: Array<T>(0x00000008005ce810)
 - constants:         constant pool [427] {0x00007f0a1043ff88} for 'jdk/vm/ci/services/Services' cache=0x00007f0a10442fc8
 - class loader data:  loader data: 0x00007f0a0c0283f0 of 'bootstrap'
 - source file:       'Services.java'
 - class annotations:       Array<T>(0x0000000000000000)
 - class type annotations:  Array<T>(0x0000000000000000)
 - field annotations:       Array<T>(0x0000000000000000)
 - field type annotations:  Array<T>(0x0000000000000000)
 - inner classes:     Array<T>(0x00007f0a10442f98)
 - nest members:     Array<T>(0x00007f0a10442fb8)
 - permitted subclasses:     Array<T>(0x00000008005ce7a0)
 - java mirror:       a 'java/lang/Class'{0x00000000e01452e8} = 'jdk/vm/ci/services/Services'
 - vtable length      5  (start addr: 0x0000000800c41970)
 - itable length      2 (start addr: 0x0000000800c41998)
 - ---- static fields (3 words):
 - public static final 'IS_BUILDING_NATIVE_IMAGE' 'Z' @128 
 - public static final 'IS_IN_NATIVE_IMAGE' 'Z' @129 
 - private static volatile 'savedProperties' 'Ljava/util/Map;' @112 
 - static final 'JVMCI_ENABLED' 'Z' @130 
 - private static final 'servicesCache' 'Ljava/util/Map;' @116 
 - private static final 'MAX_UNICODE_IN_UTF8_LENGTH' 'I' @120 
 - private static final 'MAX_UTF8_PROPERTY_STRING_LENGTH' 'I' @124 
 - ---- non-static fields (0 words):
 - non-static oop maps: 
stack at sp + 4 slots: 0x00007f09f2ecb500 is pointing into the stack for thread: 0x00007f0a0c0b21d0
stack at sp + 5 slots: 0x00007f0a1345a2fe: <offset 0x000000000093e2fe> in /nix/store/gpxl5qgg8kicmcvivwmybwjlpf7wh20l-graalvm17-ce-22.3.0/lib/server/libjvm.so at 0x00007f0a12b1c000
stack at sp + 6 slots: 0x00007f09f2ecb3e0 is pointing into the stack for thread: 0x00007f0a0c0b21d0
stack at sp + 7 slots: 0x00007f09f2ecb440 is pointing into the stack for thread: 0x00007f0a0c0b21d0


---------------  P R O C E S S  ---------------

Threads class SMR info:
_java_thread_list=0x00007f097c122560, length=28, elements={
0x00007f0a0c026690, 0x00007f0a0c0a64d0, 0x00007f0a0c0a7910, 0x00007f0a0c0ae040,
0x00007f0a0c0af3f0, 0x00007f0a0c0b07e0, 0x00007f0a0c0b21d0, 0x00007f0a0c0b36e0,
0x00007f0a0c0b4b30, 0x00007f0a0c0e0440, 0x00007f0a0c128ce0, 0x00007f0a0c3341c0,
0x00007f0a0c3677c0, 0x00007f0a0c3694a0, 0x00007f0a0c1abaf0, 0x00007f09a0017080,
0x00007f09a02a21c0, 0x00007f09a0607050, 0x00007f0a0c3932e0, 0x00007f0a0c4c1560,
0x00007f0974001200, 0x00007f09780e0fb0, 0x00007f097c0c49b0, 0x00007f098c05eb00,
0x00007f0970000ff0, 0x00007f097c1285c0, 0x00007f097c0baf60, 0x00007f097c129d60
}

Java Threads: ( => current thread )
  0x00007f0a0c026690 JavaThread "main" [_thread_blocked, id=47, stack(0x00007f0a12937000,0x00007f0a12a37000)]
  0x00007f0a0c0a64d0 JavaThread "Reference Handler" daemon [_thread_blocked, id=50, stack(0x00007f0a1012e000,0x00007f0a1022e000)]
  0x00007f0a0c0a7910 JavaThread "Finalizer" daemon [_thread_blocked, id=51, stack(0x00007f0a1002e000,0x00007f0a1012e000)]
  0x00007f0a0c0ae040 JavaThread "Signal Dispatcher" daemon [_thread_blocked, id=52, stack(0x00007f09f30cd000,0x00007f09f31cd000)]
  0x00007f0a0c0af3f0 JavaThread "Service Thread" daemon [_thread_blocked, id=53, stack(0x00007f09f2fcd000,0x00007f09f30cd000)]
  0x00007f0a0c0b07e0 JavaThread "Monitor Deflation Thread" daemon [_thread_blocked, id=54, stack(0x00007f09f2ecd000,0x00007f09f2fcd000)]
=>0x00007f0a0c0b21d0 JavaThread "JVMCI-native CompilerThread0" daemon [_thread_in_vm, id=55, stack(0x00007f09f2ccd000,0x00007f09f2ecd000)]
  0x00007f0a0c0b36e0 JavaThread "C1 CompilerThread0" daemon [_thread_blocked, id=56, stack(0x00007f09f2acd000,0x00007f09f2ccd000)]
  0x00007f0a0c0b4b30 JavaThread "Sweeper thread" daemon [_thread_blocked, id=57, stack(0x00007f09f29cd000,0x00007f09f2acd000)]
  0x00007f0a0c0e0440 JavaThread "Common-Cleaner" daemon [_thread_blocked, id=59, stack(0x00007f09f28cd000,0x00007f09f29cd000)]
  0x00007f0a0c128ce0 JavaThread "Notification Thread" daemon [_thread_blocked, id=61, stack(0x00007f09f27cd000,0x00007f09f28cd000)]
  0x00007f0a0c3341c0 JavaThread "Active Thread: Equinox Container: 1f3ea533-8435-4100-ba09-ba1dc9b6a762" [_thread_blocked, id=75, stack(0x00007f09f25a9000,0x00007f09f26a9000)]
  0x00007f0a0c3677c0 JavaThread "Framework Event Dispatcher: Equinox Container: 1f3ea533-8435-4100-ba09-ba1dc9b6a762" daemon [_thread_blocked, id=78, stack(0x00007f09f0100000,0x00007f09f0200000)]
  0x00007f0a0c3694a0 JavaThread "Start Level: Equinox Container: 1f3ea533-8435-4100-ba09-ba1dc9b6a762" daemon [_thread_blocked, id=82, stack(0x00007f09bad00000,0x00007f09bae00000)]
  0x00007f0a0c1abaf0 JavaThread "Refresh Thread: Equinox Container: 1f3ea533-8435-4100-ba09-ba1dc9b6a762" daemon [_thread_blocked, id=86, stack(0x00007f09bab00000,0x00007f09bac00000)]
  0x00007f09a0017080 JavaThread "SCR Component Actor" daemon [_thread_blocked, id=87, stack(0x00007f09ba900000,0x00007f09baa00000)]
  0x00007f09a02a21c0 JavaThread "Worker-JM" [_thread_blocked, id=97, stack(0x00007f09ba500000,0x00007f09ba600000)]
  0x00007f09a0607050 JavaThread "Bundle File Closer" daemon [_thread_blocked, id=109, stack(0x00007f09b9d00000,0x00007f09b9e00000)]
  0x00007f0a0c3932e0 JavaThread "pool-3-thread-1" [_thread_blocked, id=110, stack(0x00007f09b9b00000,0x00007f09b9c00000)]
  0x00007f0a0c4c1560 JavaThread "pool-2-thread-1" [_thread_blocked, id=115, stack(0x00007f09b9700000,0x00007f09b9800000)]
  0x00007f0974001200 JavaThread "Worker-5" [_thread_blocked, id=141, stack(0x00007f09b9100000,0x00007f09b9200000)]
  0x00007f09780e0fb0 JavaThread "Worker-7: Java indexing... " [_thread_blocked, id=181, stack(0x00007f09ba700000,0x00007f09ba800000)]
  0x00007f097c0c49b0 JavaThread "Thread-12" [_thread_blocked, id=390, stack(0x00007f09ba200000,0x00007f09ba300000)]
  0x00007f098c05eb00 JavaThread "Java indexing" daemon [_thread_blocked, id=885, stack(0x00007f09b8f00000,0x00007f09b9000000)]
  0x00007f0970000ff0 JavaThread "Worker-9: Periodic workspace save." [_thread_blocked, id=920, stack(0x00007f09f0000000,0x00007f09f0100000)]
  0x00007f097c1285c0 JavaThread "Thread-45" [_thread_blocked, id=1022, stack(0x00007f09b9200000,0x00007f09b9300000)]
  0x00007f097c0baf60 JavaThread "Thread-50" [_thread_blocked, id=3156, stack(0x00007f09ba100000,0x00007f09ba200000)]
  0x00007f097c129d60 JavaThread "Thread-51" [_thread_blocked, id=3969, stack(0x00007f09b9500000,0x00007f09b9600000)]

Other Threads:
  0x00007f0a0c0a1c10 VMThread "VM Thread" [stack: 0x00007f0a10230000,0x00007f0a10330000] [id=49] _threads_hazard_ptr=0x00007f097c122560
  0x00007f0a0c12a680 WatcherThread [stack: 0x00007f09f26cd000,0x00007f09f27cd000] [id=62]
  0x00007f0a0c03df30 GCTaskThread "GC Thread#0" [stack: 0x00007f0a124fa000,0x00007f0a125fa000] [id=48]

Threads with active compile tasks:
JVMCI-native CompilerThread0  1812895 14473       4       org.eclipse.core.runtime.Path::append (150 bytes)

VM state: synchronizing (normal execution)

VM Mutex/Monitor currently owned by a thread:  ([mutex/lock_event])
[0x00007f0a0c023840] Threads_lock - owner thread: 0x00007f0a0c0a1c10
[0x00007f0a0c023ff0] Heap_lock - owner thread: 0x00007f0970000ff0

OutOfMemory and StackOverflow Exception counts:
OutOfMemoryError java_heap_errors=4
LinkageErrors=49

Heap address: 0x00000000e0000000, size: 512 MB, Compressed Oops mode: 32-bit

CDS archive(s) mapped at: [0x0000000800000000-0x0000000800bc8000-0x0000000800bc8000), size 12353536, SharedBaseAddress: 0x0000000800000000, ArchiveRelocationMode: 0.
Compressed class space mapped at: 0x0000000800c00000-0x0000000840c00000, reserved size: 1073741824
Narrow klass base: 0x0000000800000000, Narrow klass shift: 0, Narrow klass range: 0x100000000

GC Precious Log:
 CPUs: 8 total, 1 available
 Memory: 1024M
 Large Page Support: Disabled
 NUMA Support: Disabled
 Compressed Oops: Enabled (32-bit)
 Alignments: Space 512K, Generation 512K, Heap 2M
 Heap Min Capacity: 100M
 Heap Initial Capacity: 100M
 Heap Max Capacity: 512M
 Pre-touch: Disabled
 Parallel Workers: 1

Heap:
 PSYoungGen      total 40448K, used 30208K [0x00000000f5580000, 0x00000000f8800000, 0x0000000100000000)
  eden space 30208K, 100% used [0x00000000f5580000,0x00000000f7300000,0x00000000f7300000)
  from space 10240K, 0% used [0x00000000f7300000,0x00000000f7300000,0x00000000f7d00000)
  to   space 10240K, 0% used [0x00000000f7e00000,0x00000000f7e00000,0x00000000f8800000)
 ParOldGen       total 349696K, used 349694K [0x00000000e0000000, 0x00000000f5580000, 0x00000000f5580000)
  object space 349696K, 99% used [0x00000000e0000000,0x00000000f557f8e0,0x00000000f5580000)
 Metaspace       used 64385K, committed 65152K, reserved 1114112K
  class space    used 5867K, committed 6208K, reserved 1048576K

Card table byte_map: [0x00007f0a125fa000,0x00007f0a126fb000] _byte_map_base: 0x00007f0a11efa000

Marking Bits: (ParMarkBitMap*) 0x00007f0a13d4a4c0
 Begin Bits: [0x00007f0a1144d000, 0x00007f0a11c4d000)
 End Bits:   [0x00007f0a11c4d000, 0x00007f0a1244d000)

Polling page: 0x00007f0a12914000

Metaspace:

Usage:
  Non-class:     57.15 MB used.
      Class:      5.73 MB used.
       Both:     62.88 MB used.

Virtual space:
  Non-class space:       64.00 MB reserved,      57.56 MB ( 90%) committed,  8 nodes.
      Class space:        1.00 GB reserved,       6.06 MB ( <1%) committed,  1 nodes.
             Both:        1.06 GB reserved,      63.62 MB (  6%) committed. 

Chunk freelists:
   Non-Class:  2.00 MB
       Class:  1.96 MB
        Both:  3.96 MB

MaxMetaspaceSize: unlimited
CompressedClassSpaceSize: 1.00 GB
Initial GC threshold: 21.00 MB
Current GC threshold: 106.06 MB
CDS: on
MetaspaceReclaimPolicy: balanced
 - commit_granule_bytes: 65536.
 - commit_granule_words: 8192.
 - virtual_space_node_default_size: 1048576.
 - enlarge_chunks_in_place: 1.
 - new_chunks_are_fully_committed: 0.
 - uncommit_free_chunks: 1.
 - use_allocation_guard: 0.
 - handle_deallocations: 1.


Internal statistics:

num_allocs_failed_limit: 6.
num_arena_births: 434.
num_arena_deaths: 110.
num_vsnodes_births: 9.
num_vsnodes_deaths: 0.
num_space_committed: 1014.
num_space_uncommitted: 0.
num_chunks_returned_to_freelist: 165.
num_chunks_taken_from_freelist: 2941.
num_chunk_merges: 60.
num_chunk_splits: 1907.
num_chunks_enlarged: 1203.
num_purges: 28.
num_inconsistent_stats: 0.

CodeHeap 'non-profiled nmethods': size=120036Kb used=3551Kb max_used=3551Kb free=116484Kb
 bounds [0x00007f09faf7a000, 0x00007f09fb2fa000, 0x00007f0a024b3000]
CodeHeap 'profiled nmethods': size=120032Kb used=25198Kb max_used=25198Kb free=94833Kb
 bounds [0x00007f09f3a42000, 0x00007f09f52e2000, 0x00007f09faf7a000]
CodeHeap 'non-nmethods': size=5692Kb used=1406Kb max_used=1412Kb free=4285Kb
 bounds [0x00007f09f34b3000, 0x00007f09f3723000, 0x00007f09f3a42000]
 total_blobs=10746 nmethods=10008 adapters=629
 compilation: enabled
              stopped_count=0, restarted_count=0
 full_count=0

JVMCI Events (20 events):
Event: 1556.793 Thread 0x00007f0a0c0b21d0 releasing handles for JVMCI runtime 0: oop handles=43, metadata handles={total=89, live=77, blocks=43}
Event: 1556.793 Thread 0x00007f0a0c0b21d0 detached from JVMCI runtime 0
Event: 1620.421 Thread 0x00007f0a0c0b21d0 attached to JVMCI runtime 0
Event: 1620.423 Thread 0x00007f0a0c0b21d0 created JavaVM[8]@0x00007f09b879e340 for JVMCI runtime 0
Event: 1621.623 Thread 0x00007f0a0c0b21d0 initializing JVMCI runtime 0
Event: 1621.623 Thread 0x00007f0a0c0b21d0 done waiting for JavaVM references initialization in JVMCI runtime 0
Event: 1657.231 Thread 0x00007f0a0c0b21d0 initialized JVMCI runtime 0
Event: 1682.204 Thread 0x00007f0a0c0b21d0 compacted oop handles in JVMCI runtime 0 from 78 to 76
Event: 1683.426 Thread 0x00007f0a0c0b21d0 detaching from JVMCI runtime 0: releasing idle compiler thread (0 other threads still attached)
Event: 1683.426 Thread 0x00007f0a0c0b21d0 shutting down HotSpotJVMCIRuntime for JVMCI runtime 0
Event: 1683.426 Thread 0x00007f0a0c0b21d0 compacted oop handles in JVMCI runtime 0 from 76 to 56
Event: 1683.426 Thread 0x00007f0a0c0b21d0 shut down JVMCI runtime 0
Event: 1683.430 Thread 0x00007f0a0c0b21d0 destroyed JavaVM[8]@0x00007f09b879e340 for JVMCI runtime 0
Event: 1683.430 Thread 0x00007f0a0c0b21d0 compacted oop handles in JVMCI runtime 0 from 56 to 56
Event: 1683.430 Thread 0x00007f0a0c0b21d0 releasing handles for JVMCI runtime 0: oop handles=56, metadata handles={total=152, live=137, blocks=43}
Event: 1683.430 Thread 0x00007f0a0c0b21d0 detached from JVMCI runtime 0
Event: 1774.690 Thread 0x00007f0a0c0b21d0 attached to JVMCI runtime 0
Event: 1774.691 Thread 0x00007f0a0c0b21d0 created JavaVM[9]@0x00007f09b879e340 for JVMCI runtime 0
Event: 1775.919 Thread 0x00007f0a0c0b21d0 initializing JVMCI runtime 0
Event: 1775.919 Thread 0x00007f0a0c0b21d0 done waiting for JavaVM references initialization in JVMCI runtime 0

Compilation events (20 events):
Event: 1480.503 Thread 0x00007f0a0c0b36e0 nmethod 14463 0x00007f09f52d9f10 code [0x00007f09f52da0c0, 0x00007f09f52da220]
Event: 1480.504 Thread 0x00007f0a0c0b36e0 14464       3       jdk.internal.misc.Unsafe::putIntOpaque (9 bytes)
Event: 1484.403 Thread 0x00007f0a0c0b36e0 nmethod 14464 0x00007f09f52da310 code [0x00007f09f52da4a0, 0x00007f09f52da5b0]
Event: 1489.535 Thread 0x00007f0a0c0b36e0 14465       3       java.util.concurrent.locks.LockSupport::parkNanos (29 bytes)
Event: 1489.536 Thread 0x00007f0a0c0b36e0 nmethod 14465 0x00007f09f52da690 code [0x00007f09f52da860, 0x00007f09f52daa60]
Event: 1504.830 Thread 0x00007f0a0c0b36e0 14466       1       org.eclipse.osgi.internal.location.BasicLocation::isReadOnly (5 bytes)
Event: 1504.830 Thread 0x00007f0a0c0b36e0 nmethod 14466 0x00007f09fb2ed010 code [0x00007f09fb2ed1a0, 0x00007f09fb2ed270]
Event: 1520.741 Thread 0x00007f0a0c0b21d0 14467       4       org.eclipse.core.internal.events.ResourceComparator::compareLocal (59 bytes)
Event: 1552.728 Thread 0x00007f0a0c0b21d0 nmethod 14467 0x00007f09fb2ed310 code [0x00007f09fb2ed480, 0x00007f09fb2ed520]
Event: 1587.928 Thread 0x00007f0a0c0b36e0 14468       3       org.eclipse.core.internal.dtree.DataTreeNode::forwardDeltaWithOrNullIfEqual (69 bytes)
Event: 1590.494 Thread 0x00007f0a0c0b36e0 nmethod 14468 0x00007f09f52dab90 code [0x00007f09f52dadc0, 0x00007f09f52db930]
Event: 1590.494 Thread 0x00007f0a0c0b36e0 14469       3       org.eclipse.core.internal.dtree.DataTreeNode::forwardDeltaWith (466 bytes)
Event: 1590.495 Thread 0x00007f0a0c0b36e0 nmethod 14469 0x00007f09f52dbc10 code [0x00007f09f52dbf80, 0x00007f09f52deed0]
Event: 1620.421 Thread 0x00007f0a0c0b21d0 14470 %     4       org.eclipse.core.internal.dtree.DeltaDataTree::searchNodeAt @ 39 (120 bytes)
Event: 1676.749 Thread 0x00007f0a0c0b21d0 nmethod 14470% 0x00007f09fb2ed610 code [0x00007f09fb2ed8a0, 0x00007f09fb2ee980]
Event: 1676.749 Thread 0x00007f0a0c0b21d0 14471       4       java.io.DataOutputStream::writeUTF (411 bytes)
Event: 1682.204 Thread 0x00007f0a0c0b21d0 nmethod 14471 0x00007f09fb2ef590 code [0x00007f09fb2ef820, 0x00007f09fb2f0ff8]
Event: 1685.914 Thread 0x00007f0a0c0b36e0 14472       1       org.eclipse.jdt.ls.core.internal.LanguageServer::getParentProcessId (5 bytes)
Event: 1685.914 Thread 0x00007f0a0c0b36e0 nmethod 14472 0x00007f09fb2f1b10 code [0x00007f09fb2f1ca0, 0x00007f09fb2f1d70]
Event: 1774.690 Thread 0x00007f0a0c0b21d0 14473       4       org.eclipse.core.runtime.Path::append (150 bytes)

GC Heap History (20 events):
Event: 1800.423 GC heap before
{Heap before GC invocations=1576 (full 1324):
 PSYoungGen      total 40448K, used 30207K [0x00000000f5580000, 0x00000000f8800000, 0x0000000100000000)
  eden space 30208K, 99% used [0x00000000f5580000,0x00000000f72ffff8,0x00000000f7300000)
  from space 10240K, 0% used [0x00000000f7300000,0x00000000f7300000,0x00000000f7d00000)
  to   space 10240K, 0% used [0x00000000f7e00000,0x00000000f7e00000,0x00000000f8800000)
 ParOldGen       total 349696K, used 349695K [0x00000000e0000000, 0x00000000f5580000, 0x00000000f5580000)
  object space 349696K, 99% used [0x00000000e0000000,0x00000000f557fc08,0x00000000f5580000)
 Metaspace       used 64385K, committed 65152K, reserved 1114112K
  class space    used 5867K, committed 6208K, reserved 1048576K
}
Event: 1801.617 GC heap after
{Heap after GC invocations=1576 (full 1324):
 PSYoungGen      total 40448K, used 30207K [0x00000000f5580000, 0x00000000f8800000, 0x0000000100000000)
  eden space 30208K, 99% used [0x00000000f5580000,0x00000000f72fffe0,0x00000000f7300000)
  from space 10240K, 0% used [0x00000000f7e00000,0x00000000f7e00000,0x00000000f8800000)
  to   space 10240K, 0% used [0x00000000f7300000,0x00000000f7300000,0x00000000f7d00000)
 ParOldGen       total 349696K, used 349693K [0x00000000e0000000, 0x00000000f5580000, 0x00000000f5580000)
  object space 349696K, 99% used [0x00000000e0000000,0x00000000f557f768,0x00000000f5580000)
 Metaspace       used 64385K, committed 65152K, reserved 1114112K
  class space    used 5867K, committed 6208K, reserved 1048576K
}
Event: 1801.617 GC heap before
{Heap before GC invocations=1577 (full 1325):
 PSYoungGen      total 40448K, used 30207K [0x00000000f5580000, 0x00000000f8800000, 0x0000000100000000)
  eden space 30208K, 99% used [0x00000000f5580000,0x00000000f72ffff8,0x00000000f7300000)
  from space 10240K, 0% used [0x00000000f7e00000,0x00000000f7e00000,0x00000000f8800000)
  to   space 10240K, 0% used [0x00000000f7300000,0x00000000f7300000,0x00000000f7d00000)
 ParOldGen       total 349696K, used 349693K [0x00000000e0000000, 0x00000000f5580000, 0x00000000f5580000)
  object space 349696K, 99% used [0x00000000e0000000,0x00000000f557f768,0x00000000f5580000)
 Metaspace       used 64385K, committed 65152K, reserved 1114112K
  class space    used 5867K, committed 6208K, reserved 1048576K
}
Event: 1802.797 GC heap after
{Heap after GC invocations=1577 (full 1325):
 PSYoungGen      total 40448K, used 30207K [0x00000000f5580000, 0x00000000f8800000, 0x0000000100000000)
  eden space 30208K, 99% used [0x00000000f5580000,0x00000000f72ffff8,0x00000000f7300000)
  from space 10240K, 0% used [0x00000000f7300000,0x00000000f7300000,0x00000000f7d00000)
  to   space 10240K, 0% used [0x00000000f7e00000,0x00000000f7e00000,0x00000000f8800000)
 ParOldGen       total 349696K, used 349693K [0x00000000e0000000, 0x00000000f5580000, 0x00000000f5580000)
  object space 349696K, 99% used [0x00000000e0000000,0x00000000f557f768,0x00000000f5580000)
 Metaspace       used 64385K, committed 65152K, reserved 1114112K
  class space    used 5867K, committed 6208K, reserved 1048576K
}
Event: 1802.817 GC heap before
{Heap before GC invocations=1578 (full 1326):
 PSYoungGen      total 40448K, used 30207K [0x00000000f5580000, 0x00000000f8800000, 0x0000000100000000)
  eden space 30208K, 99% used [0x00000000f5580000,0x00000000f72ffff8,0x00000000f7300000)
  from space 10240K, 0% used [0x00000000f7300000,0x00000000f7300000,0x00000000f7d00000)
  to   space 10240K, 0% used [0x00000000f7e00000,0x00000000f7e00000,0x00000000f8800000)
 ParOldGen       total 349696K, used 349695K [0x00000000e0000000, 0x00000000f5580000, 0x00000000f5580000)
  object space 349696K, 99% used [0x00000000e0000000,0x00000000f557fff8,0x00000000f5580000)
 Metaspace       used 64385K, committed 65152K, reserved 1114112K
  class space    used 5867K, committed 6208K, reserved 1048576K
}
Event: 1804.228 GC heap after
{Heap after GC invocations=1578 (full 1326):
 PSYoungGen      total 40448K, used 30207K [0x00000000f5580000, 0x00000000f8800000, 0x0000000100000000)
  eden space 30208K, 99% used [0x00000000f5580000,0x00000000f72fff08,0x00000000f7300000)
  from space 10240K, 0% used [0x00000000f7e00000,0x00000000f7e00000,0x00000000f8800000)
  to   space 10240K, 0% used [0x00000000f7300000,0x00000000f7300000,0x00000000f7d00000)
 ParOldGen       total 349696K, used 349693K [0x00000000e0000000, 0x00000000f5580000, 0x00000000f5580000)
  object space 349696K, 99% used [0x00000000e0000000,0x00000000f557f7f8,0x00000000f5580000)
 Metaspace       used 64385K, committed 65152K, reserved 1114112K
  class space    used 5867K, committed 6208K, reserved 1048576K
}
Event: 1804.228 GC heap before
{Heap before GC invocations=1579 (full 1327):
 PSYoungGen      total 40448K, used 30208K [0x00000000f5580000, 0x00000000f8800000, 0x0000000100000000)
  eden space 30208K, 100% used [0x00000000f5580000,0x00000000f7300000,0x00000000f7300000)
  from space 10240K, 0% used [0x00000000f7e00000,0x00000000f7e00000,0x00000000f8800000)
  to   space 10240K, 0% used [0x00000000f7300000,0x00000000f7300000,0x00000000f7d00000)
 ParOldGen       total 349696K, used 349693K [0x00000000e0000000, 0x00000000f5580000, 0x00000000f5580000)
  object space 349696K, 99% used [0x00000000e0000000,0x00000000f557f7f8,0x00000000f5580000)
 Metaspace       used 64385K, committed 65152K, reserved 1114112K
  class space    used 5867K, committed 6208K, reserved 1048576K
}
Event: 1805.394 GC heap after
{Heap after GC invocations=1579 (full 1327):
 PSYoungGen      total 40448K, used 30207K [0x00000000f5580000, 0x00000000f8800000, 0x0000000100000000)
  eden space 30208K, 99% used [0x00000000f5580000,0x00000000f72fffc8,0x00000000f7300000)
  from space 10240K, 0% used [0x00000000f7300000,0x00000000f7300000,0x00000000f7d00000)
  to   space 10240K, 0% used [0x00000000f7e00000,0x00000000f7e00000,0x00000000f8800000)
 ParOldGen       total 349696K, used 349693K [0x00000000e0000000, 0x00000000f5580000, 0x00000000f5580000)
  object space 349696K, 99% used [0x00000000e0000000,0x00000000f557f738,0x00000000f5580000)
 Metaspace       used 64385K, committed 65152K, reserved 1114112K
  class space    used 5867K, committed 6208K, reserved 1048576K
}
Event: 1805.397 GC heap before
{Heap before GC invocations=1580 (full 1328):
 PSYoungGen      total 40448K, used 30208K [0x00000000f5580000, 0x00000000f8800000, 0x0000000100000000)
  eden space 30208K, 100% used [0x00000000f5580000,0x00000000f7300000,0x00000000f7300000)
  from space 10240K, 0% used [0x00000000f7300000,0x00000000f7300000,0x00000000f7d00000)
  to   space 10240K, 0% used [0x00000000f7e00000,0x00000000f7e00000,0x00000000f8800000)
 ParOldGen       total 349696K, used 349693K [0x00000000e0000000, 0x00000000f5580000, 0x00000000f5580000)
  object space 349696K, 99% used [0x00000000e0000000,0x00000000f557f738,0x00000000f5580000)
 Metaspace       used 64385K, committed 65152K, reserved 1114112K
  class space    used 5867K, committed 6208K, reserved 1048576K
}
Event: 1806.722 GC heap after
{Heap after GC invocations=1580 (full 1328):
 PSYoungGen      total 40448K, used 30207K [0x00000000f5580000, 0x00000000f8800000, 0x0000000100000000)
  eden space 30208K, 99% used [0x00000000f5580000,0x00000000f72fffe0,0x00000000f7300000)
  from space 10240K, 0% used [0x00000000f7e00000,0x00000000f7e00000,0x00000000f8800000)
  to   space 10240K, 0% used [0x00000000f7300000,0x00000000f7300000,0x00000000f7d00000)
 ParOldGen       total 349696K, used 349693K [0x00000000e0000000, 0x00000000f5580000, 0x00000000f5580000)
  object space 349696K, 99% used [0x00000000e0000000,0x00000000f557f738,0x00000000f5580000)
 Metaspace       used 64385K, committed 65152K, reserved 1114112K
  class space    used 5867K, committed 6208K, reserved 1048576K
}
Event: 1806.723 GC heap before
{Heap before GC invocations=1581 (full 1329):
 PSYoungGen      total 40448K, used 30207K [0x00000000f5580000, 0x00000000f8800000, 0x0000000100000000)
  eden space 30208K, 99% used [0x00000000f5580000,0x00000000f72ffff8,0x00000000f7300000)
  from space 10240K, 0% used [0x00000000f7e00000,0x00000000f7e00000,0x00000000f8800000)
  to   space 10240K, 0% used [0x00000000f7300000,0x00000000f7300000,0x00000000f7d00000)
 ParOldGen       total 349696K, used 349693K [0x00000000e0000000, 0x00000000f5580000, 0x00000000f5580000)
  object space 349696K, 99% used [0x00000000e0000000,0x00000000f557f738,0x00000000f5580000)
 Metaspace       used 64385K, committed 65152K, reserved 1114112K
  class space    used 5867K, committed 6208K, reserved 1048576K
}
Event: 1807.955 GC heap after
{Heap after GC invocations=1581 (full 1329):
 PSYoungGen      total 40448K, used 30207K [0x00000000f5580000, 0x00000000f8800000, 0x0000000100000000)
  eden space 30208K, 99% used [0x00000000f5580000,0x00000000f72fffd8,0x00000000f7300000)
  from space 10240K, 0% used [0x00000000f7300000,0x00000000f7300000,0x00000000f7d00000)
  to   space 10240K, 0% used [0x00000000f7e00000,0x00000000f7e00000,0x00000000f8800000)
 ParOldGen       total 349696K, used 349693K [0x00000000e0000000, 0x00000000f5580000, 0x00000000f5580000)
  object space 349696K, 99% used [0x00000000e0000000,0x00000000f557f738,0x00000000f5580000)
 Metaspace       used 64385K, committed 65152K, reserved 1114112K
  class space    used 5867K, committed 6208K, reserved 1048576K
}
Event: 1807.956 GC heap before
{Heap before GC invocations=1582 (full 1330):
 PSYoungGen      total 40448K, used 30208K [0x00000000f5580000, 0x00000000f8800000, 0x0000000100000000)
  eden space 30208K, 100% used [0x00000000f5580000,0x00000000f7300000,0x00000000f7300000)
  from space 10240K, 0% used [0x00000000f7300000,0x00000000f7300000,0x00000000f7d00000)
  to   space 10240K, 0% used [0x00000000f7e00000,0x00000000f7e00000,0x00000000f8800000)
 ParOldGen       total 349696K, used 349695K [0x00000000e0000000, 0x00000000f5580000, 0x00000000f5580000)
  object space 349696K, 99% used [0x00000000e0000000,0x00000000f557ffc0,0x00000000f5580000)
 Metaspace       used 64385K, committed 65152K, reserved 1114112K
  class space    used 5867K, committed 6208K, reserved 1048576K
}
Event: 1809.230 GC heap after
{Heap after GC invocations=1582 (full 1330):
 PSYoungGen      total 40448K, used 30207K [0x00000000f5580000, 0x00000000f8800000, 0x0000000100000000)
  eden space 30208K, 99% used [0x00000000f5580000,0x00000000f72fff80,0x00000000f7300000)
  from space 10240K, 0% used [0x00000000f7e00000,0x00000000f7e00000,0x00000000f8800000)
  to   space 10240K, 0% used [0x00000000f7300000,0x00000000f7300000,0x00000000f7d00000)
 ParOldGen       total 349696K, used 349693K [0x00000000e0000000, 0x00000000f5580000, 0x00000000f5580000)
  object space 349696K, 99% used [0x00000000e0000000,0x00000000f557f750,0x00000000f5580000)
 Metaspace       used 64385K, committed 65152K, reserved 1114112K
  class space    used 5867K, committed 6208K, reserved 1048576K
}
Event: 1809.230 GC heap before
{Heap before GC invocations=1583 (full 1331):
 PSYoungGen      total 40448K, used 30207K [0x00000000f5580000, 0x00000000f8800000, 0x0000000100000000)
  eden space 30208K, 99% used [0x00000000f5580000,0x00000000f72fff80,0x00000000f7300000)
  from space 10240K, 0% used [0x00000000f7e00000,0x00000000f7e00000,0x00000000f8800000)
  to   space 10240K, 0% used [0x00000000f7300000,0x00000000f7300000,0x00000000f7d00000)
 ParOldGen       total 349696K, used 349693K [0x00000000e0000000, 0x00000000f5580000, 0x00000000f5580000)
  object space 349696K, 99% used [0x00000000e0000000,0x00000000f557f750,0x00000000f5580000)
 Metaspace       used 64385K, committed 65152K, reserved 1114112K
  class space    used 5867K, committed 6208K, reserved 1048576K
}
Event: 1810.392 GC heap after
{Heap after GC invocations=1583 (full 1331):
 PSYoungGen      total 40448K, used 30207K [0x00000000f5580000, 0x00000000f8800000, 0x0000000100000000)
  eden space 30208K, 99% used [0x00000000f5580000,0x00000000f72fff80,0x00000000f7300000)
  from space 10240K, 0% used [0x00000000f7300000,0x00000000f7300000,0x00000000f7d00000)
  to   space 10240K, 0% used [0x00000000f7e00000,0x00000000f7e00000,0x00000000f8800000)
 ParOldGen       total 349696K, used 349693K [0x00000000e0000000, 0x00000000f5580000, 0x00000000f5580000)
  object space 349696K, 99% used [0x00000000e0000000,0x00000000f557f750,0x00000000f5580000)
 Metaspace       used 64385K, committed 65152K, reserved 1114112K
  class space    used 5867K, committed 6208K, reserved 1048576K
}
Event: 1810.392 GC heap before
{Heap before GC invocations=1584 (full 1332):
 PSYoungGen      total 40448K, used 30207K [0x00000000f5580000, 0x00000000f8800000, 0x0000000100000000)
  eden space 30208K, 99% used [0x00000000f5580000,0x00000000f72fffd8,0x00000000f7300000)
  from space 10240K, 0% used [0x00000000f7300000,0x00000000f7300000,0x00000000f7d00000)
  to   space 10240K, 0% used [0x00000000f7e00000,0x00000000f7e00000,0x00000000f8800000)
 ParOldGen       total 349696K, used 349693K [0x00000000e0000000, 0x00000000f5580000, 0x00000000f5580000)
  object space 349696K, 99% used [0x00000000e0000000,0x00000000f557f750,0x00000000f5580000)
 Metaspace       used 64385K, committed 65152K, reserved 1114112K
  class space    used 5867K, committed 6208K, reserved 1048576K
}
Event: 1811.536 GC heap after
{Heap after GC invocations=1584 (full 1332):
 PSYoungGen      total 40448K, used 30207K [0x00000000f5580000, 0x00000000f8800000, 0x0000000100000000)
  eden space 30208K, 99% used [0x00000000f5580000,0x00000000f72fffd8,0x00000000f7300000)
  from space 10240K, 0% used [0x00000000f7e00000,0x00000000f7e00000,0x00000000f8800000)
  to   space 10240K, 0% used [0x00000000f7300000,0x00000000f7300000,0x00000000f7d00000)
 ParOldGen       total 349696K, used 349693K [0x00000000e0000000, 0x00000000f5580000, 0x00000000f5580000)
  object space 349696K, 99% used [0x00000000e0000000,0x00000000f557f750,0x00000000f5580000)
 Metaspace       used 64385K, committed 65152K, reserved 1114112K
  class space    used 5867K, committed 6208K, reserved 1048576K
}
Event: 1811.536 GC heap before
{Heap before GC invocations=1585 (full 1333):
 PSYoungGen      total 40448K, used 30207K [0x00000000f5580000, 0x00000000f8800000, 0x0000000100000000)
  eden space 30208K, 99% used [0x00000000f5580000,0x00000000f72fffd8,0x00000000f7300000)
  from space 10240K, 0% used [0x00000000f7e00000,0x00000000f7e00000,0x00000000f8800000)
  to   space 10240K, 0% used [0x00000000f7300000,0x00000000f7300000,0x00000000f7d00000)
 ParOldGen       total 349696K, used 349693K [0x00000000e0000000, 0x00000000f5580000, 0x00000000f5580000)
  object space 349696K, 99% used [0x00000000e0000000,0x00000000f557f750,0x00000000f5580000)
 Metaspace       used 64385K, committed 65152K, reserved 1114112K
  class space    used 5867K, committed 6208K, reserved 1048576K
}
Event: 1812.801 GC heap after
{Heap after GC invocations=1585 (full 1333):
 PSYoungGen      total 40448K, used 30207K [0x00000000f5580000, 0x00000000f8800000, 0x0000000100000000)
  eden space 30208K, 99% used [0x00000000f5580000,0x00000000f72fffd8,0x00000000f7300000)
  from space 10240K, 0% used [0x00000000f7300000,0x00000000f7300000,0x00000000f7d00000)
  to   space 10240K, 0% used [0x00000000f7e00000,0x00000000f7e00000,0x00000000f8800000)
 ParOldGen       total 349696K, used 349693K [0x00000000e0000000, 0x00000000f5580000, 0x00000000f5580000)
  object space 349696K, 99% used [0x00000000e0000000,0x00000000f557f750,0x00000000f5580000)
 Metaspace       used 64385K, committed 65152K, reserved 1114112K
  class space    used 5867K, committed 6208K, reserved 1048576K
}

Dll operation events (9 events):
Event: 0.002 Loaded shared library /nix/store/gpxl5qgg8kicmcvivwmybwjlpf7wh20l-graalvm17-ce-22.3.0/lib/libjava.so
Event: 0.008 Loaded shared library /nix/store/gpxl5qgg8kicmcvivwmybwjlpf7wh20l-graalvm17-ce-22.3.0/lib/libjsvml.so
Event: 0.394 Loaded shared library /nix/store/gpxl5qgg8kicmcvivwmybwjlpf7wh20l-graalvm17-ce-22.3.0/lib/libnio.so
Event: 0.398 Loaded shared library /nix/store/gpxl5qgg8kicmcvivwmybwjlpf7wh20l-graalvm17-ce-22.3.0/lib/libzip.so
Event: 0.400 Loaded shared library /nix/store/gpxl5qgg8kicmcvivwmybwjlpf7wh20l-graalvm17-ce-22.3.0/lib/libjvmcicompiler.so
Event: 0.905 Loaded shared library /nix/store/gpxl5qgg8kicmcvivwmybwjlpf7wh20l-graalvm17-ce-22.3.0/lib/libjimage.so
Event: 1.711 Loaded shared library /nix/store/gpxl5qgg8kicmcvivwmybwjlpf7wh20l-graalvm17-ce-22.3.0/lib/libnet.so
Event: 6.395 Loaded shared library /home/runner/.cache/jdt-language-server/config/org.eclipse.equinox.launcher/org.eclipse.equinox.launcher.gtk.linux.x86_64_1.2.400.v20211117-0650/eclipse_11600.so
Event: 14.989 Loaded shared library /nix/store/gpxl5qgg8kicmcvivwmybwjlpf7wh20l-graalvm17-ce-22.3.0/lib/libextnet.so

Deoptimization events (20 events):
Event: 275.891 Thread 0x00007f09700a42d0 DEOPT PACKING pc=0x00007f09f4e0d739 sp=0x00007f09b94fe380
Event: 275.891 Thread 0x00007f09700a42d0 DEOPT UNPACKING pc=0x00007f09f3505325 sp=0x00007f09b94fd838 mode 0
Event: 277.895 Thread 0x00007f0974001200 Uncommon trap: trap_request=0xffffffed fr.pc=0x00007f09fb20c8e1 relative=0x0000000000000161
Event: 277.895 Thread 0x00007f0974001200 Uncommon trap: reason=null_assert_or_unreached0 action=reinterpret pc=0x00007f09fb20c8e1 method=org.eclipse.jdt.core.Signature.checkArrayDimension([CII)I @ 85 jvmci
Event: 277.895 Thread 0x00007f0974001200 DEOPT PACKING pc=0x00007f09fb20c8e1 sp=0x00007f09b91fd0d0
Event: 277.895 Thread 0x00007f0974001200 DEOPT UNPACKING pc=0x00007f09f3505325 sp=0x00007f09b91fc558 mode 3
Event: 277.895 Thread 0x00007f0974001200 Uncommon trap: trap_request=0xffffffed fr.pc=0x00007f09fb20cfb2 relative=0x0000000000000372
Event: 277.895 Thread 0x00007f0974001200 Uncommon trap: reason=null_assert_or_unreached0 action=reinterpret pc=0x00007f09fb20cfb2 method=org.eclipse.jdt.core.Signature.encodeQualifiedName([CIILjava/lang/StringBuffer;)I @ 183 jvmci
Event: 277.895 Thread 0x00007f0974001200 DEOPT PACKING pc=0x00007f09fb20cfb2 sp=0x00007f09b91fd0b0
Event: 277.895 Thread 0x00007f0974001200 DEOPT UNPACKING pc=0x00007f09f3505325 sp=0x00007f09b91fc538 mode 3
Event: 279.292 Thread 0x00007f0970000ff0 DEOPT PACKING pc=0x00007f09f3ecaae4 sp=0x00007f09f00fcb00
Event: 279.292 Thread 0x00007f0970000ff0 DEOPT UNPACKING pc=0x00007f09f3505325 sp=0x00007f09f00fbfd0 mode 0
Event: 282.719 Thread 0x00007f0a0c0b21d0 Uncommon trap: trap_request=0xffffffcd fr.pc=0x00007f09fb17e022 relative=0x0000000000000f22
Event: 282.719 Thread 0x00007f0a0c0b21d0 Uncommon trap: reason=intrinsic_or_type_checked_inlining action=reinterpret pc=0x00007f09fb17e022 method=java.io.DataOutputStream.write([BII)V @ 0 jvmci
Event: 282.719 Thread 0x00007f0a0c0b21d0 DEOPT PACKING pc=0x00007f09fb17e022 sp=0x00007f09f2ecafd0
Event: 282.719 Thread 0x00007f0a0c0b21d0 DEOPT UNPACKING pc=0x00007f09f3505325 sp=0x00007f09f2eca3b8 mode 3
Event: 1810.392 Thread 0x00007f0a0c0b21d0 Uncommon trap: trap_request=0xffffff8f fr.pc=0x00007f09fb043b9b relative=0x000000000000017b
Event: 1810.392 Thread 0x00007f0a0c0b21d0 Uncommon trap: reason=constraint action=none pc=0x00007f09fb043b9b method=java.io.ByteArrayOutputStream.<init>(I)V @ 0 jvmci
Event: 1810.392 Thread 0x00007f0a0c0b21d0 DEOPT PACKING pc=0x00007f09fb043b9b sp=0x00007f09f2ecb020
Event: 1810.392 Thread 0x00007f0a0c0b21d0 DEOPT UNPACKING pc=0x00007f09f3505325 sp=0x00007f09f2eca4c8 mode 3

Classes unloaded (20 events):
Event: 220.034 Thread 0x00007f0a0c0a1c10 Unloading class 0x000000080110d400 'jdk/internal/reflect/GeneratedConstructorAccessor33'
Event: 220.034 Thread 0x00007f0a0c0a1c10 Unloading class 0x000000080110d000 'jdk/internal/reflect/GeneratedConstructorAccessor32'
Event: 220.034 Thread 0x00007f0a0c0a1c10 Unloading class 0x000000080110cc00 'jdk/internal/reflect/GeneratedConstructorAccessor31'
Event: 220.034 Thread 0x00007f0a0c0a1c10 Unloading class 0x000000080110c800 'jdk/internal/reflect/GeneratedConstructorAccessor30'
Event: 220.034 Thread 0x00007f0a0c0a1c10 Unloading class 0x000000080110c400 'jdk/internal/reflect/GeneratedConstructorAccessor29'
Event: 409.615 Thread 0x00007f0a0c0a1c10 Unloading class 0x000000080120cc00 'jdk/internal/reflect/GeneratedSerializationConstructorAccessor8'
Event: 409.615 Thread 0x00007f0a0c0a1c10 Unloading class 0x000000080120c800 'jdk/internal/reflect/GeneratedSerializationConstructorAccessor7'
Event: 409.615 Thread 0x00007f0a0c0a1c10 Unloading class 0x000000080120c400 'jdk/internal/reflect/GeneratedSerializationConstructorAccessor6'
Event: 409.615 Thread 0x00007f0a0c0a1c10 Unloading class 0x000000080120c000 'jdk/internal/reflect/GeneratedSerializationConstructorAccessor5'
Event: 413.314 Thread 0x00007f0a0c0a1c10 Unloading class 0x00000008011e5c00 'jdk/internal/reflect/GeneratedConstructorAccessor52'
Event: 413.314 Thread 0x00007f0a0c0a1c10 Unloading class 0x00000008011cc000 'jdk/internal/reflect/GeneratedConstructorAccessor41'
Event: 416.136 Thread 0x00007f0a0c0a1c10 Unloading class 0x0000000800d99000 'jdk/internal/reflect/GeneratedConstructorAccessor46'
Event: 416.136 Thread 0x00007f0a0c0a1c10 Unloading class 0x0000000800ee4800 'jdk/internal/reflect/GeneratedConstructorAccessor45'
Event: 416.136 Thread 0x00007f0a0c0a1c10 Unloading class 0x0000000800ee5000 'jdk/internal/reflect/GeneratedConstructorAccessor44'
Event: 416.136 Thread 0x00007f0a0c0a1c10 Unloading class 0x0000000800d04000 'jdk/internal/reflect/GeneratedConstructorAccessor43'
Event: 416.136 Thread 0x00007f0a0c0a1c10 Unloading class 0x000000080110c400 'jdk/internal/reflect/GeneratedConstructorAccessor42'
Event: 1338.091 Thread 0x00007f0a0c0a1c10 Unloading class 0x0000000800ee5000 'jdk/internal/reflect/GeneratedSerializationConstructorAccessor11'
Event: 1350.389 Thread 0x00007f0a0c0a1c10 Unloading class 0x0000000800ee4800 'jdk/internal/reflect/GeneratedSerializationConstructorAccessor10'
Event: 1350.389 Thread 0x00007f0a0c0a1c10 Unloading class 0x0000000800d99000 'jdk/internal/reflect/GeneratedSerializationConstructorAccessor9'
Event: 1491.812 Thread 0x00007f0a0c0a1c10 Unloading class 0x0000000800d04000 'jdk/internal/reflect/GeneratedSerializationConstructorAccessor12'

Classes redefined (0 events):
No events

Internal exceptions (20 events):
Event: 275.996 Thread 0x00007f0978001130 Exception <a 'sun/nio/fs/UnixException'{0x00000000f71da310}> (0x00000000f71da310) 
thrown [src/hotspot/share/prims/jni.cpp, line 516]
Event: 276.091 Thread 0x00007f0978001130 Exception <a 'sun/nio/fs/UnixException'{0x00000000f71e1f80}> (0x00000000f71e1f80) 
thrown [src/hotspot/share/prims/jni.cpp, line 516]
Event: 276.097 Thread 0x00007f0978001130 Exception <a 'sun/nio/fs/UnixException'{0x00000000f71e7660}> (0x00000000f71e7660) 
thrown [src/hotspot/share/prims/jni.cpp, line 516]
Event: 276.100 Thread 0x00007f0978001130 Exception <a 'sun/nio/fs/UnixException'{0x00000000f71ec2b8}> (0x00000000f71ec2b8) 
thrown [src/hotspot/share/prims/jni.cpp, line 516]
Event: 276.101 Thread 0x00007f0978001130 Exception <a 'sun/nio/fs/UnixException'{0x00000000f72e68b8}> (0x00000000f72e68b8) 
thrown [src/hotspot/share/prims/jni.cpp, line 516]
Event: 277.587 Thread 0x00007f0978001130 Exception <a 'sun/nio/fs/UnixException'{0x00000000f68ab290}> (0x00000000f68ab290) 
thrown [src/hotspot/share/prims/jni.cpp, line 516]
Event: 277.587 Thread 0x00007f0978001130 Exception <a 'sun/nio/fs/UnixException'{0x00000000f68afe10}> (0x00000000f68afe10) 
thrown [src/hotspot/share/prims/jni.cpp, line 516]
Event: 277.992 Thread 0x00007f0978001130 Exception <a 'sun/nio/fs/UnixException'{0x00000000f68b4a80}> (0x00000000f68b4a80) 
thrown [src/hotspot/share/prims/jni.cpp, line 516]
Event: 277.993 Thread 0x00007f0978001130 Exception <a 'sun/nio/fs/UnixException'{0x00000000f68b9660}> (0x00000000f68b9660) 
thrown [src/hotspot/share/prims/jni.cpp, line 516]
Event: 277.993 Thread 0x00007f0978001130 Exception <a 'sun/nio/fs/UnixException'{0x00000000f68bcde8}> (0x00000000f68bcde8) 
thrown [src/hotspot/share/prims/jni.cpp, line 516]
Event: 277.994 Thread 0x00007f0978001130 Exception <a 'sun/nio/fs/UnixException'{0x00000000f6ff3ba0}> (0x00000000f6ff3ba0) 
thrown [src/hotspot/share/prims/jni.cpp, line 516]
Event: 277.994 Thread 0x00007f0978001130 Exception <a 'sun/nio/fs/UnixException'{0x00000000f6ff9260}> (0x00000000f6ff9260) 
thrown [src/hotspot/share/prims/jni.cpp, line 516]
Event: 277.995 Thread 0x00007f0978001130 Exception <a 'sun/nio/fs/UnixException'{0x00000000f6ffe098}> (0x00000000f6ffe098) 
thrown [src/hotspot/share/prims/jni.cpp, line 516]
Event: 279.390 Thread 0x00007f0970000ff0 Exception <a 'java/lang/NoSuchMethodError'{0x00000000f6e5d230}: 'java.lang.Object java.lang.invoke.DirectMethodHandle$Holder.invokeStatic(java.lang.Object, java.lang.Object, java.lang.Object, long)'> (0x00000000f6e5d230) 
thrown [src/hotspot/share/interpreter/linkResolver.cpp, line 758]
Event: 279.391 Thread 0x00007f0970000ff0 Exception <a 'java/lang/NoSuchMethodError'{0x00000000f6e68e08}: 'java.lang.Object java.lang.invoke.DirectMethodHandle$Holder.newInvokeSpecial(java.lang.Object, java.lang.Object, java.lang.Object, long)'> (0x00000000f6e68e08) 
thrown [src/hotspot/share/interpreter/linkResolver.cpp, line 758]
Event: 279.391 Thread 0x00007f0970000ff0 Exception <a 'java/lang/NoSuchMethodError'{0x00000000f6e6cf20}: 'java.lang.Object java.lang.invoke.DirectMethodHandle$Holder.invokeSpecial(java.lang.Object, java.lang.Object, java.lang.Object, java.lang.Object, long)'> (0x00000000f6e6cf20) 
thrown [src/hotspot/share/interpreter/linkResolver.cpp, line 758]
Event: 279.391 Thread 0x00007f0970000ff0 Exception <a 'java/lang/NoSuchMethodError'{0x00000000f6e70a90}: 'java.lang.Object java.lang.invoke.Invokers$Holder.linkToTargetMethod(java.lang.Object, java.lang.Object, long, java.lang.Object)'> (0x00000000f6e70a90) 
thrown [src/hotspot/share/interpreter/linkResolver.cpp, line 758]
Event: 1810.392 Thread 0x00007f0a0c0b21d0 Exception <a 'java/lang/OutOfMemoryError'{0x00000000e0003dd0}> (0x00000000e0003dd0) 
thrown [src/hotspot/share/gc/shared/memAllocator.cpp, line 138]
Event: 1810.392 Thread 0x00007f0a0c0b21d0 Implicit null exception at 0x00007f09fb043b51 to 0x00007f09fb043b80
Event: 1812.802 Thread 0x00007f0a0c0b21d0 Exception <a 'java/lang/OutOfMemoryError'{0x00000000e00040f0}> (0x00000000e00040f0) 
thrown [src/hotspot/share/gc/shared/memAllocator.cpp, line 136]

VM Operations (20 events):
Event: 1798.112 Executing VM operation: ParallelGCFailedAllocation
Event: 1799.334 Executing VM operation: ParallelGCFailedAllocation done
Event: 1799.335 Executing VM operation: ParallelGCFailedAllocation
Event: 1800.423 Executing VM operation: ParallelGCFailedAllocation done
Event: 1800.423 Executing VM operation: ParallelGCFailedAllocation
Event: 1801.617 Executing VM operation: ParallelGCFailedAllocation done
Event: 1801.617 Executing VM operation: ParallelGCFailedAllocation
Event: 1802.798 Executing VM operation: ParallelGCFailedAllocation done
Event: 1802.817 Executing VM operation: ParallelGCFailedAllocation
Event: 1804.228 Executing VM operation: ParallelGCFailedAllocation done
Event: 1804.228 Executing VM operation: ParallelGCFailedAllocation
Event: 1805.394 Executing VM operation: ParallelGCFailedAllocation done
Event: 1805.397 Executing VM operation: ParallelGCFailedAllocation
Event: 1806.723 Executing VM operation: ParallelGCFailedAllocation done
Event: 1806.723 Executing VM operation: ParallelGCFailedAllocation
Event: 1807.955 Executing VM operation: ParallelGCFailedAllocation done
Event: 1807.955 Executing VM operation: ParallelGCFailedAllocation
Event: 1810.392 Executing VM operation: ParallelGCFailedAllocation done
Event: 1810.392 Executing VM operation: ParallelGCFailedAllocation
Event: 1812.801 Executing VM operation: ParallelGCFailedAllocation done

Events (20 events):
Event: 275.300 Thread 0x00007f09700a42d0 Thread added: 0x00007f09700a42d0
Event: 275.300 Protecting memory [0x00007f09b9400000,0x00007f09b9404000] with protection modes 0
Event: 275.300 Thread 0x00007f09700a4970 Thread added: 0x00007f09700a4970
Event: 275.300 Protecting memory [0x00007f09b9e00000,0x00007f09b9e04000] with protection modes 0
Event: 275.394 Thread 0x00007f09700a42d0 Thread exited: 0x00007f09700a42d0
Event: 275.394 Thread 0x00007f09700a4970 Thread exited: 0x00007f09700a4970
Event: 275.486 Thread 0x00007f09700a42d0 Thread added: 0x00007f09700a42d0
Event: 275.486 Protecting memory [0x00007f09b9400000,0x00007f09b9404000] with protection modes 0
Event: 277.889 Thread 0x00007f09700a42d0 Thread exited: 0x00007f09700a42d0
Event: 344.712 Thread 0x00007f09a0304620 Thread exited: 0x00007f09a0304620
Event: 344.712 Thread 0x00007f0988001220 Thread exited: 0x00007f0988001220
Event: 411.190 Thread 0x00007f0978001130 Thread exited: 0x00007f0978001130
Event: 462.891 Thread 0x00007f09940010d0 Thread exited: 0x00007f09940010d0
Event: 890.803 Thread 0x00007f097c0baf60 Thread added: 0x00007f097c0baf60
Event: 890.803 Protecting memory [0x00007f09ba100000,0x00007f09ba104000] with protection modes 0
Event: 949.633 Thread 0x00007f0950024e50 Thread added: 0x00007f0950024e50
Event: 949.634 Protecting memory [0x00007f09b9500000,0x00007f09b9504000] with protection modes 0
Event: 971.002 Thread 0x00007f0950024e50 Thread exited: 0x00007f0950024e50
Event: 1117.325 Thread 0x00007f097c129d60 Thread added: 0x00007f097c129d60
Event: 1117.325 Protecting memory [0x00007f09b9500000,0x00007f09b9504000] with protection modes 0


Dynamic libraries:
e0000000-f5580000 rw-p 00000000 00:00 0 
f5580000-f8800000 rw-p 00000000 00:00 0 
f8800000-100000000 ---p 00000000 00:00 0 
800000000-800449000 rw-p 00001000 00:16a4 4611686019135357769            /nix/store/gpxl5qgg8kicmcvivwmybwjlpf7wh20l-graalvm17-ce-22.3.0/lib/server/classes.jsa
800449000-800bc8000 r--p 0044a000 00:16a4 4611686019135357769            /nix/store/gpxl5qgg8kicmcvivwmybwjlpf7wh20l-graalvm17-ce-22.3.0/lib/server/classes.jsa
800bc8000-800c00000 ---p 00000000 00:00 0 
800c00000-800c20000 rw-p 00000000 00:00 0 
800c20000-800c40000 rw-p 00000000 00:00 0 
800c40000-800cc0000 rw-p 00000000 00:00 0 
800cc0000-800d00000 rw-p 00000000 00:00 0 
800d00000-800dc0000 rw-p 00000000 00:00 0 
800dc0000-800e00000 rw-p 00000000 00:00 0 
800e00000-800f40000 rw-p 00000000 00:00 0 
800f40000-800fc0000 rw-p 00000000 00:00 0 
800fc0000-801000000 rw-p 00000000 00:00 0 
801000000-801210000 rw-p 00000000 00:00 0 
801210000-840c00000 ---p 00000000 00:00 0 
563719b1e000-563719b1f000 r-xp 00000000 00:16a4 4611686019099417844      /nix/store/gpxl5qgg8kicmcvivwmybwjlpf7wh20l-graalvm17-ce-22.3.0/bin/.java-wrapped
563719b20000-563719b21000 r--p 00001000 00:16a4 4611686019099417844      /nix/store/gpxl5qgg8kicmcvivwmybwjlpf7wh20l-graalvm17-ce-22.3.0/bin/.java-wrapped
563719b21000-563719b22000 rw-p 00002000 00:16a4 4611686019099417844      /nix/store/gpxl5qgg8kicmcvivwmybwjlpf7wh20l-graalvm17-ce-22.3.0/bin/.java-wrapped
563719b22000-563719b23000 rw-p 00004000 00:16a4 4611686019099417844      /nix/store/gpxl5qgg8kicmcvivwmybwjlpf7wh20l-graalvm17-ce-22.3.0/bin/.java-wrapped
563719b23000-563719b24000 rw-p 00005000 00:16a4 4611686019099417844      /nix/store/gpxl5qgg8kicmcvivwmybwjlpf7wh20l-graalvm17-ce-22.3.0/bin/.java-wrapped
563719d17000-563719d5f000 rw-p 00000000 00:00 0                          [heap]
7f0920000000-7f0920027000 rw-p 00000000 00:00 0 
7f0920027000-7f0924000000 ---p 00000000 00:00 0 
7f0924000000-7f0924025000 rw-p 00000000 00:00 0 
7f0924025000-7f0928000000 ---p 00000000 00:00 0 
7f0928000000-7f0928021000 rw-p 00000000 00:00 0 
7f0928021000-7f092c000000 ---p 00000000 00:00 0 
7f092c000000-7f092c021000 rw-p 00000000 00:00 0 
7f092c021000-7f0930000000 ---p 00000000 00:00 0 
7f0930000000-7f0930021000 rw-p 00000000 00:00 0 
7f0930021000-7f0934000000 ---p 00000000 00:00 0 
7f0934000000-7f0934021000 rw-p 00000000 00:00 0 
7f0934021000-7f0938000000 ---p 00000000 00:00 0 
7f0938000000-7f0938021000 rw-p 00000000 00:00 0 
7f0938021000-7f093c000000 ---p 00000000 00:00 0 
7f093c000000-7f093c021000 rw-p 00000000 00:00 0 
7f093c021000-7f0940000000 ---p 00000000 00:00 0 
7f0940000000-7f0940021000 rw-p 00000000 00:00 0 
7f0940021000-7f0944000000 ---p 00000000 00:00 0 
7f0944000000-7f0944021000 rw-p 00000000 00:00 0 
7f0944021000-7f0948000000 ---p 00000000 00:00 0 
7f0948000000-7f0948126000 rw-p 00000000 00:00 0 
7f0948126000-7f094c000000 ---p 00000000 00:00 0 
7f094c000000-7f094c024000 rw-p 00000000 00:00 0 
7f094c024000-7f0950000000 ---p 00000000 00:00 0 
7f0950000000-7f095004e000 rw-p 00000000 00:00 0 
7f095004e000-7f0954000000 ---p 00000000 00:00 0 
7f0957000000-7f0957040000 rw-p 00000000 00:00 0 
7f0957040000-7f0957200000 rw-p 00000000 00:00 0 
7f0957200000-7f0957800000 ---p 00000000 00:00 0 
7f0957800000-7f0957b00000 rw-p 00000000 00:00 0 
7f0957b00000-7f0957b90000 rw-p 00000000 00:00 0 
7f0957b90000-7f0957c00000 ---p 00000000 00:00 0 
7f0957c00000-7f0957c80000 rw-p 00000000 00:00 0 
7f0957c80000-7f0958000000 rw-p 00000000 00:00 0 
7f0958000000-7f09580af000 rw-p 00000000 00:00 0 
7f09580af000-7f095c000000 ---p 00000000 00:00 0 
7f095c000000-7f095c129000 rw-p 00000000 00:00 0 
7f095c129000-7f0960000000 ---p 00000000 00:00 0 
7f0960000000-7f0960021000 rw-p 00000000 00:00 0 
7f0960021000-7f0964000000 ---p 00000000 00:00 0 
7f09664b3000-7f0970000000 r--s 00000000 00:16a4 4611686019135192581      /nix/store/gpxl5qgg8kicmcvivwmybwjlpf7wh20l-graalvm17-ce-22.3.0/lib/modules
7f0970000000-7f09700de000 rw-p 00000000 00:00 0 
7f09700de000-7f0974000000 ---p 00000000 00:00 0 
7f0974000000-7f09740e4000 rw-p 00000000 00:00 0 
7f09740e4000-7f0978000000 ---p 00000000 00:00 0 
7f0978000000-7f0978108000 rw-p 00000000 00:00 0 
7f0978108000-7f097c000000 ---p 00000000 00:00 0 
7f097c000000-7f097c1e2000 rw-p 00000000 00:00 0 
7f097c1e2000-7f0980000000 ---p 00000000 00:00 0 
7f0980000000-7f0980021000 rw-p 00000000 00:00 0 
7f0980021000-7f0984000000 ---p 00000000 00:00 0 
7f0984000000-7f0984021000 rw-p 00000000 00:00 0 
7f0984021000-7f0988000000 ---p 00000000 00:00 0 
7f0988000000-7f0988394000 rw-p 00000000 00:00 0 
7f0988394000-7f098c000000 ---p 00000000 00:00 0 
7f098c000000-7f098c069000 rw-p 00000000 00:00 0 
7f098c069000-7f0990000000 ---p 00000000 00:00 0 
7f0990000000-7f0990021000 rw-p 00000000 00:00 0 
7f0990021000-7f0994000000 ---p 00000000 00:00 0 
7f0994000000-7f0994055000 rw-p 00000000 00:00 0 
7f0994055000-7f0998000000 ---p 00000000 00:00 0 
7f0998000000-7f0998021000 rw-p 00000000 00:00 0 
7f0998021000-7f099c000000 ---p 00000000 00:00 0 
7f099c000000-7f099c021000 rw-p 00000000 00:00 0 
7f099c021000-7f09a0000000 ---p 00000000 00:00 0 
7f09a0000000-7f09a08d2000 rw-p 00000000 00:00 0 
7f09a08d2000-7f09a4000000 ---p 00000000 00:00 0 
7f09a4000000-7f09a4026000 rw-p 00000000 00:00 0 
7f09a4026000-7f09a8000000 ---p 00000000 00:00 0 
7f09a8000000-7f09a8021000 rw-p 00000000 00:00 0 
7f09a8021000-7f09ac000000 ---p 00000000 00:00 0 
7f09ac000000-7f09ac021000 rw-p 00000000 00:00 0 
7f09ac021000-7f09b0000000 ---p 00000000 00:00 0 
7f09b0000000-7f09b0021000 rw-p 00000000 00:00 0 
7f09b0021000-7f09b4000000 ---p 00000000 00:00 0 
7f09b4000000-7f09b47c0000 rw-p 00000000 00:00 0 
7f09b47c0000-7f09b4800000 rw-p 00000000 00:00 0 
7f09b4800000-7f09b4b00000 rw-p 00000000 00:00 0 
7f09b4b00000-7f09b4c00000 rw-p 00000000 00:00 0 
7f09b4c00000-7f09b5000000 rw-p 00000000 00:00 0 
7f09b5000000-7f09b5100000 rw-p 00000000 00:00 0 
7f09b5100000-7f09b5300000 rw-p 00000000 00:00 0 
7f09b5300000-7f09b5400000 rw-p 00000000 00:00 0 
7f09b5400000-7f09b5500000 rw-p 00000000 00:00 0 
7f09b5500000-7f09b5600000 rw-p 00000000 00:00 0 
7f09b5600000-7f09b5800000 rw-p 00000000 00:00 0 
7f09b5800000-7f09b5900000 rw-p 00000000 00:00 0 
7f09b5900000-7f09b5a00000 rw-p 00000000 00:00 0 
7f09b5a00000-7f09b5f00000 rw-p 00000000 00:00 0 
7f09b5f00000-7f09b6000000 rw-p 00000000 00:00 0 
7f09b6000000-7f09b6100000 rw-p 00000000 00:00 0 
7f09b6100000-7f09b6200000 rw-p 00000000 00:00 0 
7f09b6200000-7f09b6500000 rw-p 00000000 00:00 0 
7f09b6500000-7f09b6600000 rw-p 00000000 00:00 0 
7f09b6600000-7f09b6800000 rw-p 00000000 00:00 0 
7f09b7000000-7f09b7010000 r-xp 00000000 00:1692 358                      /home/runner/.cache/jdt-language-server/config/org.eclipse.equinox.launcher/org.eclipse.equinox.launcher.gtk.linux.x86_64_1.2.400.v20211117-0650/eclipse_11600.so
7f09b7010000-7f09b720f000 ---p 00010000 00:1692 358                      /home/runner/.cache/jdt-language-server/config/org.eclipse.equinox.launcher/org.eclipse.equinox.launcher.gtk.linux.x86_64_1.2.400.v20211117-0650/eclipse_11600.so
7f09b720f000-7f09b7210000 r--p 0000f000 00:1692 358                      /home/runner/.cache/jdt-language-server/config/org.eclipse.equinox.launcher/org.eclipse.equinox.launcher.gtk.linux.x86_64_1.2.400.v20211117-0650/eclipse_11600.so
7f09b7210000-7f09b7211000 rw-p 00010000 00:1692 358                      /home/runner/.cache/jdt-language-server/config/org.eclipse.equinox.launcher/org.eclipse.equinox.launcher.gtk.linux.x86_64_1.2.400.v20211117-0650/eclipse_11600.so
7f09b7b00000-7f09b7c00000 ---p 00000000 00:00 0 
7f09b7c00000-7f09b81af000 r--p 01122000 00:16a4 4611686019135190040      /nix/store/gpxl5qgg8kicmcvivwmybwjlpf7wh20l-graalvm17-ce-22.3.0/lib/libjvmcicompiler.so
7f09b81af000-7f09b8300000 r--p 00000000 00:00 0 
7f09b8300000-7f09b833d000 rw-p 00000000 00:00 0 
7f09b833d000-7f09b885d000 rw-p 0185f000 00:16a4 4611686019135190040      /nix/store/gpxl5qgg8kicmcvivwmybwjlpf7wh20l-graalvm17-ce-22.3.0/lib/libjvmcicompiler.so
7f09b885d000-7f09b8c44000 r--p 01d7f000 00:16a4 4611686019135190040      /nix/store/gpxl5qgg8kicmcvivwmybwjlpf7wh20l-graalvm17-ce-22.3.0/lib/libjvmcicompiler.so
7f09b8d00000-7f09b8d04000 ---p 00000000 00:00 0 
7f09b8d04000-7f09b8e00000 rw-p 00000000 00:00 0 
7f09b8f00000-7f09b8f04000 ---p 00000000 00:00 0 
7f09b8f04000-7f09b9000000 rw-p 00000000 00:00 0 
7f09b9100000-7f09b9104000 ---p 00000000 00:00 0 
7f09b9104000-7f09b9200000 rw-p 00000000 00:00 0 
7f09b9200000-7f09b9204000 ---p 00000000 00:00 0 
7f09b9204000-7f09b9300000 rw-p 00000000 00:00 0 
7f09b9300000-7f09b9304000 ---p 00000000 00:00 0 
7f09b9304000-7f09b9400000 rw-p 00000000 00:00 0 
7f09b9400000-7f09b9404000 ---p 00000000 00:00 0 
7f09b9404000-7f09b9500000 rw-p 00000000 00:00 0 
7f09b9500000-7f09b9504000 ---p 00000000 00:00 0 
7f09b9504000-7f09b9600000 rw-p 00000000 00:00 0 
7f09b9600000-7f09b9604000 ---p 00000000 00:00 0 
7f09b9604000-7f09b9700000 rw-p 00000000 00:00 0 
7f09b9700000-7f09b9704000 ---p 00000000 00:00 0 
7f09b9704000-7f09b9800000 rw-p 00000000 00:00 0 
7f09b9800000-7f09b9804000 ---p 00000000 00:00 0 
7f09b9804000-7f09b9900000 rw-p 00000000 00:00 0 
7f09b9900000-7f09b9904000 ---p 00000000 00:00 0 
7f09b9904000-7f09b9a00000 rw-p 00000000 00:00 0 
7f09b9a00000-7f09b9a04000 ---p 00000000 00:00 0 
7f09b9a04000-7f09b9b00000 rw-p 00000000 00:00 0 
7f09b9b00000-7f09b9b04000 ---p 00000000 00:00 0 
7f09b9b04000-7f09b9c00000 rw-p 00000000 00:00 0 
7f09b9c00000-7f09b9c04000 ---p 00000000 00:00 0 
7f09b9c04000-7f09b9d00000 rw-p 00000000 00:00 0 
7f09b9d00000-7f09b9d04000 ---p 00000000 00:00 0 
7f09b9d04000-7f09b9e00000 rw-p 00000000 00:00 0 
7f09b9e00000-7f09b9e04000 ---p 00000000 00:00 0 
7f09b9e04000-7f09b9f00000 rw-p 00000000 00:00 0 
7f09b9f00000-7f09b9f04000 ---p 00000000 00:00 0 
7f09b9f04000-7f09ba000000 rw-p 00000000 00:00 0 
7f09ba000000-7f09ba004000 ---p 00000000 00:00 0 
7f09ba004000-7f09ba100000 rw-p 00000000 00:00 0 
7f09ba100000-7f09ba104000 ---p 00000000 00:00 0 
7f09ba104000-7f09ba200000 rw-p 00000000 00:00 0 
7f09ba200000-7f09ba204000 ---p 00000000 00:00 0 
7f09ba204000-7f09ba300000 rw-p 00000000 00:00 0 
7f09ba300000-7f09ba304000 ---p 00000000 00:00 0 
7f09ba304000-7f09ba400000 rw-p 00000000 00:00 0 
7f09ba400000-7f09ba404000 ---p 00000000 00:00 0 
7f09ba404000-7f09ba500000 rw-p 00000000 00:00 0 
7f09ba500000-7f09ba504000 ---p 00000000 00:00 0 
7f09ba504000-7f09ba600000 rw-p 00000000 00:00 0 
7f09ba700000-7f09ba704000 ---p 00000000 00:00 0 
7f09ba704000-7f09ba800000 rw-p 00000000 00:00 0 
7f09ba800000-7f09ba804000 ---p 00000000 00:00 0 
7f09ba804000-7f09ba900000 rw-p 00000000 00:00 0 
7f09ba900000-7f09ba904000 ---p 00000000 00:00 0 
7f09ba904000-7f09baa00000 rw-p 00000000 00:00 0 
7f09baa00000-7f09baa04000 ---p 00000000 00:00 0 
7f09baa04000-7f09bab00000 rw-p 00000000 00:00 0 
7f09bab00000-7f09bab04000 ---p 00000000 00:00 0 
7f09bab04000-7f09bac00000 rw-p 00000000 00:00 0 
7f09bac00000-7f09bac04000 ---p 00000000 00:00 0 
7f09bac04000-7f09bad00000 rw-p 00000000 00:00 0 
7f09bad00000-7f09bad04000 ---p 00000000 00:00 0 
7f09bad04000-7f09bae00000 rw-p 00000000 00:00 0 
7f09bba68000-7f09bbf00000 rw-p 00000000 00:00 0 
7f09bc000000-7f09bc021000 rw-p 00000000 00:00 0 
7f09bc021000-7f09c0000000 ---p 00000000 00:00 0 
7f09c0000000-7f09c0021000 rw-p 00000000 00:00 0 
7f09c0021000-7f09c4000000 ---p 00000000 00:00 0 
7f09c4000000-7f09c4021000 rw-p 00000000 00:00 0 
7f09c4021000-7f09c8000000 ---p 00000000 00:00 0 
7f09c8000000-7f09c8021000 rw-p 00000000 00:00 0 
7f09c8021000-7f09cc000000 ---p 00000000 00:00 0 
7f09cc000000-7f09cc0f9000 rw-p 00000000 00:00 0 
7f09cc0f9000-7f09d0000000 ---p 00000000 00:00 0 
7f09d0000000-7f09d0c0d000 rw-p 00000000 00:00 0 
7f09d0c0d000-7f09d4000000 ---p 00000000 00:00 0 
7f09d4000000-7f09d4021000 rw-p 00000000 00:00 0 
7f09d4021000-7f09d8000000 ---p 00000000 00:00 0 
7f09d8000000-7f09d8021000 rw-p 00000000 00:00 0 
7f09d8021000-7f09dc000000 ---p 00000000 00:00 0 
7f09dc000000-7f09dc021000 rw-p 00000000 00:00 0 
7f09dc021000-7f09e0000000 ---p 00000000 00:00 0 
7f09e0000000-7f09e0021000 rw-p 00000000 00:00 0 
7f09e0021000-7f09e4000000 ---p 00000000 00:00 0 
7f09e4000000-7f09e4021000 rw-p 00000000 00:00 0 
7f09e4021000-7f09e8000000 ---p 00000000 00:00 0 
7f09e8000000-7f09e8021000 rw-p 00000000 00:00 0 
7f09e8021000-7f09ec000000 ---p 00000000 00:00 0 
7f09ec000000-7f09ec1d0000 rw-p 00000000 00:00 0 
7f09ec1d0000-7f09f0000000 ---p 00000000 00:00 0 
7f09f0000000-7f09f0004000 ---p 00000000 00:00 0 
7f09f0004000-7f09f0100000 rw-p 00000000 00:00 0 
7f09f0100000-7f09f0104000 ---p 00000000 00:00 0 
7f09f0104000-7f09f0200000 rw-p 00000000 00:00 0 
7f09f0200000-7f09f236a000 r-xp 00000000 00:16a4 4611686019135190040      /nix/store/gpxl5qgg8kicmcvivwmybwjlpf7wh20l-graalvm17-ce-22.3.0/lib/libjvmcicompiler.so
7f09f236a000-7f09f2569000 ---p 0216a000 00:16a4 4611686019135190040      /nix/store/gpxl5qgg8kicmcvivwmybwjlpf7wh20l-graalvm17-ce-22.3.0/lib/libjvmcicompiler.so
7f09f2569000-7f09f256a000 r--p 02169000 00:16a4 4611686019135190040      /nix/store/gpxl5qgg8kicmcvivwmybwjlpf7wh20l-graalvm17-ce-22.3.0/lib/libjvmcicompiler.so
7f09f256a000-7f09f256c000 rw-p 0216a000 00:16a4 4611686019135190040      /nix/store/gpxl5qgg8kicmcvivwmybwjlpf7wh20l-graalvm17-ce-22.3.0/lib/libjvmcicompiler.so
7f09f256c000-7f09f256d000 rw-p 00000000 00:00 0 
7f09f256d000-7f09f2572000 rw-p 023c3000 00:16a4 4611686019135190040      /nix/store/gpxl5qgg8kicmcvivwmybwjlpf7wh20l-graalvm17-ce-22.3.0/lib/libjvmcicompiler.so
7f09f25a9000-7f09f25ad000 ---p 00000000 00:00 0 
7f09f25ad000-7f09f26a9000 rw-p 00000000 00:00 0 
7f09f26a9000-7f09f26ad000 ---p 00000000 00:00 0 
7f09f26ad000-7f09f26cb000 rw-p 00000000 00:00 0 
7f09f26cb000-7f09f26cc000 ---p 00000000 00:00 0 
7f09f26cc000-7f09f27cd000 rw-p 00000000 00:00 0 
7f09f27cd000-7f09f27d1000 ---p 00000000 00:00 0 
7f09f27d1000-7f09f28cd000 rw-p 00000000 00:00 0 
7f09f28cd000-7f09f28d1000 ---p 00000000 00:00 0 
7f09f28d1000-7f09f29cd000 rw-p 00000000 00:00 0 
7f09f29cd000-7f09f29d1000 ---p 00000000 00:00 0 
7f09f29d1000-7f09f2acd000 rw-p 00000000 00:00 0 
7f09f2acd000-7f09f2ad1000 ---p 00000000 00:00 0 
7f09f2ad1000-7f09f2ccd000 rw-p 00000000 00:00 0 
7f09f2ccd000-7f09f2cd1000 ---p 00000000 00:00 0 
7f09f2cd1000-7f09f2ecd000 rw-p 00000000 00:00 0 
7f09f2ecd000-7f09f2ed1000 ---p 00000000 00:00 0 
7f09f2ed1000-7f09f2fcd000 rw-p 00000000 00:00 0 
7f09f2fcd000-7f09f2fd1000 ---p 00000000 00:00 0 
7f09f2fd1000-7f09f30cd000 rw-p 00000000 00:00 0 
7f09f30cd000-7f09f30d1000 ---p 00000000 00:00 0 
7f09f30d1000-7f09f31cd000 rw-p 00000000 00:00 0 
7f09f31cd000-7f09f34b3000 r--p 00000000 00:1244 28444448                 /usr/lib/locale/locale-archive
7f09f34b3000-7f09f3723000 rwxp 00000000 00:00 0 
7f09f3723000-7f09f3a42000 ---p 00000000 00:00 0 
7f09f3a42000-7f09f52e2000 rwxp 00000000 00:00 0 
7f09f52e2000-7f09faf7a000 ---p 00000000 00:00 0 
7f09faf7a000-7f09fb2fa000 rwxp 00000000 00:00 0 
7f09fb2fa000-7f0a024b3000 ---p 00000000 00:00 0 
7f0a024b3000-7f0a0c000000 r--s 00000000 00:16a4 4611686019135192581      /nix/store/gpxl5qgg8kicmcvivwmybwjlpf7wh20l-graalvm17-ce-22.3.0/lib/modules
7f0a0c000000-7f0a0c608000 rw-p 00000000 00:00 0 
7f0a0c608000-7f0a10000000 ---p 00000000 00:00 0 
7f0a10007000-7f0a1000e000 r-xp 00000000 00:16a4 4611686019135192580      /nix/store/gpxl5qgg8kicmcvivwmybwjlpf7wh20l-graalvm17-ce-22.3.0/lib/libzip.so
7f0a1000e000-7f0a1000f000 ---p 00007000 00:16a4 4611686019135192580      /nix/store/gpxl5qgg8kicmcvivwmybwjlpf7wh20l-graalvm17-ce-22.3.0/lib/libzip.so
7f0a1000f000-7f0a10010000 r--p 00007000 00:16a4 4611686019135192580      /nix/store/gpxl5qgg8kicmcvivwmybwjlpf7wh20l-graalvm17-ce-22.3.0/lib/libzip.so
7f0a10010000-7f0a10011000 rw-p 00008000 00:16a4 4611686019135192580      /nix/store/gpxl5qgg8kicmcvivwmybwjlpf7wh20l-graalvm17-ce-22.3.0/lib/libzip.so
7f0a10011000-7f0a10013000 rw-p 0000b000 00:16a4 4611686019135192580      /nix/store/gpxl5qgg8kicmcvivwmybwjlpf7wh20l-graalvm17-ce-22.3.0/lib/libzip.so
7f0a10013000-7f0a10028000 r-xp 00000000 00:16a4 4611686019135192570      /nix/store/gpxl5qgg8kicmcvivwmybwjlpf7wh20l-graalvm17-ce-22.3.0/lib/libnet.so
7f0a10028000-7f0a10029000 ---p 00015000 00:16a4 4611686019135192570      /nix/store/gpxl5qgg8kicmcvivwmybwjlpf7wh20l-graalvm17-ce-22.3.0/lib/libnet.so
7f0a10029000-7f0a1002a000 r--p 00015000 00:16a4 4611686019135192570      /nix/store/gpxl5qgg8kicmcvivwmybwjlpf7wh20l-graalvm17-ce-22.3.0/lib/libnet.so
7f0a1002a000-7f0a1002b000 rw-p 00016000 00:16a4 4611686019135192570      /nix/store/gpxl5qgg8kicmcvivwmybwjlpf7wh20l-graalvm17-ce-22.3.0/lib/libnet.so
7f0a1002b000-7f0a1002e000 rw-p 0001b000 00:16a4 4611686019135192570      /nix/store/gpxl5qgg8kicmcvivwmybwjlpf7wh20l-graalvm17-ce-22.3.0/lib/libnet.so
7f0a1002e000-7f0a10032000 ---p 00000000 00:00 0 
7f0a10032000-7f0a1012e000 rw-p 00000000 00:00 0 
7f0a1012e000-7f0a10132000 ---p 00000000 00:00 0 
7f0a10132000-7f0a1022e000 rw-p 00000000 00:00 0 
7f0a1022e000-7f0a1022f000 ---p 00000000 00:00 0 
7f0a1022f000-7f0a10330000 rw-p 00000000 00:00 0 
7f0a10330000-7f0a103fe000 r-xp 00000000 00:16a4 4611686019135190036      /nix/store/gpxl5qgg8kicmcvivwmybwjlpf7wh20l-graalvm17-ce-22.3.0/lib/libjsvml.so
7f0a103fe000-7f0a103ff000 r--p 000cd000 00:16a4 4611686019135190036      /nix/store/gpxl5qgg8kicmcvivwmybwjlpf7wh20l-graalvm17-ce-22.3.0/lib/libjsvml.so
7f0a103ff000-7f0a10400000 rw-p 000ce000 00:16a4 4611686019135190036      /nix/store/gpxl5qgg8kicmcvivwmybwjlpf7wh20l-graalvm17-ce-22.3.0/lib/libjsvml.so
7f0a10400000-7f0a10800000 rw-p 00000000 00:00 0 
7f0a10800000-7f0a10b00000 rw-p 00000000 00:00 0 
7f0a10b00000-7f0a10c00000 rw-p 00000000 00:00 0 
7f0a10c01000-7f0a10c03000 r-xp 00000000 00:16a4 4611686019135190017      /nix/store/gpxl5qgg8kicmcvivwmybwjlpf7wh20l-graalvm17-ce-22.3.0/lib/libextnet.so
7f0a10c03000-7f0a10c04000 r--p 00001000 00:16a4 4611686019135190017      /nix/store/gpxl5qgg8kicmcvivwmybwjlpf7wh20l-graalvm17-ce-22.3.0/lib/libextnet.so
7f0a10c04000-7f0a10c05000 rw-p 00002000 00:16a4 4611686019135190017      /nix/store/gpxl5qgg8kicmcvivwmybwjlpf7wh20l-graalvm17-ce-22.3.0/lib/libextnet.so
7f0a10c05000-7f0a10c06000 rw-p 00004000 00:16a4 4611686019135190017      /nix/store/gpxl5qgg8kicmcvivwmybwjlpf7wh20l-graalvm17-ce-22.3.0/lib/libextnet.so
7f0a10c06000-7f0a10c19000 r-xp 00000000 00:16a4 4611686019135192571      /nix/store/gpxl5qgg8kicmcvivwmybwjlpf7wh20l-graalvm17-ce-22.3.0/lib/libnio.so
7f0a10c19000-7f0a10c1a000 r--p 00012000 00:16a4 4611686019135192571      /nix/store/gpxl5qgg8kicmcvivwmybwjlpf7wh20l-graalvm17-ce-22.3.0/lib/libnio.so
7f0a10c1a000-7f0a10c1b000 rw-p 00013000 00:16a4 4611686019135192571      /nix/store/gpxl5qgg8kicmcvivwmybwjlpf7wh20l-graalvm17-ce-22.3.0/lib/libnio.so
7f0a10c1b000-7f0a10c20000 rw-p 00019000 00:16a4 4611686019135192571      /nix/store/gpxl5qgg8kicmcvivwmybwjlpf7wh20l-graalvm17-ce-22.3.0/lib/libnio.so
7f0a10c20000-7f0a124f8000 rw-p 00000000 00:00 0 
7f0a124f8000-7f0a124f9000 ---p 00000000 00:00 0 
7f0a124f9000-7f0a126a4000 rw-p 00000000 00:00 0 
7f0a126a4000-7f0a126be000 rw-p 00000000 00:00 0 
7f0a126be000-7f0a126fa000 ---p 00000000 00:00 0 
7f0a126fa000-7f0a12702000 rw-p 00000000 00:00 0 
7f0a12702000-7f0a127e6000 ---p 00000000 00:00 0 
7f0a127e6000-7f0a12818000 rw-p 00000000 00:00 0 
7f0a12818000-7f0a128d1000 ---p 00000000 00:00 0 
7f0a128d1000-7f0a128d6000 rw-p 00000000 00:00 0 
7f0a128d6000-7f0a128dd000 ---p 00000000 00:00 0 
7f0a128dd000-7f0a12901000 r-xp 00000000 00:16a4 4611686019135190028      /nix/store/gpxl5qgg8kicmcvivwmybwjlpf7wh20l-graalvm17-ce-22.3.0/lib/libjava.so
7f0a12901000-7f0a12902000 ---p 00024000 00:16a4 4611686019135190028      /nix/store/gpxl5qgg8kicmcvivwmybwjlpf7wh20l-graalvm17-ce-22.3.0/lib/libjava.so
7f0a12902000-7f0a12903000 r--p 00024000 00:16a4 4611686019135190028      /nix/store/gpxl5qgg8kicmcvivwmybwjlpf7wh20l-graalvm17-ce-22.3.0/lib/libjava.so
7f0a12903000-7f0a12904000 rw-p 00025000 00:16a4 4611686019135190028      /nix/store/gpxl5qgg8kicmcvivwmybwjlpf7wh20l-graalvm17-ce-22.3.0/lib/libjava.so
7f0a12904000-7f0a12905000 rw-p 00000000 00:00 0 
7f0a12905000-7f0a1290c000 rw-p 0002f000 00:16a4 4611686019135190028      /nix/store/gpxl5qgg8kicmcvivwmybwjlpf7wh20l-graalvm17-ce-22.3.0/lib/libjava.so
7f0a1290c000-7f0a12914000 rw-s 00000000 00:196 355                       /tmp/hsperfdata_runner/41
7f0a12914000-7f0a12915000 ---p 00000000 00:00 0 
7f0a12915000-7f0a12916000 r--p 00000000 00:00 0 
7f0a12916000-7f0a12917000 rwxp 00000000 00:00 0 
7f0a12917000-7f0a12932000 r-xp 00000000 00:16a4 4611686019135190032      /nix/store/gpxl5qgg8kicmcvivwmybwjlpf7wh20l-graalvm17-ce-22.3.0/lib/libjimage.so
7f0a12932000-7f0a12933000 ---p 0001b000 00:16a4 4611686019135190032      /nix/store/gpxl5qgg8kicmcvivwmybwjlpf7wh20l-graalvm17-ce-22.3.0/lib/libjimage.so
7f0a12933000-7f0a12935000 r--p 0001b000 00:16a4 4611686019135190032      /nix/store/gpxl5qgg8kicmcvivwmybwjlpf7wh20l-graalvm17-ce-22.3.0/lib/libjimage.so
7f0a12935000-7f0a12936000 rw-p 0001d000 00:16a4 4611686019135190032      /nix/store/gpxl5qgg8kicmcvivwmybwjlpf7wh20l-graalvm17-ce-22.3.0/lib/libjimage.so
7f0a12936000-7f0a12937000 rw-p 00024000 00:16a4 4611686019135190032      /nix/store/gpxl5qgg8kicmcvivwmybwjlpf7wh20l-graalvm17-ce-22.3.0/lib/libjimage.so
7f0a12937000-7f0a1293b000 ---p 00000000 00:00 0 
7f0a1293b000-7f0a12a37000 rw-p 00000000 00:00 0 
7f0a12a37000-7f0a12a45000 r--p 00000000 00:16a4 4611686019027979927      /nix/store/4nlgxhb09sdr51nc9hdm8az5b08vzkgx-glibc-2.35-163/lib/libm.so.6
7f0a12a45000-7f0a12ab8000 r-xp 0000e000 00:16a4 4611686019027979927      /nix/store/4nlgxhb09sdr51nc9hdm8az5b08vzkgx-glibc-2.35-163/lib/libm.so.6
7f0a12ab8000-7f0a12b15000 r--p 00081000 00:16a4 4611686019027979927      /nix/store/4nlgxhb09sdr51nc9hdm8az5b08vzkgx-glibc-2.35-163/lib/libm.so.6
7f0a12b15000-7f0a12b16000 r--p 000dd000 00:16a4 4611686019027979927      /nix/store/4nlgxhb09sdr51nc9hdm8az5b08vzkgx-glibc-2.35-163/lib/libm.so.6
7f0a12b16000-7f0a12b17000 rw-p 000de000 00:16a4 4611686019027979927      /nix/store/4nlgxhb09sdr51nc9hdm8az5b08vzkgx-glibc-2.35-163/lib/libm.so.6
7f0a12b17000-7f0a12b18000 r--p 00000000 00:16a4 4611686019027979946      /nix/store/4nlgxhb09sdr51nc9hdm8az5b08vzkgx-glibc-2.35-163/lib/librt.so.1
7f0a12b18000-7f0a12b19000 r-xp 00001000 00:16a4 4611686019027979946      /nix/store/4nlgxhb09sdr51nc9hdm8az5b08vzkgx-glibc-2.35-163/lib/librt.so.1
7f0a12b19000-7f0a12b1a000 r--p 00002000 00:16a4 4611686019027979946      /nix/store/4nlgxhb09sdr51nc9hdm8az5b08vzkgx-glibc-2.35-163/lib/librt.so.1
7f0a12b1a000-7f0a12b1b000 r--p 00002000 00:16a4 4611686019027979946      /nix/store/4nlgxhb09sdr51nc9hdm8az5b08vzkgx-glibc-2.35-163/lib/librt.so.1
7f0a12b1b000-7f0a12b1c000 rw-p 00003000 00:16a4 4611686019027979946      /nix/store/4nlgxhb09sdr51nc9hdm8az5b08vzkgx-glibc-2.35-163/lib/librt.so.1
7f0a12b1c000-7f0a13c2f000 r-xp 00000000 00:16a4 4611686019135360866      /nix/store/gpxl5qgg8kicmcvivwmybwjlpf7wh20l-graalvm17-ce-22.3.0/lib/server/libjvm.so
7f0a13c2f000-7f0a13c30000 ---p 01113000 00:16a4 4611686019135360866      /nix/store/gpxl5qgg8kicmcvivwmybwjlpf7wh20l-graalvm17-ce-22.3.0/lib/server/libjvm.so
7f0a13c30000-7f0a13ce5000 r--p 01113000 00:16a4 4611686019135360866      /nix/store/gpxl5qgg8kicmcvivwmybwjlpf7wh20l-graalvm17-ce-22.3.0/lib/server/libjvm.so
7f0a13ce5000-7f0a13d19000 rw-p 011c8000 00:16a4 4611686019135360866      /nix/store/gpxl5qgg8kicmcvivwmybwjlpf7wh20l-graalvm17-ce-22.3.0/lib/server/libjvm.so
7f0a13d19000-7f0a13d75000 rw-p 00000000 00:00 0 
7f0a13d75000-7f0a13d9d000 r--p 00000000 00:16a4 4611686019027979918      /nix/store/4nlgxhb09sdr51nc9hdm8az5b08vzkgx-glibc-2.35-163/lib/libc.so.6
7f0a13d9d000-7f0a13f13000 r-xp 00028000 00:16a4 4611686019027979918      /nix/store/4nlgxhb09sdr51nc9hdm8az5b08vzkgx-glibc-2.35-163/lib/libc.so.6
7f0a13f13000-7f0a13f6b000 r--p 0019e000 00:16a4 4611686019027979918      /nix/store/4nlgxhb09sdr51nc9hdm8az5b08vzkgx-glibc-2.35-163/lib/libc.so.6
7f0a13f6b000-7f0a13f6f000 r--p 001f6000 00:16a4 4611686019027979918      /nix/store/4nlgxhb09sdr51nc9hdm8az5b08vzkgx-glibc-2.35-163/lib/libc.so.6
7f0a13f6f000-7f0a13f71000 rw-p 001fa000 00:16a4 4611686019027979918      /nix/store/4nlgxhb09sdr51nc9hdm8az5b08vzkgx-glibc-2.35-163/lib/libc.so.6
7f0a13f71000-7f0a13f80000 rw-p 00000000 00:00 0 
7f0a13f80000-7f0a13f81000 r--p 00000000 00:16a4 4611686019027979923      /nix/store/4nlgxhb09sdr51nc9hdm8az5b08vzkgx-glibc-2.35-163/lib/libdl.so.2
7f0a13f81000-7f0a13f82000 r-xp 00001000 00:16a4 4611686019027979923      /nix/store/4nlgxhb09sdr51nc9hdm8az5b08vzkgx-glibc-2.35-163/lib/libdl.so.2
7f0a13f82000-7f0a13f83000 r--p 00002000 00:16a4 4611686019027979923      /nix/store/4nlgxhb09sdr51nc9hdm8az5b08vzkgx-glibc-2.35-163/lib/libdl.so.2
7f0a13f83000-7f0a13f84000 r--p 00002000 00:16a4 4611686019027979923      /nix/store/4nlgxhb09sdr51nc9hdm8az5b08vzkgx-glibc-2.35-163/lib/libdl.so.2
7f0a13f84000-7f0a13f85000 rw-p 00003000 00:16a4 4611686019027979923      /nix/store/4nlgxhb09sdr51nc9hdm8az5b08vzkgx-glibc-2.35-163/lib/libdl.so.2
7f0a13f85000-7f0a13f86000 r--p 00000000 00:16a4 4611686019027979942      /nix/store/4nlgxhb09sdr51nc9hdm8az5b08vzkgx-glibc-2.35-163/lib/libpthread.so.0
7f0a13f86000-7f0a13f87000 r-xp 00001000 00:16a4 4611686019027979942      /nix/store/4nlgxhb09sdr51nc9hdm8az5b08vzkgx-glibc-2.35-163/lib/libpthread.so.0
7f0a13f87000-7f0a13f88000 r--p 00002000 00:16a4 4611686019027979942      /nix/store/4nlgxhb09sdr51nc9hdm8az5b08vzkgx-glibc-2.35-163/lib/libpthread.so.0
7f0a13f88000-7f0a13f89000 r--p 00002000 00:16a4 4611686019027979942      /nix/store/4nlgxhb09sdr51nc9hdm8az5b08vzkgx-glibc-2.35-163/lib/libpthread.so.0
7f0a13f89000-7f0a13f8a000 rw-p 00003000 00:16a4 4611686019027979942      /nix/store/4nlgxhb09sdr51nc9hdm8az5b08vzkgx-glibc-2.35-163/lib/libpthread.so.0
7f0a13f8a000-7f0a13f98000 r-xp 00000000 00:16a4 4611686019135190033      /nix/store/gpxl5qgg8kicmcvivwmybwjlpf7wh20l-graalvm17-ce-22.3.0/lib/libjli.so
7f0a13f98000-7f0a13f99000 ---p 0000e000 00:16a4 4611686019135190033      /nix/store/gpxl5qgg8kicmcvivwmybwjlpf7wh20l-graalvm17-ce-22.3.0/lib/libjli.so
7f0a13f99000-7f0a13f9a000 r--p 0000e000 00:16a4 4611686019135190033      /nix/store/gpxl5qgg8kicmcvivwmybwjlpf7wh20l-graalvm17-ce-22.3.0/lib/libjli.so
7f0a13f9a000-7f0a13f9b000 rw-p 0000f000 00:16a4 4611686019135190033      /nix/store/gpxl5qgg8kicmcvivwmybwjlpf7wh20l-graalvm17-ce-22.3.0/lib/libjli.so
7f0a13f9b000-7f0a13f9c000 rw-p 00012000 00:16a4 4611686019135190033      /nix/store/gpxl5qgg8kicmcvivwmybwjlpf7wh20l-graalvm17-ce-22.3.0/lib/libjli.so
7f0a13f9c000-7f0a13f9f000 r--p 00000000 00:16a4 4611686019106210071      /nix/store/026hln0aq1hyshaxsdvhg0kmcm6yf45r-zlib-1.2.13/lib/libz.so.1.2.13
7f0a13f9f000-7f0a13fb1000 r-xp 00003000 00:16a4 4611686019106210071      /nix/store/026hln0aq1hyshaxsdvhg0kmcm6yf45r-zlib-1.2.13/lib/libz.so.1.2.13
7f0a13fb1000-7f0a13fb8000 r--p 00015000 00:16a4 4611686019106210071      /nix/store/026hln0aq1hyshaxsdvhg0kmcm6yf45r-zlib-1.2.13/lib/libz.so.1.2.13
7f0a13fb8000-7f0a13fb9000 r--p 0001b000 00:16a4 4611686019106210071      /nix/store/026hln0aq1hyshaxsdvhg0kmcm6yf45r-zlib-1.2.13/lib/libz.so.1.2.13
7f0a13fb9000-7f0a13fba000 rw-p 0001c000 00:16a4 4611686019106210071      /nix/store/026hln0aq1hyshaxsdvhg0kmcm6yf45r-zlib-1.2.13/lib/libz.so.1.2.13
7f0a13fba000-7f0a13fbc000 rw-p 00000000 00:00 0 
7f0a13fbc000-7f0a13fbe000 r--p 00000000 00:16a4 4611686019027979912      /nix/store/4nlgxhb09sdr51nc9hdm8az5b08vzkgx-glibc-2.35-163/lib/ld-linux-x86-64.so.2
7f0a13fbe000-7f0a13fe5000 r-xp 00002000 00:16a4 4611686019027979912      /nix/store/4nlgxhb09sdr51nc9hdm8az5b08vzkgx-glibc-2.35-163/lib/ld-linux-x86-64.so.2
7f0a13fe5000-7f0a13ff1000 r--p 00029000 00:16a4 4611686019027979912      /nix/store/4nlgxhb09sdr51nc9hdm8az5b08vzkgx-glibc-2.35-163/lib/ld-linux-x86-64.so.2
7f0a13ff1000-7f0a13ff3000 r--p 00034000 00:16a4 4611686019027979912      /nix/store/4nlgxhb09sdr51nc9hdm8az5b08vzkgx-glibc-2.35-163/lib/ld-linux-x86-64.so.2
7f0a13ff3000-7f0a13ff5000 rw-p 00036000 00:16a4 4611686019027979912      /nix/store/4nlgxhb09sdr51nc9hdm8az5b08vzkgx-glibc-2.35-163/lib/ld-linux-x86-64.so.2
7ffc31536000-7ffc3155a000 rw-p 00000000 00:00 0                          [stack]
7ffc315e4000-7ffc315e8000 r--p 00000000 00:00 0                          [vvar]
7ffc315e8000-7ffc315ea000 r-xp 00000000 00:00 0                          [vdso]
ffffffffff600000-ffffffffff601000 --xp 00000000 00:00 0                  [vsyscall]


VM Arguments:
jvm_args: -XX:ThreadPriorityPolicy=1 -XX:+UnlockExperimentalVMOptions -XX:+EnableJVMCIProduct -XX:JVMCIThreadsPerNativeLibraryRuntime=1 -XX:-UnlockExperimentalVMOptions -Declipse.application=org.eclipse.jdt.ls.core.id1 -Dosgi.bundles.defaultStartLevel=4 -Declipse.product=org.eclipse.jdt.ls.core.product -Dlog.level=ALL -Xverify:none -XX:+UseParallelGC -XX:GCTimeRatio=4 -XX:AdaptiveSizePolicyWeight=90 -Dsun.zip.disableMemoryMapping=true -Xmx512m -Xms100m 
java_command: /nix/store/m6gcpi1ii6rghy04cjwjddcavv7i90df-jdt-language-server-1.9.0/share/java/plugins/org.eclipse.equinox.launcher_1.6.400.v20210924-0641.jar --add-modules=ALL-SYSTEM --add-opens java.base/java.util=ALL-UNNAMED --add-opens java.base/java.lang=ALL-UNNAMED -configuration /home/runner/.cache/jdt-language-server/config -data /home/runner/.cache/jdt-language-server/data/home/runner/algorithm
java_class_path (initial): /nix/store/m6gcpi1ii6rghy04cjwjddcavv7i90df-jdt-language-server-1.9.0/share/java/plugins/org.eclipse.equinox.launcher_1.6.400.v20210924-0641.jar
Launcher Type: SUN_STANDARD

[Global flags]
    uintx AdaptiveSizePolicyWeight                 = 90                                        {product} {command line}
     intx CICompilerCount                          = 2                                         {product} {ergonomic}
     bool EnableJVMCIProduct                       = true                                {JVMCI product} {jimage}
    uintx GCTimeRatio                              = 4                                         {product} {command line}
   size_t InitialHeapSize                          = 104857600                                 {product} {command line}
     uint JVMCIThreadsPerNativeLibraryRuntime      = 1                                   {JVMCI product} {jimage}
   size_t MaxHeapSize                              = 536870912                                 {product} {command line}
   size_t MaxNewSize                               = 178782208                                 {product} {ergonomic}
   size_t MinHeapDeltaBytes                        = 524288                                    {product} {ergonomic}
   size_t MinHeapSize                              = 104857600                                 {product} {command line}
   size_t NewSize                                  = 34603008                                  {product} {ergonomic}
    uintx NonNMethodCodeHeapSize                   = 5826188                                {pd product} {ergonomic}
    uintx NonProfiledCodeHeapSize                  = 122916026                              {pd product} {ergonomic}
   size_t OldSize                                  = 70254592                                  {product} {ergonomic}
    uintx ProfiledCodeHeapSize                     = 122916026                              {pd product} {ergonomic}
    uintx ReservedCodeCacheSize                    = 251658240                              {pd product} {ergonomic}
     bool SegmentedCodeCache                       = true                                      {product} {ergonomic}
   size_t SoftMaxHeapSize                          = 536870912                              {manageable} {ergonomic}
     intx ThreadPriorityPolicy                     = 1                                         {product} {jimage}
     bool UseCompressedClassPointers               = true                           {product lp64_product} {ergonomic}
     bool UseCompressedOops                        = true                           {product lp64_product} {ergonomic}
     bool UseParallelGC                            = true                                      {product} {command line}

Logging:
Log output configuration:
 #0: stdout all=warning uptime,level,tags
 #1: stderr all=off uptime,level,tags

Environment Variables:
JAVA_HOME=/nix/store/gpxl5qgg8kicmcvivwmybwjlpf7wh20l-graalvm17-ce-22.3.0
PATH=/nix/store/1d6ian3r8kdzspw8hacjhl3xkp40g1lj-binutils-wrapper-2.39/bin:/nix/store/dq0xwmsk1g0i2ayg6pb7y87na2knzylh-gcc-wrapper-11.3.0/bin:/nix/store/bap4d0lpcrhpwmpb8ayjcgkmvfj62lnq-bash-interactive-5.1-p16/bin:/nix/store/pr5n59mb4jzmfx6kanwxly0l07p861fg-patchelf-0.15.0/bin:/nix/store/1gf2flfqnpqbr1b4p4qz2f72y42bs56r-gcc-11.3.0/bin:/nix/store/57xv61c5zi8pphjbcwxxjlgc34p61ic9-glibc-2.35-163-bin/bin:/nix/store/a7gvj343m05j2s32xcnwr35v31ynlypr-coreutils-9.1/bin:/nix/store/039g378vc3pc3dvi9dzdlrd0i4q93qwf-binutils-2.39/bin:/nix/store/gpxl5qgg8kicmcvivwmybwjlpf7wh20l-graalvm17-ce-22.3.0/bin:/nix/store/6z9ag3ihc8mq2hzsw48lhbznvzny65nz-apache-maven-3.8.6/bin:/nix/store/m6gcpi1ii6rghy04cjwjddcavv7i90df-jdt-language-server-1.9.0/bin:/nix/store/84xs5alhs01zrbr4ywm05kxbjbp5590l-java-debug/bin:/nix/store/mydc6f4k2z73xlcz7ilif3v2lcaiqvza-findutils-4.9.0/bin:/nix/store/j9p3g8472iijd50vhdprx0nmk2fqn5gv-diffutils-3.8/bin:/nix/store/89zs7rms6x00xfq4dq6m7mjnhkr8a6r4-gnused-4.8/bin:/nix/store/86bp03jkmsl6f92w0yzg4s59g5mhxwmy-gnugrep-3.7/bin:/nix/store/hwcdqw4jrjnd37wxqgsd47hd0j8bnj09-gawk-5.1.1/bin:/nix/store/cfbhw8r8ags41vwqaz47r583d0p4h4a1-gnutar-1.34/bin:/nix/store/p3m1ndl1lapwrlh698bnb5lvvxh67378-gzip-1.12/bin:/nix/store/a8mhcagrsly7c7mpjrpsnaahk4aax056-bzip2-1.0.8-bin/bin:/nix/store/mblgz65m3zv9x548a3d5m96fj2pbwr09-gnumake-4.3/bin:/nix/store/dsd5gz46hdbdk2rfdimqddhq6m8m8fqs-bash-5.1-p16/bin:/nix/store/v7ljksji50mg3w61dykaa3n3y79n6nil-patch-2.7.6/bin:/nix/store/zlcnmqq14jz5x9439jf937mvayyl63da-xz-5.2.7-bin/bin:/nix/store/y6aj732zm9m87c82fpvf103a1xb22blp-file-5.43/bin:/nix/store/i4kzir3m7mrisxmf5xvlnkw01x4qaqr4-prybar-elisp-0.0.0-e0d9a52/bin:/nix/store/lwwivxf6h7x3cvxp9zv8sj0mv7dak99r-prybar-lua-0.0.0-e0d9a52/bin:/nix/store/gxj28g1cg4hq3qanmjv07156h800qr58-prybar-python3-0.0.0-e0d9a52/bin:/nix/store/hshkjnxrgidigf8x75vg6lqng2xlx9i3-prybar-sqlite-0.0.0-e0d9a52/bin:/nix/store/c4w01bpjgyy5ixmwdk8m1pw87zq4sl26-prybar-tcl-0.0.0-e0d9a52/bin:/nix/store/hpbvrlwd5viqmvcaisb3x0118i913a9n-st
LD_LIBRARY_PATH=/nix/store/a4pff549sk2idnkpzk5nsfps3mdkdnvm-cups-2.4.2-lib/lib:/nix/store/72mqxxhh3cy5yifh92wh2yb8cl2hikyy-cairo-1.16.0/lib:/nix/store/2k366jrbsra97gjfxwvrhvixjfxdach5-glib-2.74.1/lib:/nix/store/2j2znigd8ak37rlwh9khz0ry3clqlw1l-gtk+3-3.24.34/lib:/nix/store/hisqvx32cd57apbpcsnkpx6k3549wql1-libglvnd-1.4.0/lib:/nix/store/p36pgcv991mq5srvg765b78yqpxvk3qs-mesa-21.3.3-drivers/lib:/nix/store/mav4251if1ahjq5vkpwycyyvnmy459c4-pulseaudio-14.2/lib
DISPLAY=:0
LANG=en_US.UTF-8

Signal Handlers:
   SIGSEGV: crash_handler in libjvm.so, mask=11100100010111111101111111111110, flags=SA_RESTART|SA_SIGINFO
    SIGBUS: crash_handler in libjvm.so, mask=11100100010111111101111111111110, flags=SA_RESTART|SA_SIGINFO
    SIGFPE: crash_handler in libjvm.so, mask=11100100010111111101111111111110, flags=SA_RESTART|SA_SIGINFO
   SIGPIPE: IsolateEnterStub_IgnoreSIGPIPEStartupHook_noopSignalHandler_8f19bff2f35b5f630d83b364d6b2339320d4ec70_216e8361c6bc87a8f89f58cc10d3b2fd4415bf87 in libjvmcicompiler.so, mask=00000000000000000000000000000000, flags=SA_RESTART
  *** Handler was modified!
  *** Expected: javaSignalHandler in libjvm.so, mask=11100100110111111111111111111110, flags=SA_RESTART|SA_SIGINFO
   SIGXFSZ: javaSignalHandler in libjvm.so, mask=11100100010111111101111111111110, flags=SA_RESTART|SA_SIGINFO
    SIGILL: crash_handler in libjvm.so, mask=11100100010111111101111111111110, flags=SA_RESTART|SA_SIGINFO
   SIGUSR2: SR_handler in libjvm.so, mask=00000000000000000000000000000000, flags=SA_RESTART|SA_SIGINFO
    SIGHUP: UserHandler in libjvm.so, mask=11100100010111111101111111111110, flags=SA_RESTART|SA_SIGINFO
    SIGINT: UserHandler in libjvm.so, mask=11100100010111111101111111111110, flags=SA_RESTART|SA_SIGINFO
   SIGTERM: UserHandler in libjvm.so, mask=11100100010111111101111111111110, flags=SA_RESTART|SA_SIGINFO
   SIGQUIT: UserHandler in libjvm.so, mask=11100100010111111101111111111110, flags=SA_RESTART|SA_SIGINFO
  *** Handler was modified!
  *** Expected: javaSignalHandler in libjvm.so, mask=11100100110111111111111111111110, flags=SA_RESTART|SA_SIGINFO
   SIGTRAP: crash_handler in libjvm.so, mask=11100100010111111101111111111110, flags=SA_RESTART|SA_SIGINFO


---------------  S Y S T E M  ---------------

OS:
DISTRIB_ID=Ubuntu
DISTRIB_RELEASE=20.04
DISTRIB_CODENAME=focal
DISTRIB_DESCRIPTION="Ubuntu 20.04.2 LTS"
uname: Linux 5.15.0-1032-gcp #40~20.04.1-Ubuntu SMP Tue Apr 11 02:49:52 UTC 2023 x86_64
OS uptime: 0 days 3:26 hours
libc: glibc 2.35 NPTL 2.35 
rlimit (soft/hard): STACK 8192k/infinity , CORE infinity/infinity , NPROC infinity/infinity , NOFILE 5242/5242 , AS infinity/infinity , CPU infinity/infinity , DATA infinity/infinity , FSIZE infinity/infinity , MEMLOCK 64k/64k
load average: 11.11 12.22 13.68

/proc/meminfo:
MemTotal:       65852692 kB
MemFree:        25680004 kB
MemAvailable:   43594804 kB
Buffers:         2040436 kB
Cached:         14817464 kB
SwapCached:            0 kB
Active:          7162756 kB
Inactive:       28970528 kB
Active(anon):      19140 kB
Inactive(anon): 18991592 kB
Active(file):    7143616 kB
Inactive(file):  9978936 kB
Unevictable:       43508 kB
Mlocked:           43508 kB
SwapTotal:             0 kB
SwapFree:              0 kB
Dirty:              5208 kB
Writeback:           648 kB
AnonPages:      18938792 kB
Mapped:          1636432 kB
Shmem:             26868 kB
KReclaimable:    1519008 kB
Slab:            2811484 kB
SReclaimable:    1519008 kB
SUnreclaim:      1292476 kB
KernelStack:      480064 kB
PageTables:       207068 kB
NFS_Unstable:          0 kB
Bounce:                0 kB
WritebackTmp:          0 kB
CommitLimit:    32926344 kB
Committed_AS:   69181152 kB
VmallocTotal:   34359738367 kB
VmallocUsed:      518944 kB
VmallocChunk:          0 kB
Percpu:            60320 kB
HardwareCorrupted:     0 kB
AnonHugePages:   3188736 kB
ShmemHugePages:        0 kB
ShmemPmdMapped:        0 kB
FileHugePages:         0 kB
FilePmdMapped:         0 kB
HugePages_Total:       0
HugePages_Free:        0
HugePages_Rsvd:        0
HugePages_Surp:        0
Hugepagesize:       2048 kB
Hugetlb:               0 kB
DirectMap4k:     3652408 kB
DirectMap2M:    42481664 kB
DirectMap1G:    23068672 kB

/sys/kernel/mm/transparent_hugepage/enabled: always [madvise] never
/sys/kernel/mm/transparent_hugepage/defrag (defrag/compaction efforts parameter): always defer defer+madvise [madvise] never

Process Memory:
Virtual Size: 5463128K (peak: 5492540K)
Resident Set Size: 765028K (peak: 795604K) (anon: 567704K, file: 197324K, shmem: 0K)
Swapped out: 0K
C-Heap outstanding allocations: 43273K, retained: 15662K
glibc malloc tunables: (default)

/proc/sys/kernel/threads-max (system-wide limit on the number of threads): 514406
/proc/sys/vm/max_map_count (maximum number of memory map areas a process may have): 65530
/proc/sys/kernel/pid_max (system-wide limit on number of process identifiers): 4194304

container (cgroup) information:
container_type: cgroupv1
cpu_cpuset_cpus: 2-7
cpu_memory_nodes: 0
active_processor_count: 1
cpu_quota: 50000
cpu_period: 100000
cpu_shares: 512
memory_limit_in_bytes: 1048576 k
memory_and_swap_limit_in_bytes: 1048576 k
memory_soft_limit_in_bytes: 524288 k
memory_usage_in_bytes: 654400 k
memory_max_usage_in_bytes: 671264 k
maximum number of tasks: 1000
current number of tasks: 49

KVM virtualization detected
Steal ticks since vm start: 0
Steal ticks percentage since vm start:  0.000

CPU: total 8 (initial active 1) (8 cores per cpu, 2 threads per core) family 23 model 49 stepping 0 microcode 0xffffffff, cx8, cmov, fxsr, ht, mmx, 3dnowpref, sse, sse2, sse3, ssse3, sse4a, sse4.1, sse4.2, popcnt, lzcnt, tsc, tscinvbit, avx, avx2, aes, clmul, bmi1, bmi2, adx, sha, fma, vzeroupper, clflush, clflushopt, hv
CPU Model and flags from /proc/cpuinfo:
model name	: AMD EPYC 7B12
flags		: fpu vme de pse tsc msr pae mce cx8 apic sep mtrr pge mca cmov pat pse36 clflush mmx fxsr sse sse2 ht syscall nx mmxext fxsr_opt pdpe1gb rdtscp lm constant_tsc rep_good nopl nonstop_tsc cpuid extd_apicid tsc_known_freq pni pclmulqdq ssse3 fma cx16 sse4_1 sse4_2 movbe popcnt aes xsave avx f16c rdrand hypervisor lahf_lm cmp_legacy cr8_legacy abm sse4a misalignsse 3dnowprefetch osvw topoext ssbd ibrs ibpb stibp vmmcall fsgsbase tsc_adjust bmi1 avx2 smep bmi2 rdseed adx smap clflushopt clwb sha_ni xsaveopt xsavec xgetbv1 clzero xsaveerptr arat npt nrip_save umip rdpid

Online cpus: 0-7
Offline cpus: 
BIOS frequency limitation: <Not Available>
Frequency switch latency (ns): <Not Available>
Available cpu frequencies: <Not Available>
Current governor: <Not Available>
Core performance/turbo boost: <Not Available>

Memory: 4k page, physical 1048576k(394168k free), swap 0k(0k free)
Page Sizes: 4k

vm_info: OpenJDK 64-Bit Server VM (17.0.5+8-jvmci-22.3-b08) for linux-amd64 JRE (17.0.5+8-jvmci-22.3-b08), built on Oct 19 2022 09:01:27 by "buildslave" with gcc 10.3.0

END.
