#
# A fatal error has been detected by the Java Runtime Environment:
#
#  Internal Error (jvmciRuntime.cpp:1609), pid=28, tid=43
#  fatal error: Fatal exception in JVMCI: Error calling jdk.vm.ci.services.Services.serializeSavedProperties
#
# JRE version: OpenJDK Runtime Environment GraalVM CE 22.3.0 (17.0.5+8) (build 17.0.5+8-jvmci-22.3-b08)
# Java VM: OpenJDK 64-Bit Server VM GraalVM CE 22.3.0 (17.0.5+8-jvmci-22.3-b08, mixed mode, sharing, tiered, jvmci, jvmci compiler, compressed oops, compressed class ptrs, parallel gc, linux-amd64)
# Problematic frame:
# V  [libjvm.so+0x972714]  JVMCIRuntime::fatal_exception(JVMCIEnv*, char const*)+0x74
#
# Core dump will be written. Default location: Core dumps may be processed with "/usr/share/apport/apport -p%p -s%s -c%c -d%d -P%P -u%u -g%g -- %E" (or dumping to /home/runner/algorithm/core.28)
#
# If you would like to submit a bug report, please visit:
#   https://github.com/oracle/graal/issues
#

---------------  S U M M A R Y ------------

Command Line: -XX:ThreadPriorityPolicy=1 -XX:+UnlockExperimentalVMOptions -XX:+EnableJVMCIProduct -XX:JVMCIThreadsPerNativeLibraryRuntime=1 -XX:-UnlockExperimentalVMOptions -Declipse.application=org.eclipse.jdt.ls.core.id1 -Dosgi.bundles.defaultStartLevel=4 -Declipse.product=org.eclipse.jdt.ls.core.product -Dlog.level=ALL -Xverify:none -XX:+UseParallelGC -XX:GCTimeRatio=4 -XX:AdaptiveSizePolicyWeight=90 -Dsun.zip.disableMemoryMapping=true -Xmx512m -Xms100m /nix/store/m6gcpi1ii6rghy04cjwjddcavv7i90df-jdt-language-server-1.9.0/share/java/plugins/org.eclipse.equinox.launcher_1.6.400.v20210924-0641.jar --add-modules=ALL-SYSTEM --add-opens java.base/java.util=ALL-UNNAMED --add-opens java.base/java.lang=ALL-UNNAMED -configuration /home/runner/.cache/jdt-language-server/config -data /home/runner/.cache/jdt-language-server/data/home/runner/algorithm

Host: AMD EPYC 7B12, 8 cores, 1G, Ubuntu 20.04.2 LTS
Time: Tue Mar 21 07:25:50 2023 UTC elapsed time: 920.642596 seconds (0d 0h 15m 20s)

---------------  T H R E A D  ---------------

Current thread (0x00007ffbe00b2200):  JavaThread "JVMCI-native CompilerThread0" daemon [_thread_in_vm, id=43, stack(0x00007ffbe4448000,0x00007ffbe4648000)]


Current CompileTask:
JVMCI-native: 920644 11943       4       org.eclipse.jdt.internal.compiler.lookup.LookupEnvironment::getTypeFromTypeVariable (68 bytes)

Stack: [0x00007ffbe4448000,0x00007ffbe4648000],  sp=0x00007ffbe4646380,  free space=2040k
Native frames: (J=compiled Java code, j=interpreted, Vv=VM code, C=native code)
V  [libjvm.so+0x972714]  JVMCIRuntime::fatal_exception(JVMCIEnv*, char const*)+0x74
V  [libjvm.so+0x93e2fe]  JVMCIEnv::copy_saved_properties()+0x14e
V  [libjvm.so+0x9732a9]  JVMCIRuntime::initialize(JVMCIEnv*)+0xb19
V  [libjvm.so+0x9738a2]  JVMCIRuntime::get_HotSpotJVMCIRuntime(JVMCIEnv*)+0x12
V  [libjvm.so+0x9749f2]  JVMCIRuntime::compile_method(JVMCIEnv*, JVMCICompiler*, methodHandle const&, int)+0xd2
V  [libjvm.so+0x5b0d20]  CompileBroker::invoke_compiler_on_method(CompileTask*)+0x1470
V  [libjvm.so+0x5b12e8]  CompileBroker::compiler_thread_loop()+0x528
V  [libjvm.so+0xd82460]  JavaThread::thread_main_inner()+0xd0
V  [libjvm.so+0xd85a40]  Thread::call_run()+0xc0
V  [libjvm.so+0xbdb1e1]  thread_native_entry(Thread*)+0xe1

Register to memory mapping:

RAX=0x00007ffbe7560000 points into unknown readable memory: 0x0000000000000058 | 58 00 00 00 00 00 00 00
RBX=0x00007ffbe865b398: <offset 0x0000000000ef5398> in /nix/store/gpxl5qgg8kicmcvivwmybwjlpf7wh20l-graalvm17-ce-22.3.0/lib/server/libjvm.so at 0x00007ffbe7766000
RCX=0x00007ffbe86131e8: <offset 0x0000000000ead1e8> in /nix/store/gpxl5qgg8kicmcvivwmybwjlpf7wh20l-graalvm17-ce-22.3.0/lib/server/libjvm.so at 0x00007ffbe7766000
RDX=0x0000000000000649 is an unknown value
RSP=0x00007ffbe4646380 is pointing into the stack for thread: 0x00007ffbe00b2200
RBP=0x00007ffbe46463a0 is pointing into the stack for thread: 0x00007ffbe00b2200
RSI=0x00007ffbe865bc48: <offset 0x0000000000ef5c48> in /nix/store/gpxl5qgg8kicmcvivwmybwjlpf7wh20l-graalvm17-ce-22.3.0/lib/server/libjvm.so at 0x00007ffbe7766000
RDI=0x00000000e0000000 is an oop: [B 
{0x00000000e0000000} - klass: {type array byte}
 - length: 49
R8 =0x00007ffbe865b398: <offset 0x0000000000ef5398> in /nix/store/gpxl5qgg8kicmcvivwmybwjlpf7wh20l-graalvm17-ce-22.3.0/lib/server/libjvm.so at 0x00007ffbe7766000
R9 =0x00007ffbe4646330 is pointing into the stack for thread: 0x00007ffbe00b2200
R10=0x00007ffbe4647948 is pointing into the stack for thread: 0x00007ffbe00b2200
R11=0x0000000000000293 is an unknown value
R12=0x0 is NULL
R13=0x00007ffbe00b2200 is a thread
R14=0x00007ffbe0000b80 points into unknown readable memory: 0x00007ffbe888ca38 | 38 ca 88 e8 fb 7f 00 00
R15=0x00007ffbe899ae40: <offset 0x0000000001234e40> in /nix/store/gpxl5qgg8kicmcvivwmybwjlpf7wh20l-graalvm17-ce-22.3.0/lib/server/libjvm.so at 0x00007ffbe7766000


Registers:
RAX=0x00007ffbe7560000, RBX=0x00007ffbe865b398, RCX=0x00007ffbe86131e8, RDX=0x0000000000000649
RSP=0x00007ffbe4646380, RBP=0x00007ffbe46463a0, RSI=0x00007ffbe865bc48, RDI=0x00000000e0000000
R8 =0x00007ffbe865b398, R9 =0x00007ffbe4646330, R10=0x00007ffbe4647948, R11=0x0000000000000293
R12=0x0000000000000000, R13=0x00007ffbe00b2200, R14=0x00007ffbe0000b80, R15=0x00007ffbe899ae40
RIP=0x00007ffbe80d8714, EFLAGS=0x0000000000010206, CSGSFS=0x002b000000000033, ERR=0x0000000000000006
  TRAPNO=0x000000000000000e

Top of Stack: (sp=0x00007ffbe4646380)
0x00007ffbe4646380:   00007ffbe4646940 00007ffbe00b2200
0x00007ffbe4646390:   00007ffbe5ef18c8 0000000800c417a0
0x00007ffbe46463a0:   00007ffbe4646500 00007ffbe80a42fe
0x00007ffbe46463b0:   00007ffbe46463e0 00007ffbe4646440 

Instructions: (pc=0x00007ffbe80d8714)
0x00007ffbe80d8614:   30 e8 f6 cf e8 ff 4c 89 e7 e8 2e 48 d1 ff 84 db
0x00007ffbe80d8624:   75 2a 4d 85 ed 74 04 4d 8b 6d 00 48 83 c4 08 44
0x00007ffbe80d8634:   89 f9 4c 89 f2 4c 89 ee 5b 4c 89 e7 41 5c 41 5d
0x00007ffbe80d8644:   41 5e 41 5f 5d e9 e2 47 d1 ff 66 90 48 83 c4 08
0x00007ffbe80d8654:   5b 41 5c 41 5d 41 5e 41 5f 5d c3 90 31 d2 be 08
0x00007ffbe80d8664:   00 00 00 4c 89 ff e8 b1 78 a3 ff 49 89 c5 e9 37
0x00007ffbe80d8674:   ff ff ff 66 0f 1f 84 00 00 00 00 00 48 8b 7a 08
0x00007ffbe80d8684:   e9 6d ff ff ff 0f 1f 80 00 00 00 00 e8 5b 48 0a
0x00007ffbe80d8694:   00 84 c0 75 89 e9 6a ff ff ff 66 90 55 48 89 e5
0x00007ffbe80d86a4:   41 56 41 55 41 54 49 89 fc 53 48 89 f3 66 48 8d
0x00007ffbe80d86b4:   3d 27 5e 85 00 66 66 48 e8 df 43 8d ff 4c 8b 28
0x00007ffbe80d86c4:   8b 05 be 72 8a 00 85 c0 75 14 ba 01 00 00 00 48
0x00007ffbe80d86d4:   8d 0d ae 72 8a 00 f0 0f b1 11 85 c0 74 4e be c8
0x00007ffbe80d86e4:   00 00 00 4c 89 ef e8 01 0b 41 00 48 8d 05 12 ac
0x00007ffbe80d86f4:   85 00 49 89 d8 48 8d 0d e8 aa 53 00 ba 49 06 00
0x00007ffbe80d8704:   00 48 8d 35 3c 35 58 00 bf 00 00 00 e0 48 8b 00
0x00007ffbe80d8714:   c6 00 58 31 c0 e8 e2 91 c6 ff 5b 41 5c 41 5d 41
0x00007ffbe80d8724:   5e 5d e9 55 34 26 00 0f 1f 44 00 00 48 8d 05 81
0x00007ffbe80d8734:   a3 8b 00 48 89 df 4c 8b 30 e8 9e 43 8d ff 48 89
0x00007ffbe80d8744:   de 48 89 c2 49 8b 06 4c 89 f7 ff 50 08 4c 89 f7
0x00007ffbe80d8754:   e8 a7 5c 27 00 4d 85 e4 74 12 be 01 00 00 00 4c
0x00007ffbe80d8764:   89 e7 e8 35 43 fc ff eb 82 0f 1f 00 be 01 00 00
0x00007ffbe80d8774:   00 4c 89 ef e8 d3 fd ff ff e9 6d ff ff ff 66 66
0x00007ffbe80d8784:   2e 0f 1f 84 00 00 00 00 00 0f 1f 00 55 48 89 e5
0x00007ffbe80d8794:   41 57 41 56 41 55 41 54 53 48 81 ec 08 02 00 00
0x00007ffbe80d87a4:   64 48 8b 04 25 28 00 00 00 48 89 45 c8 8b 07 83
0x00007ffbe80d87b4:   f8 02 0f 84 11 04 00 00 4c 8b 6f 18 49 89 ff 49
0x00007ffbe80d87c4:   89 f4 4d 85 ed 74 14 4c 89 ef e8 5d 57 22 00 41
0x00007ffbe80d87d4:   8b 07 83 f8 02 0f 84 19 04 00 00 48 8d 1d 9a 06
0x00007ffbe80d87e4:   8a 00 4c 8d 35 0b 3c 58 00 eb 38 90 48 85 d2 7f
0x00007ffbe80d87f4:   0d 48 8d 05 b4 c0 85 00 48 83 38 00 7e 0e 41 8b
0x00007ffbe80d8804:   77 2c 4c 89 f7 31 c0 e8 a0 b2 f7 ff 49 8b 7f 18 


Stack slot to memory mapping:
stack at sp + 0 slots: 0x00007ffbe4646940 is pointing into the stack for thread: 0x00007ffbe00b2200
stack at sp + 1 slots: 0x00007ffbe00b2200 is a thread
stack at sp + 2 slots: 0x00007ffbe5ef18c8 points into unknown readable memory: 0x6573001880c9ffff | ff ff c9 80 18 00 73 65
stack at sp + 3 slots: 0x0000000800c417a0 is a pointer to class: 
jdk.vm.ci.services.Services {0x0000000800c417a0}
 - instance size:     2
 - klass size:        65
 - access:            public final synchronized 
 - state:             fully_initialized
 - name:              'jdk/vm/ci/services/Services'
 - super:             'java/lang/Object'
 - sub:               
 - arrays:            NULL
 - methods:           Array<T>(0x00007ffbe50434f8)
 - method ordering:   Array<T>(0x0000000800928960)
 - default_methods:   Array<T>(0x0000000000000000)
 - local interfaces:  Array<T>(0x00000008005ce810)
 - trans. interfaces: Array<T>(0x00000008005ce810)
 - constants:         constant pool [427] {0x00007ffbe50425d8} for 'jdk/vm/ci/services/Services' cache=0x00007ffbe50447c8
 - class loader data:  loader data: 0x00007ffbe00283f0 of 'bootstrap'
 - source file:       'Services.java'
 - class annotations:       Array<T>(0x0000000000000000)
 - class type annotations:  Array<T>(0x0000000000000000)
 - field annotations:       Array<T>(0x0000000000000000)
 - field type annotations:  Array<T>(0x0000000000000000)
 - inner classes:     Array<T>(0x00007ffbe5044798)
 - nest members:     Array<T>(0x00007ffbe50447b8)
 - permitted subclasses:     Array<T>(0x00000008005ce7a0)
 - java mirror:       a 'java/lang/Class'{0x00000000e0178620} = 'jdk/vm/ci/services/Services'
 - vtable length      5  (start addr: 0x0000000800c41970)
 - itable length      2 (start addr: 0x0000000800c41998)
 - ---- static fields (3 words):
 - public static final 'IS_BUILDING_NATIVE_IMAGE' 'Z' @128 
 - public static final 'IS_IN_NATIVE_IMAGE' 'Z' @129 
 - private static volatile 'savedProperties' 'Ljava/util/Map;' @112 
 - static final 'JVMCI_ENABLED' 'Z' @130 
 - private static final 'servicesCache' 'Ljava/util/Map;' @116 
 - private static final 'MAX_UNICODE_IN_UTF8_LENGTH' 'I' @120 
 - private static final 'MAX_UTF8_PROPERTY_STRING_LENGTH' 'I' @124 
 - ---- non-static fields (0 words):
 - non-static oop maps: 
stack at sp + 4 slots: 0x00007ffbe4646500 is pointing into the stack for thread: 0x00007ffbe00b2200
stack at sp + 5 slots: 0x00007ffbe80a42fe: <offset 0x000000000093e2fe> in /nix/store/gpxl5qgg8kicmcvivwmybwjlpf7wh20l-graalvm17-ce-22.3.0/lib/server/libjvm.so at 0x00007ffbe7766000
stack at sp + 6 slots: 0x00007ffbe46463e0 is pointing into the stack for thread: 0x00007ffbe00b2200
stack at sp + 7 slots: 0x00007ffbe4646440 is pointing into the stack for thread: 0x00007ffbe00b2200


---------------  P R O C E S S  ---------------

Threads class SMR info:
_java_thread_list=0x00007ffb4c0cc580, length=26, elements={
0x00007ffbe0026690, 0x00007ffbe00a64d0, 0x00007ffbe00a7910, 0x00007ffbe00ae070,
0x00007ffbe00af420, 0x00007ffbe00b0810, 0x00007ffbe00b2200, 0x00007ffbe00b3710,
0x00007ffbe00b4b60, 0x00007ffbe00d8100, 0x00007ffbe011f930, 0x00007ffbe0302bf0,
0x00007ffbe0335f80, 0x00007ffbe0338960, 0x00007ffbe05fe870, 0x00007ffb7801a6c0,
0x00007ffb782b2040, 0x00007ffb783159d0, 0x00007ffb78495b40, 0x00007ffb786000f0,
0x00007ffbe040d020, 0x00007ffbe0366bd0, 0x00007ffb44000d70, 0x00007ffb44065db0,
0x00007ffb500d3750, 0x00007ffb68367460
}

Java Threads: ( => current thread )
  0x00007ffbe0026690 JavaThread "main" [_thread_blocked, id=35, stack(0x00007ffbe7581000,0x00007ffbe7681000)]
  0x00007ffbe00a64d0 JavaThread "Reference Handler" daemon [_thread_blocked, id=38, stack(0x00007ffbe4d2e000,0x00007ffbe4e2e000)]
  0x00007ffbe00a7910 JavaThread "Finalizer" daemon [_thread_blocked, id=39, stack(0x00007ffbe4c2e000,0x00007ffbe4d2e000)]
  0x00007ffbe00ae070 JavaThread "Signal Dispatcher" daemon [_thread_blocked, id=40, stack(0x00007ffbe4848000,0x00007ffbe4948000)]
  0x00007ffbe00af420 JavaThread "Service Thread" daemon [_thread_blocked, id=41, stack(0x00007ffbe4748000,0x00007ffbe4848000)]
  0x00007ffbe00b0810 JavaThread "Monitor Deflation Thread" daemon [_thread_blocked, id=42, stack(0x00007ffbe4648000,0x00007ffbe4748000)]
=>0x00007ffbe00b2200 JavaThread "JVMCI-native CompilerThread0" daemon [_thread_in_vm, id=43, stack(0x00007ffbe4448000,0x00007ffbe4648000)]
  0x00007ffbe00b3710 JavaThread "C1 CompilerThread0" daemon [_thread_blocked, id=44, stack(0x00007ffbe4248000,0x00007ffbe4448000)]
  0x00007ffbe00b4b60 JavaThread "Sweeper thread" daemon [_thread_blocked, id=45, stack(0x00007ffbe4148000,0x00007ffbe4248000)]
  0x00007ffbe00d8100 JavaThread "Common-Cleaner" daemon [_thread_blocked, id=46, stack(0x00007ffbe4048000,0x00007ffbe4148000)]
  0x00007ffbe011f930 JavaThread "Notification Thread" daemon [_thread_blocked, id=51, stack(0x00007ffbc73b3000,0x00007ffbc74b3000)]
  0x00007ffbe0302bf0 JavaThread "Active Thread: Equinox Container: 3e3d3bb3-2127-4c9d-8b7c-c3366d306b17" [_thread_blocked, id=69, stack(0x00007ffbc71b1000,0x00007ffbc72b1000)]
  0x00007ffbe0335f80 JavaThread "Framework Event Dispatcher: Equinox Container: 3e3d3bb3-2127-4c9d-8b7c-c3366d306b17" daemon [_thread_blocked, id=72, stack(0x00007ffbc4d00000,0x00007ffbc4e00000)]
  0x00007ffbe0338960 JavaThread "Start Level: Equinox Container: 3e3d3bb3-2127-4c9d-8b7c-c3366d306b17" daemon [_thread_blocked, id=73, stack(0x00007ffbc4b00000,0x00007ffbc4c00000)]
  0x00007ffbe05fe870 JavaThread "Refresh Thread: Equinox Container: 3e3d3bb3-2127-4c9d-8b7c-c3366d306b17" daemon [_thread_blocked, id=74, stack(0x00007ffbc4900000,0x00007ffbc4a00000)]
  0x00007ffb7801a6c0 JavaThread "SCR Component Actor" daemon [_thread_blocked, id=83, stack(0x00007ffbc4700000,0x00007ffbc4800000)]
  0x00007ffb782b2040 JavaThread "Worker-JM" [_thread_blocked, id=93, stack(0x00007ffbc4300000,0x00007ffbc4400000)]
  0x00007ffb783159d0 JavaThread "Worker-0: Publish Diagnostics" [_thread_blocked, id=94, stack(0x00007ffbc4100000,0x00007ffbc4200000)]
  0x00007ffb78495b40 JavaThread "Java indexing" daemon [_thread_blocked, id=96, stack(0x00007ffb8eb00000,0x00007ffb8ec00000)]
  0x00007ffb786000f0 JavaThread "Bundle File Closer" daemon [_thread_blocked, id=105, stack(0x00007ffb8e900000,0x00007ffb8ea00000)]
  0x00007ffbe040d020 JavaThread "pool-3-thread-1" [_thread_blocked, id=106, stack(0x00007ffb8e700000,0x00007ffb8e800000)]
  0x00007ffbe0366bd0 JavaThread "pool-2-thread-1" [_thread_blocked, id=108, stack(0x00007ffb8e300000,0x00007ffb8e400000)]
  0x00007ffb44000d70 JavaThread "Worker-4: Java indexing... " [_thread_blocked, id=118, stack(0x00007ffbc4500000,0x00007ffbc4600000)]
  0x00007ffb44065db0 JavaThread "Worker-5: Compacting resource model" [_thread_blocked, id=163, stack(0x00007ffb8dd00000,0x00007ffb8de00000)]
  0x00007ffb500d3750 JavaThread "Thread-6" [_thread_blocked, id=292, stack(0x00007ffbc4000000,0x00007ffbc4100000)]
  0x00007ffb68367460 JavaThread "Worker-6" [_thread_blocked, id=298, stack(0x00007ffb8ec00000,0x00007ffb8ed00000)]

Other Threads:
  0x00007ffbe00a1c10 VMThread "VM Thread" [stack: 0x00007ffbe4e30000,0x00007ffbe4f30000] [id=37] _threads_hazard_ptr=0x00007ffb4c0cc580
  0x00007ffbe01212d0 WatcherThread [stack: 0x00007ffbc72b3000,0x00007ffbc73b3000] [id=52]
  0x00007ffbe003df30 GCTaskThread "GC Thread#0" [stack: 0x00007ffbe7144000,0x00007ffbe7244000] [id=36]

Threads with active compile tasks:
JVMCI-native CompilerThread0   920864 11943       4       org.eclipse.jdt.internal.compiler.lookup.LookupEnvironment::getTypeFromTypeVariable (68 bytes)

VM state: synchronizing (normal execution)

VM Mutex/Monitor currently owned by a thread:  ([mutex/lock_event])
[0x00007ffbe0023840] Threads_lock - owner thread: 0x00007ffbe00a1c10
[0x00007ffbe0023ff0] Heap_lock - owner thread: 0x00007ffb783159d0

OutOfMemory and StackOverflow Exception counts:
OutOfMemoryError java_heap_errors=6
LinkageErrors=52

Heap address: 0x00000000e0000000, size: 512 MB, Compressed Oops mode: 32-bit

CDS archive(s) mapped at: [0x0000000800000000-0x0000000800bc8000-0x0000000800bc8000), size 12353536, SharedBaseAddress: 0x0000000800000000, ArchiveRelocationMode: 0.
Compressed class space mapped at: 0x0000000800c00000-0x0000000840c00000, reserved size: 1073741824
Narrow klass base: 0x0000000800000000, Narrow klass shift: 0, Narrow klass range: 0x100000000

GC Precious Log:
 CPUs: 8 total, 1 available
 Memory: 1024M
 Large Page Support: Disabled
 NUMA Support: Disabled
 Compressed Oops: Enabled (32-bit)
 Alignments: Space 512K, Generation 512K, Heap 2M
 Heap Min Capacity: 100M
 Heap Initial Capacity: 100M
 Heap Max Capacity: 512M
 Pre-touch: Disabled
 Parallel Workers: 1

Heap:
 PSYoungGen      total 31744K, used 16895K [0x00000000f5580000, 0x00000000f9780000, 0x0000000100000000)
  eden space 16896K, 99% used [0x00000000f5580000,0x00000000f65ffff8,0x00000000f6600000)
  from space 14848K, 0% used [0x00000000f7e80000,0x00000000f7e80000,0x00000000f8d00000)
  to   space 25088K, 0% used [0x00000000f6600000,0x00000000f6600000,0x00000000f7e80000)
 ParOldGen       total 349696K, used 349695K [0x00000000e0000000, 0x00000000f5580000, 0x00000000f5580000)
  object space 349696K, 99% used [0x00000000e0000000,0x00000000f557ff78,0x00000000f5580000)
 Metaspace       used 60599K, committed 61632K, reserved 1105920K
  class space    used 5714K, committed 6144K, reserved 1048576K

Card table byte_map: [0x00007ffbe7244000,0x00007ffbe7345000] _byte_map_base: 0x00007ffbe6b44000

Marking Bits: (ParMarkBitMap*) 0x00007ffbe89944c0
 Begin Bits: [0x00007ffbe6097000, 0x00007ffbe6897000)
 End Bits:   [0x00007ffbe6897000, 0x00007ffbe7097000)

Polling page: 0x00007ffbe755e000

Metaspace:

Usage:
  Non-class:     53.60 MB used.
      Class:      5.58 MB used.
       Both:     59.18 MB used.

Virtual space:
  Non-class space:       56.00 MB reserved,      54.19 MB ( 97%) committed,  7 nodes.
      Class space:        1.00 GB reserved,       6.00 MB ( <1%) committed,  1 nodes.
             Both:        1.05 GB reserved,      60.19 MB (  6%) committed. 

Chunk freelists:
   Non-Class:  1.31 MB
       Class:  2.08 MB
        Both:  3.39 MB

MaxMetaspaceSize: unlimited
CompressedClassSpaceSize: 1.00 GB
Initial GC threshold: 21.00 MB
Current GC threshold: 100.31 MB
CDS: on
MetaspaceReclaimPolicy: balanced
 - commit_granule_bytes: 65536.
 - commit_granule_words: 8192.
 - virtual_space_node_default_size: 1048576.
 - enlarge_chunks_in_place: 1.
 - new_chunks_are_fully_committed: 0.
 - uncommit_free_chunks: 1.
 - use_allocation_guard: 0.
 - handle_deallocations: 1.


Internal statistics:

num_allocs_failed_limit: 6.
num_arena_births: 382.
num_arena_deaths: 84.
num_vsnodes_births: 8.
num_vsnodes_deaths: 0.
num_space_committed: 959.
num_space_uncommitted: 0.
num_chunks_returned_to_freelist: 119.
num_chunks_taken_from_freelist: 2695.
num_chunk_merges: 44.
num_chunk_splits: 1769.
num_chunks_enlarged: 1132.
num_purges: 18.
num_inconsistent_stats: 0.

CodeHeap 'non-profiled nmethods': size=120036Kb used=2653Kb max_used=2653Kb free=117382Kb
 bounds [0x00007ffbcef7a000, 0x00007ffbcf21a000, 0x00007ffbd64b3000]
CodeHeap 'profiled nmethods': size=120032Kb used=21363Kb max_used=21363Kb free=98668Kb
 bounds [0x00007ffbc7a42000, 0x00007ffbc8f22000, 0x00007ffbcef7a000]
CodeHeap 'non-nmethods': size=5692Kb used=1402Kb max_used=1405Kb free=4290Kb
 bounds [0x00007ffbc74b3000, 0x00007ffbc7723000, 0x00007ffbc7a42000]
 total_blobs=9345 nmethods=8607 adapters=620
 compilation: enabled
              stopped_count=0, restarted_count=0
 full_count=0

JVMCI Events (20 events):
Event: 733.203 Thread 0x00007ffbe00b2200 compacted oop handles in JVMCI runtime 0 from 51 to 51
Event: 733.203 Thread 0x00007ffbe00b2200 releasing handles for JVMCI runtime 0: oop handles=51, metadata handles={total=106, live=101, blocks=48}
Event: 733.203 Thread 0x00007ffbe00b2200 detached from JVMCI runtime 0
Event: 768.554 Thread 0x00007ffbe00b2200 attached to JVMCI runtime 0
Event: 768.597 Thread 0x00007ffbe00b2200 created JavaVM[6]@0x00007ffb8d79e340 for JVMCI runtime 0
Event: 768.597 Thread 0x00007ffbe00b2200 initializing JVMCI runtime 0
Event: 768.597 Thread 0x00007ffbe00b2200 done waiting for JavaVM references initialization in JVMCI runtime 0
Event: 786.599 Thread 0x00007ffbe00b2200 initialized JVMCI runtime 0
Event: 827.815 Thread 0x00007ffbe00b2200 compacted oop handles in JVMCI runtime 0 from 53 to 43
Event: 836.002 Thread 0x00007ffbe00b2200 detaching from JVMCI runtime 0: releasing idle compiler thread (0 other threads still attached)
Event: 836.002 Thread 0x00007ffbe00b2200 shutting down HotSpotJVMCIRuntime for JVMCI runtime 0
Event: 836.002 Thread 0x00007ffbe00b2200 shut down JVMCI runtime 0
Event: 836.007 Thread 0x00007ffbe00b2200 destroyed JavaVM[6]@0x00007ffb8d79e340 for JVMCI runtime 0
Event: 836.007 Thread 0x00007ffbe00b2200 compacted oop handles in JVMCI runtime 0 from 49 to 49
Event: 836.007 Thread 0x00007ffbe00b2200 releasing handles for JVMCI runtime 0: oop handles=49, metadata handles={total=121, live=111, blocks=48}
Event: 836.007 Thread 0x00007ffbe00b2200 detached from JVMCI runtime 0
Event: 875.704 Thread 0x00007ffbe00b2200 attached to JVMCI runtime 0
Event: 875.706 Thread 0x00007ffbe00b2200 created JavaVM[7]@0x00007ffb8d79e340 for JVMCI runtime 0
Event: 875.706 Thread 0x00007ffbe00b2200 initializing JVMCI runtime 0
Event: 875.706 Thread 0x00007ffbe00b2200 done waiting for JavaVM references initialization in JVMCI runtime 0

Compilation events (20 events):
Event: 640.410 Thread 0x00007ffbe00b2200 nmethod 11935% 0x00007ffbcf20b290 code [0x00007ffbcf20b480, 0x00007ffbcf20bf70]
Event: 640.410 Thread 0x00007ffbe00b2200 11936       4       org.eclipse.jdt.internal.compiler.lookup.TypeSystem$HashedParameterizedTypes$PTBKey::<init> (117 bytes)
Event: 648.414 Thread 0x00007ffbe00b2200 nmethod 11936 0x00007ffbcf20c690 code [0x00007ffbcf20c840, 0x00007ffbcf20cd50]
Event: 657.538 Thread 0x00007ffbe00b2200 11937       4       java.lang.Thread::interrupted (23 bytes)
Event: 715.299 Thread 0x00007ffbe00b3710 11939       1       org.eclipse.osgi.internal.framework.EquinoxContainer::getStorage (5 bytes)
Event: 715.299 Thread 0x00007ffbe00b3710 nmethod 11939 0x00007ffbcf20d090 code [0x00007ffbcf20d220, 0x00007ffbcf20d2f0]
Event: 725.509 Thread 0x00007ffbe00b2200 nmethod 11937 0x00007ffbcf20d390 code [0x00007ffbcf20d500, 0x00007ffbcf20d568]
Event: 725.509 Thread 0x00007ffbe00b2200 11938       4       java.lang.AbstractStringBuilder::append (45 bytes)
Event: 730.600 Thread 0x00007ffbe00b2200 nmethod 11938 0x00007ffbcf20d690 code [0x00007ffbcf20d840, 0x00007ffbcf20ddc0]
Event: 768.554 Thread 0x00007ffbe00b2200 11940       4       org.eclipse.jdt.internal.core.index.DiskIndex::copyQueryResults (218 bytes)
Event: 793.304 Thread 0x00007ffbe00b3710 11942       3       java.lang.StringBuffer::append (6 bytes)
Event: 793.304 Thread 0x00007ffbe00b3710 nmethod 11942 0x00007ffbc8f1d490 code [0x00007ffbc8f1d640, 0x00007ffbc8f1d8c0]
Event: 827.815 Thread 0x00007ffbe00b2200 nmethod 11940 0x00007ffbcf20e090 code [0x00007ffbcf20e2c0, 0x00007ffbcf20f570]
Event: 827.815 Thread 0x00007ffbe00b2200 11941       4       java.io.DataOutputStream::writeUTF (411 bytes)
Event: 834.680 Thread 0x00007ffbe00b2200 nmethod 11941 0x00007ffbcf210010 code [0x00007ffbcf210220, 0x00007ffbcf210e40]
Event: 875.704 Thread 0x00007ffbe00b2200 11943       4       org.eclipse.jdt.internal.compiler.lookup.LookupEnvironment::getTypeFromTypeVariable (68 bytes)
Event: 891.025 Thread 0x00007ffbe00b3710 11944       3       java.util.concurrent.ThreadPoolExecutor::isShutdown (12 bytes)
Event: 892.235 Thread 0x00007ffbe00b3710 nmethod 11944 0x00007ffbc8f1da10 code [0x00007ffbc8f1dbc0, 0x00007ffbc8f1ddb0]
Event: 902.200 Thread 0x00007ffbe00b3710 11945       3       java.util.concurrent.ScheduledThreadPoolExecutor::canRunInCurrentRunState (61 bytes)
Event: 904.500 Thread 0x00007ffbe00b3710 nmethod 11945 0x00007ffbc8f1de90 code [0x00007ffbc8f1e0a0, 0x00007ffbc8f1eb40]

GC Heap History (20 events):
Event: 908.038 GC heap before
{Heap before GC invocations=784 (full 612):
 PSYoungGen      total 31744K, used 16896K [0x00000000f5580000, 0x00000000f9780000, 0x0000000100000000)
  eden space 16896K, 100% used [0x00000000f5580000,0x00000000f6600000,0x00000000f6600000)
  from space 14848K, 0% used [0x00000000f7e80000,0x00000000f7e80000,0x00000000f8d00000)
  to   space 25088K, 0% used [0x00000000f6600000,0x00000000f6600000,0x00000000f7e80000)
 ParOldGen       total 349696K, used 349695K [0x00000000e0000000, 0x00000000f5580000, 0x00000000f5580000)
  object space 349696K, 99% used [0x00000000e0000000,0x00000000f557fff8,0x00000000f5580000)
 Metaspace       used 60596K, committed 61632K, reserved 1105920K
  class space    used 5713K, committed 6144K, reserved 1048576K
}
Event: 909.302 GC heap after
{Heap after GC invocations=784 (full 612):
 PSYoungGen      total 41984K, used 16895K [0x00000000f5580000, 0x00000000f9780000, 0x0000000100000000)
  eden space 16896K, 99% used [0x00000000f5580000,0x00000000f65fff30,0x00000000f6600000)
  from space 25088K, 0% used [0x00000000f6600000,0x00000000f6600000,0x00000000f7e80000)
  to   space 14848K, 0% used [0x00000000f7e80000,0x00000000f7e80000,0x00000000f8d00000)
 ParOldGen       total 349696K, used 349695K [0x00000000e0000000, 0x00000000f5580000, 0x00000000f5580000)
  object space 349696K, 99% used [0x00000000e0000000,0x00000000f557fc90,0x00000000f5580000)
 Metaspace       used 60596K, committed 61632K, reserved 1105920K
  class space    used 5713K, committed 6144K, reserved 1048576K
}
Event: 909.302 GC heap before
{Heap before GC invocations=785 (full 613):
 PSYoungGen      total 41984K, used 16896K [0x00000000f5580000, 0x00000000f9780000, 0x0000000100000000)
  eden space 16896K, 100% used [0x00000000f5580000,0x00000000f6600000,0x00000000f6600000)
  from space 25088K, 0% used [0x00000000f6600000,0x00000000f6600000,0x00000000f7e80000)
  to   space 14848K, 0% used [0x00000000f7e80000,0x00000000f7e80000,0x00000000f8d00000)
 ParOldGen       total 349696K, used 349695K [0x00000000e0000000, 0x00000000f5580000, 0x00000000f5580000)
  object space 349696K, 99% used [0x00000000e0000000,0x00000000f557fc90,0x00000000f5580000)
 Metaspace       used 60596K, committed 61632K, reserved 1105920K
  class space    used 5713K, committed 6144K, reserved 1048576K
}
Event: 910.521 GC heap after
{Heap after GC invocations=785 (full 613):
 PSYoungGen      total 31744K, used 16895K [0x00000000f5580000, 0x00000000f9780000, 0x0000000100000000)
  eden space 16896K, 99% used [0x00000000f5580000,0x00000000f65ffee8,0x00000000f6600000)
  from space 14848K, 0% used [0x00000000f7e80000,0x00000000f7e80000,0x00000000f8d00000)
  to   space 25088K, 0% used [0x00000000f6600000,0x00000000f6600000,0x00000000f7e80000)
 ParOldGen       total 349696K, used 349694K [0x00000000e0000000, 0x00000000f5580000, 0x00000000f5580000)
  object space 349696K, 99% used [0x00000000e0000000,0x00000000f557fbb8,0x00000000f5580000)
 Metaspace       used 60596K, committed 61632K, reserved 1105920K
  class space    used 5713K, committed 6144K, reserved 1048576K
}
Event: 910.522 GC heap before
{Heap before GC invocations=786 (full 614):
 PSYoungGen      total 31744K, used 16895K [0x00000000f5580000, 0x00000000f9780000, 0x0000000100000000)
  eden space 16896K, 99% used [0x00000000f5580000,0x00000000f65ffff8,0x00000000f6600000)
  from space 14848K, 0% used [0x00000000f7e80000,0x00000000f7e80000,0x00000000f8d00000)
  to   space 25088K, 0% used [0x00000000f6600000,0x00000000f6600000,0x00000000f7e80000)
 ParOldGen       total 349696K, used 349694K [0x00000000e0000000, 0x00000000f5580000, 0x00000000f5580000)
  object space 349696K, 99% used [0x00000000e0000000,0x00000000f557fbb8,0x00000000f5580000)
 Metaspace       used 60596K, committed 61632K, reserved 1105920K
  class space    used 5713K, committed 6144K, reserved 1048576K
}
Event: 911.831 GC heap after
{Heap after GC invocations=786 (full 614):
 PSYoungGen      total 41984K, used 16895K [0x00000000f5580000, 0x00000000f9780000, 0x0000000100000000)
  eden space 16896K, 99% used [0x00000000f5580000,0x00000000f65fffc0,0x00000000f6600000)
  from space 25088K, 0% used [0x00000000f6600000,0x00000000f6600000,0x00000000f7e80000)
  to   space 14848K, 0% used [0x00000000f7e80000,0x00000000f7e80000,0x00000000f8d00000)
 ParOldGen       total 349696K, used 349694K [0x00000000e0000000, 0x00000000f5580000, 0x00000000f5580000)
  object space 349696K, 99% used [0x00000000e0000000,0x00000000f557fbb8,0x00000000f5580000)
 Metaspace       used 60596K, committed 61632K, reserved 1105920K
  class space    used 5713K, committed 6144K, reserved 1048576K
}
Event: 911.835 GC heap before
{Heap before GC invocations=787 (full 615):
 PSYoungGen      total 41984K, used 16895K [0x00000000f5580000, 0x00000000f9780000, 0x0000000100000000)
  eden space 16896K, 99% used [0x00000000f5580000,0x00000000f65ffff8,0x00000000f6600000)
  from space 25088K, 0% used [0x00000000f6600000,0x00000000f6600000,0x00000000f7e80000)
  to   space 14848K, 0% used [0x00000000f7e80000,0x00000000f7e80000,0x00000000f8d00000)
 ParOldGen       total 349696K, used 349694K [0x00000000e0000000, 0x00000000f5580000, 0x00000000f5580000)
  object space 349696K, 99% used [0x00000000e0000000,0x00000000f557fbb8,0x00000000f5580000)
 Metaspace       used 60596K, committed 61632K, reserved 1105920K
  class space    used 5713K, committed 6144K, reserved 1048576K
}
Event: 913.101 GC heap after
{Heap after GC invocations=787 (full 615):
 PSYoungGen      total 31744K, used 16895K [0x00000000f5580000, 0x00000000f9780000, 0x0000000100000000)
  eden space 16896K, 99% used [0x00000000f5580000,0x00000000f65fffd8,0x00000000f6600000)
  from space 14848K, 0% used [0x00000000f7e80000,0x00000000f7e80000,0x00000000f8d00000)
  to   space 25088K, 0% used [0x00000000f6600000,0x00000000f6600000,0x00000000f7e80000)
 ParOldGen       total 349696K, used 349694K [0x00000000e0000000, 0x00000000f5580000, 0x00000000f5580000)
  object space 349696K, 99% used [0x00000000e0000000,0x00000000f557fbb8,0x00000000f5580000)
 Metaspace       used 60596K, committed 61632K, reserved 1105920K
  class space    used 5713K, committed 6144K, reserved 1048576K
}
Event: 913.101 GC heap before
{Heap before GC invocations=788 (full 616):
 PSYoungGen      total 31744K, used 16895K [0x00000000f5580000, 0x00000000f9780000, 0x0000000100000000)
  eden space 16896K, 99% used [0x00000000f5580000,0x00000000f65ffff8,0x00000000f6600000)
  from space 14848K, 0% used [0x00000000f7e80000,0x00000000f7e80000,0x00000000f8d00000)
  to   space 25088K, 0% used [0x00000000f6600000,0x00000000f6600000,0x00000000f7e80000)
 ParOldGen       total 349696K, used 349694K [0x00000000e0000000, 0x00000000f5580000, 0x00000000f5580000)
  object space 349696K, 99% used [0x00000000e0000000,0x00000000f557fbb8,0x00000000f5580000)
 Metaspace       used 60596K, committed 61632K, reserved 1105920K
  class space    used 5713K, committed 6144K, reserved 1048576K
}
Event: 914.332 GC heap after
{Heap after GC invocations=788 (full 616):
 PSYoungGen      total 41984K, used 16895K [0x00000000f5580000, 0x00000000f9780000, 0x0000000100000000)
  eden space 16896K, 99% used [0x00000000f5580000,0x00000000f65fffc0,0x00000000f6600000)
  from space 25088K, 0% used [0x00000000f6600000,0x00000000f6600000,0x00000000f7e80000)
  to   space 14848K, 0% used [0x00000000f7e80000,0x00000000f7e80000,0x00000000f8d00000)
 ParOldGen       total 349696K, used 349694K [0x00000000e0000000, 0x00000000f5580000, 0x00000000f5580000)
  object space 349696K, 99% used [0x00000000e0000000,0x00000000f557fbb8,0x00000000f5580000)
 Metaspace       used 60596K, committed 61632K, reserved 1105920K
  class space    used 5713K, committed 6144K, reserved 1048576K
}
Event: 914.332 GC heap before
{Heap before GC invocations=789 (full 617):
 PSYoungGen      total 41984K, used 16895K [0x00000000f5580000, 0x00000000f9780000, 0x0000000100000000)
  eden space 16896K, 99% used [0x00000000f5580000,0x00000000f65ffff8,0x00000000f6600000)
  from space 25088K, 0% used [0x00000000f6600000,0x00000000f6600000,0x00000000f7e80000)
  to   space 14848K, 0% used [0x00000000f7e80000,0x00000000f7e80000,0x00000000f8d00000)
 ParOldGen       total 349696K, used 349694K [0x00000000e0000000, 0x00000000f5580000, 0x00000000f5580000)
  object space 349696K, 99% used [0x00000000e0000000,0x00000000f557fbb8,0x00000000f5580000)
 Metaspace       used 60596K, committed 61632K, reserved 1105920K
  class space    used 5713K, committed 6144K, reserved 1048576K
}
Event: 915.637 GC heap after
{Heap after GC invocations=789 (full 617):
 PSYoungGen      total 31744K, used 16895K [0x00000000f5580000, 0x00000000f9780000, 0x0000000100000000)
  eden space 16896K, 99% used [0x00000000f5580000,0x00000000f65ffff8,0x00000000f6600000)
  from space 14848K, 0% used [0x00000000f7e80000,0x00000000f7e80000,0x00000000f8d00000)
  to   space 25088K, 0% used [0x00000000f6600000,0x00000000f6600000,0x00000000f7e80000)
 ParOldGen       total 349696K, used 349694K [0x00000000e0000000, 0x00000000f5580000, 0x00000000f5580000)
  object space 349696K, 99% used [0x00000000e0000000,0x00000000f557fbb8,0x00000000f5580000)
 Metaspace       used 60596K, committed 61632K, reserved 1105920K
  class space    used 5713K, committed 6144K, reserved 1048576K
}
Event: 915.637 GC heap before
{Heap before GC invocations=790 (full 618):
 PSYoungGen      total 31744K, used 16895K [0x00000000f5580000, 0x00000000f9780000, 0x0000000100000000)
  eden space 16896K, 99% used [0x00000000f5580000,0x00000000f65ffff8,0x00000000f6600000)
  from space 14848K, 0% used [0x00000000f7e80000,0x00000000f7e80000,0x00000000f8d00000)
  to   space 25088K, 0% used [0x00000000f6600000,0x00000000f6600000,0x00000000f7e80000)
 ParOldGen       total 349696K, used 349695K [0x00000000e0000000, 0x00000000f5580000, 0x00000000f5580000)
  object space 349696K, 99% used [0x00000000e0000000,0x00000000f557fe20,0x00000000f5580000)
 Metaspace       used 60596K, committed 61632K, reserved 1105920K
  class space    used 5713K, committed 6144K, reserved 1048576K
}
Event: 916.910 GC heap after
{Heap after GC invocations=790 (full 618):
 PSYoungGen      total 41984K, used 16895K [0x00000000f5580000, 0x00000000f9780000, 0x0000000100000000)
  eden space 16896K, 99% used [0x00000000f5580000,0x00000000f65ffec0,0x00000000f6600000)
  from space 25088K, 0% used [0x00000000f6600000,0x00000000f6600000,0x00000000f7e80000)
  to   space 14848K, 0% used [0x00000000f7e80000,0x00000000f7e80000,0x00000000f8d00000)
 ParOldGen       total 349696K, used 349695K [0x00000000e0000000, 0x00000000f5580000, 0x00000000f5580000)
  object space 349696K, 99% used [0x00000000e0000000,0x00000000f557fd88,0x00000000f5580000)
 Metaspace       used 60596K, committed 61632K, reserved 1105920K
  class space    used 5713K, committed 6144K, reserved 1048576K
}
Event: 916.910 GC heap before
{Heap before GC invocations=791 (full 619):
 PSYoungGen      total 41984K, used 16895K [0x00000000f5580000, 0x00000000f9780000, 0x0000000100000000)
  eden space 16896K, 99% used [0x00000000f5580000,0x00000000f65ffec0,0x00000000f6600000)
  from space 25088K, 0% used [0x00000000f6600000,0x00000000f6600000,0x00000000f7e80000)
  to   space 14848K, 0% used [0x00000000f7e80000,0x00000000f7e80000,0x00000000f8d00000)
 ParOldGen       total 349696K, used 349695K [0x00000000e0000000, 0x00000000f5580000, 0x00000000f5580000)
  object space 349696K, 99% used [0x00000000e0000000,0x00000000f557fd88,0x00000000f5580000)
 Metaspace       used 60596K, committed 61632K, reserved 1105920K
  class space    used 5713K, committed 6144K, reserved 1048576K
}
Event: 918.113 GC heap after
{Heap after GC invocations=791 (full 619):
 PSYoungGen      total 31744K, used 16895K [0x00000000f5580000, 0x00000000f9780000, 0x0000000100000000)
  eden space 16896K, 99% used [0x00000000f5580000,0x00000000f65ffec0,0x00000000f6600000)
  from space 14848K, 0% used [0x00000000f7e80000,0x00000000f7e80000,0x00000000f8d00000)
  to   space 25088K, 0% used [0x00000000f6600000,0x00000000f6600000,0x00000000f7e80000)
 ParOldGen       total 349696K, used 349695K [0x00000000e0000000, 0x00000000f5580000, 0x00000000f5580000)
  object space 349696K, 99% used [0x00000000e0000000,0x00000000f557fd88,0x00000000f5580000)
 Metaspace       used 60596K, committed 61632K, reserved 1105920K
  class space    used 5713K, committed 6144K, reserved 1048576K
}
Event: 918.114 GC heap before
{Heap before GC invocations=792 (full 620):
 PSYoungGen      total 31744K, used 16895K [0x00000000f5580000, 0x00000000f9780000, 0x0000000100000000)
  eden space 16896K, 99% used [0x00000000f5580000,0x00000000f65fff00,0x00000000f6600000)
  from space 14848K, 0% used [0x00000000f7e80000,0x00000000f7e80000,0x00000000f8d00000)
  to   space 25088K, 0% used [0x00000000f6600000,0x00000000f6600000,0x00000000f7e80000)
 ParOldGen       total 349696K, used 349695K [0x00000000e0000000, 0x00000000f5580000, 0x00000000f5580000)
  object space 349696K, 99% used [0x00000000e0000000,0x00000000f557fd88,0x00000000f5580000)
 Metaspace       used 60596K, committed 61632K, reserved 1105920K
  class space    used 5713K, committed 6144K, reserved 1048576K
}
Event: 919.322 GC heap after
{Heap after GC invocations=792 (full 620):
 PSYoungGen      total 41984K, used 16895K [0x00000000f5580000, 0x00000000f9780000, 0x0000000100000000)
  eden space 16896K, 99% used [0x00000000f5580000,0x00000000f65ffee0,0x00000000f6600000)
  from space 25088K, 0% used [0x00000000f6600000,0x00000000f6600000,0x00000000f7e80000)
  to   space 14848K, 0% used [0x00000000f7e80000,0x00000000f7e80000,0x00000000f8d00000)
 ParOldGen       total 349696K, used 349695K [0x00000000e0000000, 0x00000000f5580000, 0x00000000f5580000)
  object space 349696K, 99% used [0x00000000e0000000,0x00000000f557fd68,0x00000000f5580000)
 Metaspace       used 60596K, committed 61632K, reserved 1105920K
  class space    used 5713K, committed 6144K, reserved 1048576K
}
Event: 919.322 GC heap before
{Heap before GC invocations=793 (full 621):
 PSYoungGen      total 41984K, used 16895K [0x00000000f5580000, 0x00000000f9780000, 0x0000000100000000)
  eden space 16896K, 99% used [0x00000000f5580000,0x00000000f65ffee0,0x00000000f6600000)
  from space 25088K, 0% used [0x00000000f6600000,0x00000000f6600000,0x00000000f7e80000)
  to   space 14848K, 0% used [0x00000000f7e80000,0x00000000f7e80000,0x00000000f8d00000)
 ParOldGen       total 349696K, used 349695K [0x00000000e0000000, 0x00000000f5580000, 0x00000000f5580000)
  object space 349696K, 99% used [0x00000000e0000000,0x00000000f557fd68,0x00000000f5580000)
 Metaspace       used 60596K, committed 61632K, reserved 1105920K
  class space    used 5713K, committed 6144K, reserved 1048576K
}
Event: 920.635 GC heap after
{Heap after GC invocations=793 (full 621):
 PSYoungGen      total 31744K, used 16895K [0x00000000f5580000, 0x00000000f9780000, 0x0000000100000000)
  eden space 16896K, 99% used [0x00000000f5580000,0x00000000f65ffee0,0x00000000f6600000)
  from space 14848K, 0% used [0x00000000f7e80000,0x00000000f7e80000,0x00000000f8d00000)
  to   space 25088K, 0% used [0x00000000f6600000,0x00000000f6600000,0x00000000f7e80000)
 ParOldGen       total 349696K, used 349695K [0x00000000e0000000, 0x00000000f5580000, 0x00000000f5580000)
  object space 349696K, 99% used [0x00000000e0000000,0x00000000f557fd68,0x00000000f5580000)
 Metaspace       used 60596K, committed 61632K, reserved 1105920K
  class space    used 5713K, committed 6144K, reserved 1048576K
}

Dll operation events (9 events):
Event: 0.003 Loaded shared library /nix/store/gpxl5qgg8kicmcvivwmybwjlpf7wh20l-graalvm17-ce-22.3.0/lib/libjava.so
Event: 0.011 Loaded shared library /nix/store/gpxl5qgg8kicmcvivwmybwjlpf7wh20l-graalvm17-ce-22.3.0/lib/libjsvml.so
Event: 0.631 Loaded shared library /nix/store/gpxl5qgg8kicmcvivwmybwjlpf7wh20l-graalvm17-ce-22.3.0/lib/libnio.so
Event: 0.652 Loaded shared library /nix/store/gpxl5qgg8kicmcvivwmybwjlpf7wh20l-graalvm17-ce-22.3.0/lib/libzip.so
Event: 0.658 Loaded shared library /nix/store/gpxl5qgg8kicmcvivwmybwjlpf7wh20l-graalvm17-ce-22.3.0/lib/libjvmcicompiler.so
Event: 1.407 Loaded shared library /nix/store/gpxl5qgg8kicmcvivwmybwjlpf7wh20l-graalvm17-ce-22.3.0/lib/libjimage.so
Event: 2.529 Loaded shared library /nix/store/gpxl5qgg8kicmcvivwmybwjlpf7wh20l-graalvm17-ce-22.3.0/lib/libnet.so
Event: 7.713 Loaded shared library /home/runner/.cache/jdt-language-server/config/org.eclipse.equinox.launcher/org.eclipse.equinox.launcher.gtk.linux.x86_64_1.2.400.v20211117-0650/eclipse_11600.so
Event: 17.987 Loaded shared library /nix/store/gpxl5qgg8kicmcvivwmybwjlpf7wh20l-graalvm17-ce-22.3.0/lib/libextnet.so

Deoptimization events (20 events):
Event: 232.532 Thread 0x00007ffb783159d0 DEOPT PACKING pc=0x00007ffbcf1e3066 sp=0x00007ffbc41fd880
Event: 232.533 Thread 0x00007ffb783159d0 DEOPT UNPACKING pc=0x00007ffbc7505325 sp=0x00007ffbc41fcd20 mode 3
Event: 233.998 Thread 0x00007ffb783159d0 DEOPT PACKING pc=0x00007ffbc875d205 sp=0x00007ffbc41fd260
Event: 233.998 Thread 0x00007ffb783159d0 DEOPT UNPACKING pc=0x00007ffbc7505325 sp=0x00007ffbc41fc790 mode 0
Event: 767.214 Thread 0x00007ffb78495b40 DEOPT PACKING pc=0x00007ffbc8e9fbdd sp=0x00007ffb8ebfe530
Event: 767.214 Thread 0x00007ffb78495b40 DEOPT UNPACKING pc=0x00007ffbc7505325 sp=0x00007ffb8ebfda20 mode 0
Event: 786.599 Thread 0x00007ffbe00b2200 DEOPT PACKING pc=0x00007ffbc7b293d8 sp=0x00007ffbe4645ef0
Event: 786.599 Thread 0x00007ffbe00b2200 DEOPT UNPACKING pc=0x00007ffbc7505325 sp=0x00007ffbe4645458 mode 0
Event: 865.535 Thread 0x00007ffb783159d0 Uncommon trap: trap_request=0xffffff8f fr.pc=0x00007ffbcf1c791d relative=0x00000000000007dd
Event: 865.535 Thread 0x00007ffb783159d0 Uncommon trap: reason=constraint action=none pc=0x00007ffbcf1c791d method=org.eclipse.jdt.core.compiler.CharOperation.splitOn(C[CII)[[C @ 123 jvmci
Event: 865.535 Thread 0x00007ffb783159d0 DEOPT PACKING pc=0x00007ffbcf1c791d sp=0x00007ffbc41fcc10
Event: 865.535 Thread 0x00007ffb783159d0 DEOPT UNPACKING pc=0x00007ffbc7505325 sp=0x00007ffbc41fc098 mode 3
Event: 883.214 Thread 0x00007ffb44000d70 Uncommon trap: trap_request=0xffffff8f fr.pc=0x00007ffbcef92794 relative=0x0000000000000274
Event: 883.214 Thread 0x00007ffb44000d70 Uncommon trap: reason=constraint action=none pc=0x00007ffbcef92794 method=java.lang.StringLatin1.newString([BII)Ljava/lang/String; @ 0 jvmci
Event: 883.214 Thread 0x00007ffb44000d70 DEOPT PACKING pc=0x00007ffbcef92794 sp=0x00007ffbc45fe820
Event: 883.214 Thread 0x00007ffb44000d70 DEOPT UNPACKING pc=0x00007ffbc7505325 sp=0x00007ffbc45fdcb0 mode 3
Event: 918.114 Thread 0x00007ffbe00b2200 Uncommon trap: trap_request=0xffffff8f fr.pc=0x00007ffbcf04679b relative=0x000000000000017b
Event: 918.114 Thread 0x00007ffbe00b2200 Uncommon trap: reason=constraint action=none pc=0x00007ffbcf04679b method=java.io.ByteArrayOutputStream.<init>(I)V @ 0 jvmci
Event: 918.114 Thread 0x00007ffbe00b2200 DEOPT PACKING pc=0x00007ffbcf04679b sp=0x00007ffbe4646020
Event: 918.114 Thread 0x00007ffbe00b2200 DEOPT UNPACKING pc=0x00007ffbc7505325 sp=0x00007ffbe46454c8 mode 3

Classes unloaded (20 events):
Event: 173.716 Thread 0x00007ffbe00a1c10 Unloading class 0x0000000800ee8000 'jdk/internal/reflect/GeneratedConstructorAccessor8'
Event: 178.532 Thread 0x00007ffbe00a1c10 Unloading class 0x000000080105c800 'java/lang/invoke/LambdaForm$MH+0x000000080105c800'
Event: 178.532 Thread 0x00007ffbe00a1c10 Unloading class 0x000000080105c400 'java/lang/invoke/LambdaForm$MH+0x000000080105c400'
Event: 178.532 Thread 0x00007ffbe00a1c10 Unloading class 0x000000080105c000 'java/lang/invoke/LambdaForm$MH+0x000000080105c000'
Event: 178.532 Thread 0x00007ffbe00a1c10 Unloading class 0x0000000801052c00 'java/lang/invoke/LambdaForm$MH+0x0000000801052c00'
Event: 178.532 Thread 0x00007ffbe00a1c10 Unloading class 0x0000000801052800 'java/lang/invoke/LambdaForm$MH+0x0000000801052800'
Event: 178.532 Thread 0x00007ffbe00a1c10 Unloading class 0x0000000801052400 'java/lang/invoke/LambdaForm$MH+0x0000000801052400'
Event: 178.532 Thread 0x00007ffbe00a1c10 Unloading class 0x0000000800d98400 'java/lang/invoke/LambdaForm$MH+0x0000000800d98400'
Event: 178.532 Thread 0x00007ffbe00a1c10 Unloading class 0x0000000800d04000 'java/lang/invoke/LambdaForm$MH+0x0000000800d04000'
Event: 190.749 Thread 0x00007ffbe00a1c10 Unloading class 0x0000000801089400 'jdk/internal/reflect/GeneratedSerializationConstructorAccessor4'
Event: 190.749 Thread 0x00007ffbe00a1c10 Unloading class 0x0000000801089000 'jdk/internal/reflect/GeneratedSerializationConstructorAccessor3'
Event: 190.749 Thread 0x00007ffbe00a1c10 Unloading class 0x0000000801088c00 'jdk/internal/reflect/GeneratedSerializationConstructorAccessor2'
Event: 190.749 Thread 0x00007ffbe00a1c10 Unloading class 0x0000000801088800 'jdk/internal/reflect/GeneratedSerializationConstructorAccessor1'
Event: 254.924 Thread 0x00007ffbe00a1c10 Unloading class 0x00000008011e4000 'jdk/internal/reflect/GeneratedConstructorAccessor40'
Event: 262.232 Thread 0x00007ffbe00a1c10 Unloading class 0x00000008011d9000 'jdk/internal/reflect/GeneratedConstructorAccessor39'
Event: 335.548 Thread 0x00007ffbe00a1c10 Unloading class 0x0000000801145400 'jdk/internal/reflect/GeneratedConstructorAccessor34'
Event: 335.548 Thread 0x00007ffbe00a1c10 Unloading class 0x0000000801145000 'jdk/internal/reflect/GeneratedConstructorAccessor33'
Event: 335.548 Thread 0x00007ffbe00a1c10 Unloading class 0x0000000801144c00 'jdk/internal/reflect/GeneratedConstructorAccessor32'
Event: 335.548 Thread 0x00007ffbe00a1c10 Unloading class 0x0000000801144800 'jdk/internal/reflect/GeneratedConstructorAccessor31'
Event: 335.548 Thread 0x00007ffbe00a1c10 Unloading class 0x0000000801144400 'jdk/internal/reflect/GeneratedConstructorAccessor30'

Classes redefined (0 events):
No events

Internal exceptions (20 events):
Event: 114.521 Thread 0x00007ffb44065db0 Exception <a 'sun/nio/fs/UnixException'{0x00000000f65a3910}> (0x00000000f65a3910) 
thrown [src/hotspot/share/prims/jni.cpp, line 516]
Event: 114.521 Thread 0x00007ffb44065db0 Exception <a 'sun/nio/fs/UnixException'{0x00000000f65a4608}> (0x00000000f65a4608) 
thrown [src/hotspot/share/prims/jni.cpp, line 516]
Event: 114.522 Thread 0x00007ffb44065db0 Exception <a 'sun/nio/fs/UnixException'{0x00000000f65a5090}> (0x00000000f65a5090) 
thrown [src/hotspot/share/prims/jni.cpp, line 516]
Event: 114.522 Thread 0x00007ffb44065db0 Exception <a 'sun/nio/fs/UnixException'{0x00000000f65a5d58}> (0x00000000f65a5d58) 
thrown [src/hotspot/share/prims/jni.cpp, line 516]
Event: 114.534 Thread 0x00007ffb44065db0 Exception <a 'sun/nio/fs/UnixException'{0x00000000f65a6cc0}> (0x00000000f65a6cc0) 
thrown [src/hotspot/share/prims/jni.cpp, line 516]
Event: 114.535 Thread 0x00007ffb44065db0 Exception <a 'sun/nio/fs/UnixException'{0x00000000f65a7c38}> (0x00000000f65a7c38) 
thrown [src/hotspot/share/prims/jni.cpp, line 516]
Event: 114.596 Thread 0x00007ffb44065db0 Exception <a 'sun/nio/fs/UnixException'{0x00000000f65a8730}> (0x00000000f65a8730) 
thrown [src/hotspot/share/prims/jni.cpp, line 516]
Event: 114.596 Thread 0x00007ffb44065db0 Exception <a 'sun/nio/fs/UnixException'{0x00000000f65af368}> (0x00000000f65af368) 
thrown [src/hotspot/share/prims/jni.cpp, line 516]
Event: 114.597 Thread 0x00007ffb44065db0 Exception <a 'sun/nio/fs/UnixException'{0x00000000f65afd10}> (0x00000000f65afd10) 
thrown [src/hotspot/share/prims/jni.cpp, line 516]
Event: 114.597 Thread 0x00007ffb44065db0 Exception <a 'sun/nio/fs/UnixException'{0x00000000f65b0788}> (0x00000000f65b0788) 
thrown [src/hotspot/share/prims/jni.cpp, line 516]
Event: 179.396 Thread 0x00007ffb44065db0 Exception <a 'sun/nio/fs/UnixException'{0x00000000f65a9410}> (0x00000000f65a9410) 
thrown [src/hotspot/share/prims/jni.cpp, line 516]
Event: 865.535 Thread 0x00007ffb783159d0 Exception <a 'java/lang/OutOfMemoryError'{0x00000000e0010590}> (0x00000000e0010590) 
thrown [src/hotspot/share/gc/shared/memAllocator.cpp, line 138]
Event: 865.535 Thread 0x00007ffb783159d0 Implicit null exception at 0x00007ffbcf1c747d to 0x00007ffbcf1c7902
Event: 883.214 Thread 0x00007ffb44000d70 Exception <a 'java/lang/OutOfMemoryError'{0x00000000e000fff0}> (0x00000000e000fff0) 
thrown [src/hotspot/share/gc/shared/memAllocator.cpp, line 138]
Event: 883.214 Thread 0x00007ffb44000d70 Implicit null exception at 0x00007ffbcef926af to 0x00007ffbcef92779
Event: 900.913 Thread 0x00007ffb44000d70 Exception <a 'java/lang/OutOfMemoryError'{0x00000000e000fd70}> (0x00000000e000fd70) 
thrown [src/hotspot/share/gc/shared/memAllocator.cpp, line 136]
Event: 908.038 Thread 0x00007ffb783159d0 Exception <a 'java/lang/OutOfMemoryError'{0x00000000e000fd70}> (0x00000000e000fd70) 
thrown [src/hotspot/share/gc/shared/memAllocator.cpp, line 136]
Event: 918.113 Thread 0x00007ffbe00b2200 Exception <a 'java/lang/OutOfMemoryError'{0x00000000e000fa50}> (0x00000000e000fa50) 
thrown [src/hotspot/share/gc/shared/memAllocator.cpp, line 138]
Event: 918.114 Thread 0x00007ffbe00b2200 Implicit null exception at 0x00007ffbcf046751 to 0x00007ffbcf046780
Event: 920.636 Thread 0x00007ffbe00b2200 Exception <a 'java/lang/OutOfMemoryError'{0x00000000e000fd70}> (0x00000000e000fd70) 
thrown [src/hotspot/share/gc/shared/memAllocator.cpp, line 136]

VM Operations (20 events):
Event: 904.500 Executing VM operation: ParallelGCFailedAllocation
Event: 905.719 Executing VM operation: ParallelGCFailedAllocation done
Event: 905.719 Executing VM operation: ParallelGCFailedAllocation
Event: 908.038 Executing VM operation: ParallelGCFailedAllocation done
Event: 908.038 Executing VM operation: ParallelGCFailedAllocation
Event: 909.302 Executing VM operation: ParallelGCFailedAllocation done
Event: 909.302 Executing VM operation: ParallelGCFailedAllocation
Event: 910.521 Executing VM operation: ParallelGCFailedAllocation done
Event: 910.521 Executing VM operation: ParallelGCFailedAllocation
Event: 911.832 Executing VM operation: ParallelGCFailedAllocation done
Event: 911.832 Executing VM operation: ParallelGCFailedAllocation
Event: 913.101 Executing VM operation: ParallelGCFailedAllocation done
Event: 913.101 Executing VM operation: ParallelGCFailedAllocation
Event: 914.332 Executing VM operation: ParallelGCFailedAllocation done
Event: 914.332 Executing VM operation: ParallelGCFailedAllocation
Event: 915.637 Executing VM operation: ParallelGCFailedAllocation done
Event: 915.637 Executing VM operation: ParallelGCFailedAllocation
Event: 918.113 Executing VM operation: ParallelGCFailedAllocation done
Event: 918.114 Executing VM operation: ParallelGCFailedAllocation
Event: 920.636 Executing VM operation: ParallelGCFailedAllocation done

Events (20 events):
Event: 85.997 Thread 0x00007ffb501df7b0 Thread exited: 0x00007ffb501df7b0
Event: 89.300 Thread 0x00007ffb501dbc40 Thread added: 0x00007ffb501dbc40
Event: 89.300 Protecting memory [0x00007ffb8e400000,0x00007ffb8e404000] with protection modes 0
Event: 90.541 Thread 0x00007ffb4c0d4500 Thread added: 0x00007ffb4c0d4500
Event: 90.541 Protecting memory [0x00007ffb8e200000,0x00007ffb8e204000] with protection modes 0
Event: 90.605 Thread 0x00007ffb501d9800 Thread added: 0x00007ffb501d9800
Event: 90.605 Protecting memory [0x00007ffb8de00000,0x00007ffb8de04000] with protection modes 0
Event: 92.416 Thread 0x00007ffb501df7b0 Thread added: 0x00007ffb501df7b0
Event: 92.416 Protecting memory [0x00007ffbc4800000,0x00007ffbc4804000] with protection modes 0
Event: 100.708 Thread 0x00007ffb501d9800 Thread exited: 0x00007ffb501d9800
Event: 105.200 Thread 0x00007ffb501dbc40 Thread exited: 0x00007ffb501dbc40
Event: 106.701 Thread 0x00007ffb501df7b0 Thread exited: 0x00007ffb501df7b0
Event: 111.498 Thread 0x00007ffb501d9800 Thread added: 0x00007ffb501d9800
Event: 111.498 Protecting memory [0x00007ffbc4800000,0x00007ffbc4804000] with protection modes 0
Event: 172.898 Thread 0x00007ffb680010d0 Thread exited: 0x00007ffb680010d0
Event: 172.898 Thread 0x00007ffb4c001130 Thread exited: 0x00007ffb4c001130
Event: 174.630 Thread 0x00007ffb4c0d4500 Thread exited: 0x00007ffb4c0d4500
Event: 174.630 Thread 0x00007ffb44038b80 Thread exited: 0x00007ffb44038b80
Event: 176.105 Thread 0x00007ffb501d9800 Thread exited: 0x00007ffb501d9800
Event: 179.396 Thread 0x00007ffb68007280 Thread exited: 0x00007ffb68007280


Dynamic libraries:
e0000000-f5580000 rw-p 00000000 00:00 0 
f5580000-f9780000 rw-p 00000000 00:00 0 
f9780000-100000000 ---p 00000000 00:00 0 
800000000-800449000 rw-p 00001000 00:146b 4611686019135357769            /nix/store/gpxl5qgg8kicmcvivwmybwjlpf7wh20l-graalvm17-ce-22.3.0/lib/server/classes.jsa
800449000-800bc8000 r--p 0044a000 00:146b 4611686019135357769            /nix/store/gpxl5qgg8kicmcvivwmybwjlpf7wh20l-graalvm17-ce-22.3.0/lib/server/classes.jsa
800bc8000-800c00000 ---p 00000000 00:00 0 
800c00000-800c20000 rw-p 00000000 00:00 0 
800c20000-800c40000 rw-p 00000000 00:00 0 
800c40000-800cc0000 rw-p 00000000 00:00 0 
800cc0000-800d00000 rw-p 00000000 00:00 0 
800d00000-800dc0000 rw-p 00000000 00:00 0 
800dc0000-800e00000 rw-p 00000000 00:00 0 
800e00000-800f40000 rw-p 00000000 00:00 0 
800f40000-800fc0000 rw-p 00000000 00:00 0 
800fc0000-801000000 rw-p 00000000 00:00 0 
801000000-801200000 rw-p 00000000 00:00 0 
801200000-840c00000 ---p 00000000 00:00 0 
563a38084000-563a38085000 r-xp 00000000 00:146b 4611686019099417844      /nix/store/gpxl5qgg8kicmcvivwmybwjlpf7wh20l-graalvm17-ce-22.3.0/bin/.java-wrapped
563a38086000-563a38087000 r--p 00001000 00:146b 4611686019099417844      /nix/store/gpxl5qgg8kicmcvivwmybwjlpf7wh20l-graalvm17-ce-22.3.0/bin/.java-wrapped
563a38087000-563a38088000 rw-p 00002000 00:146b 4611686019099417844      /nix/store/gpxl5qgg8kicmcvivwmybwjlpf7wh20l-graalvm17-ce-22.3.0/bin/.java-wrapped
563a38088000-563a38089000 rw-p 00004000 00:146b 4611686019099417844      /nix/store/gpxl5qgg8kicmcvivwmybwjlpf7wh20l-graalvm17-ce-22.3.0/bin/.java-wrapped
563a38089000-563a3808a000 rw-p 00005000 00:146b 4611686019099417844      /nix/store/gpxl5qgg8kicmcvivwmybwjlpf7wh20l-graalvm17-ce-22.3.0/bin/.java-wrapped
563a386e1000-563a38729000 rw-p 00000000 00:00 0                          [heap]
7ffb08000000-7ffb08021000 rw-p 00000000 00:00 0 
7ffb08021000-7ffb0c000000 ---p 00000000 00:00 0 
7ffb0c000000-7ffb0c021000 rw-p 00000000 00:00 0 
7ffb0c021000-7ffb10000000 ---p 00000000 00:00 0 
7ffb10000000-7ffb10027000 rw-p 00000000 00:00 0 
7ffb10027000-7ffb14000000 ---p 00000000 00:00 0 
7ffb14000000-7ffb14021000 rw-p 00000000 00:00 0 
7ffb14021000-7ffb18000000 ---p 00000000 00:00 0 
7ffb18000000-7ffb1805a000 rw-p 00000000 00:00 0 
7ffb1805a000-7ffb1c000000 ---p 00000000 00:00 0 
7ffb1c000000-7ffb1c021000 rw-p 00000000 00:00 0 
7ffb1c021000-7ffb20000000 ---p 00000000 00:00 0 
7ffb24000000-7ffb24021000 rw-p 00000000 00:00 0 
7ffb24021000-7ffb28000000 ---p 00000000 00:00 0 
7ffb28000000-7ffb28039000 rw-p 00000000 00:00 0 
7ffb28039000-7ffb2c000000 ---p 00000000 00:00 0 
7ffb2c000000-7ffb2c077000 rw-p 00000000 00:00 0 
7ffb2c077000-7ffb30000000 ---p 00000000 00:00 0 
7ffb30000000-7ffb3007c000 rw-p 00000000 00:00 0 
7ffb3007c000-7ffb34000000 ---p 00000000 00:00 0 
7ffb34000000-7ffb34021000 rw-p 00000000 00:00 0 
7ffb34021000-7ffb38000000 ---p 00000000 00:00 0 
7ffb39400000-7ffb39960000 rw-p 00000000 00:00 0 
7ffb39960000-7ffb39a40000 rw-p 00000000 00:00 0 
7ffb39a40000-7ffb39ad0000 rw-p 00000000 00:00 0 
7ffb39ad0000-7ffb39c00000 ---p 00000000 00:00 0 
7ffb3a4b3000-7ffb44000000 r--s 00000000 00:146b 4611686019135192581      /nix/store/gpxl5qgg8kicmcvivwmybwjlpf7wh20l-graalvm17-ce-22.3.0/lib/modules
7ffb44000000-7ffb440ee000 rw-p 00000000 00:00 0 
7ffb440ee000-7ffb48000000 ---p 00000000 00:00 0 
7ffb48000000-7ffb480ed000 rw-p 00000000 00:00 0 
7ffb480ed000-7ffb4c000000 ---p 00000000 00:00 0 
7ffb4c000000-7ffb4c10d000 rw-p 00000000 00:00 0 
7ffb4c10d000-7ffb50000000 ---p 00000000 00:00 0 
7ffb50000000-7ffb50215000 rw-p 00000000 00:00 0 
7ffb50215000-7ffb54000000 ---p 00000000 00:00 0 
7ffb54000000-7ffb54021000 rw-p 00000000 00:00 0 
7ffb54021000-7ffb58000000 ---p 00000000 00:00 0 
7ffb58000000-7ffb58021000 rw-p 00000000 00:00 0 
7ffb58021000-7ffb5c000000 ---p 00000000 00:00 0 
7ffb5c000000-7ffb5c039000 rw-p 00000000 00:00 0 
7ffb5c039000-7ffb60000000 ---p 00000000 00:00 0 
7ffb60000000-7ffb60072000 rw-p 00000000 00:00 0 
7ffb60072000-7ffb64000000 ---p 00000000 00:00 0 
7ffb64000000-7ffb64021000 rw-p 00000000 00:00 0 
7ffb64021000-7ffb68000000 ---p 00000000 00:00 0 
7ffb68000000-7ffb68384000 rw-p 00000000 00:00 0 
7ffb68384000-7ffb6c000000 ---p 00000000 00:00 0 
7ffb6c000000-7ffb6c021000 rw-p 00000000 00:00 0 
7ffb6c021000-7ffb70000000 ---p 00000000 00:00 0 
7ffb70000000-7ffb70021000 rw-p 00000000 00:00 0 
7ffb70021000-7ffb74000000 ---p 00000000 00:00 0 
7ffb74000000-7ffb74022000 rw-p 00000000 00:00 0 
7ffb74022000-7ffb78000000 ---p 00000000 00:00 0 
7ffb78000000-7ffb788cb000 rw-p 00000000 00:00 0 
7ffb788cb000-7ffb7c000000 ---p 00000000 00:00 0 
7ffb7cc00000-7ffb7d100000 rw-p 00000000 00:00 0 
7ffb7d100000-7ffb7d160000 rw-p 00000000 00:00 0 
7ffb7d160000-7ffb7d200000 ---p 00000000 00:00 0 
7ffb7d200000-7ffb7d400000 rw-p 00000000 00:00 0 
7ffb7d400000-7ffb7d600000 rw-p 00000000 00:00 0 
7ffb7d600000-7ffb7dac0000 rw-p 00000000 00:00 0 
7ffb7dac0000-7ffb7dc00000 rw-p 00000000 00:00 0 
7ffb7dc00000-7ffb7dd00000 rw-p 00000000 00:00 0 
7ffb7dd00000-7ffb7dd80000 rw-p 00000000 00:00 0 
7ffb7dd80000-7ffb7de00000 rw-p 00000000 00:00 0 
7ffb7de00000-7ffb7df00000 rw-p 00000000 00:00 0 
7ffb7df00000-7ffb7e000000 rw-p 00000000 00:00 0 
7ffb7e000000-7ffb7e100000 rw-p 00000000 00:00 0 
7ffb7e100000-7ffb7e200000 rw-p 00000000 00:00 0 
7ffb7e200000-7ffb7e400000 rw-p 00000000 00:00 0 
7ffb7e400000-7ffb7e500000 rw-p 00000000 00:00 0 
7ffb7e500000-7ffb7e600000 rw-p 00000000 00:00 0 
7ffb7e600000-7ffb7eb80000 rw-p 00000000 00:00 0 
7ffb7eb80000-7ffb7ec00000 rw-p 00000000 00:00 0 
7ffb7ec00000-7ffb7ed00000 rw-p 00000000 00:00 0 
7ffb7ed00000-7ffb7ee00000 rw-p 00000000 00:00 0 
7ffb7ee00000-7ffb7f100000 rw-p 00000000 00:00 0 
7ffb7f100000-7ffb7f200000 rw-p 00000000 00:00 0 
7ffb7f200000-7ffb7f400000 rw-p 00000000 00:00 0 
7ffb7fa00000-7ffb7fa10000 r-xp 00000000 00:1459 353                      /home/runner/.cache/jdt-language-server/config/org.eclipse.equinox.launcher/org.eclipse.equinox.launcher.gtk.linux.x86_64_1.2.400.v20211117-0650/eclipse_11600.so
7ffb7fa10000-7ffb7fc0f000 ---p 00010000 00:1459 353                      /home/runner/.cache/jdt-language-server/config/org.eclipse.equinox.launcher/org.eclipse.equinox.launcher.gtk.linux.x86_64_1.2.400.v20211117-0650/eclipse_11600.so
7ffb7fc0f000-7ffb7fc10000 r--p 0000f000 00:1459 353                      /home/runner/.cache/jdt-language-server/config/org.eclipse.equinox.launcher/org.eclipse.equinox.launcher.gtk.linux.x86_64_1.2.400.v20211117-0650/eclipse_11600.so
7ffb7fc10000-7ffb7fc11000 rw-p 00010000 00:1459 353                      /home/runner/.cache/jdt-language-server/config/org.eclipse.equinox.launcher/org.eclipse.equinox.launcher.gtk.linux.x86_64_1.2.400.v20211117-0650/eclipse_11600.so
7ffb80000000-7ffb80021000 rw-p 00000000 00:00 0 
7ffb80021000-7ffb84000000 ---p 00000000 00:00 0 
7ffb84000000-7ffb84021000 rw-p 00000000 00:00 0 
7ffb84021000-7ffb88000000 ---p 00000000 00:00 0 
7ffb88000000-7ffb8807d000 rw-p 00000000 00:00 0 
7ffb8807d000-7ffb8c000000 ---p 00000000 00:00 0 
7ffb8cb00000-7ffb8cc00000 ---p 00000000 00:00 0 
7ffb8cc00000-7ffb8d1af000 r--p 01122000 00:146b 4611686019135190040      /nix/store/gpxl5qgg8kicmcvivwmybwjlpf7wh20l-graalvm17-ce-22.3.0/lib/libjvmcicompiler.so
7ffb8d1af000-7ffb8d300000 r--p 00000000 00:00 0 
7ffb8d300000-7ffb8d33d000 rw-p 00000000 00:00 0 
7ffb8d33d000-7ffb8d85d000 rw-p 0185f000 00:146b 4611686019135190040      /nix/store/gpxl5qgg8kicmcvivwmybwjlpf7wh20l-graalvm17-ce-22.3.0/lib/libjvmcicompiler.so
7ffb8d85d000-7ffb8dc44000 r--p 01d7f000 00:146b 4611686019135190040      /nix/store/gpxl5qgg8kicmcvivwmybwjlpf7wh20l-graalvm17-ce-22.3.0/lib/libjvmcicompiler.so
7ffb8dd00000-7ffb8dd04000 ---p 00000000 00:00 0 
7ffb8dd04000-7ffb8de00000 rw-p 00000000 00:00 0 
7ffb8de00000-7ffb8de04000 ---p 00000000 00:00 0 
7ffb8de04000-7ffb8df00000 rw-p 00000000 00:00 0 
7ffb8df00000-7ffb8df04000 ---p 00000000 00:00 0 
7ffb8df04000-7ffb8e000000 rw-p 00000000 00:00 0 
7ffb8e000000-7ffb8e004000 ---p 00000000 00:00 0 
7ffb8e004000-7ffb8e100000 rw-p 00000000 00:00 0 
7ffb8e100000-7ffb8e104000 ---p 00000000 00:00 0 
7ffb8e104000-7ffb8e200000 rw-p 00000000 00:00 0 
7ffb8e200000-7ffb8e204000 ---p 00000000 00:00 0 
7ffb8e204000-7ffb8e300000 rw-p 00000000 00:00 0 
7ffb8e300000-7ffb8e304000 ---p 00000000 00:00 0 
7ffb8e304000-7ffb8e400000 rw-p 00000000 00:00 0 
7ffb8e400000-7ffb8e404000 ---p 00000000 00:00 0 
7ffb8e404000-7ffb8e500000 rw-p 00000000 00:00 0 
7ffb8e500000-7ffb8e504000 ---p 00000000 00:00 0 
7ffb8e504000-7ffb8e600000 rw-p 00000000 00:00 0 
7ffb8e600000-7ffb8e604000 ---p 00000000 00:00 0 
7ffb8e604000-7ffb8e700000 rw-p 00000000 00:00 0 
7ffb8e700000-7ffb8e704000 ---p 00000000 00:00 0 
7ffb8e704000-7ffb8e800000 rw-p 00000000 00:00 0 
7ffb8e800000-7ffb8e804000 ---p 00000000 00:00 0 
7ffb8e804000-7ffb8e900000 rw-p 00000000 00:00 0 
7ffb8e900000-7ffb8e904000 ---p 00000000 00:00 0 
7ffb8e904000-7ffb8ea00000 rw-p 00000000 00:00 0 
7ffb8eb00000-7ffb8eb04000 ---p 00000000 00:00 0 
7ffb8eb04000-7ffb8ec00000 rw-p 00000000 00:00 0 
7ffb8ec00000-7ffb8ec04000 ---p 00000000 00:00 0 
7ffb8ec04000-7ffb8ed00000 rw-p 00000000 00:00 0 
7ffb8ed00000-7ffb8ed04000 ---p 00000000 00:00 0 
7ffb8ed04000-7ffb8ee00000 rw-p 00000000 00:00 0 
7ffb8fa68000-7ffb8ff00000 rw-p 00000000 00:00 0 
7ffb90000000-7ffb90021000 rw-p 00000000 00:00 0 
7ffb90021000-7ffb94000000 ---p 00000000 00:00 0 
7ffb94000000-7ffb94021000 rw-p 00000000 00:00 0 
7ffb94021000-7ffb98000000 ---p 00000000 00:00 0 
7ffb98000000-7ffb98021000 rw-p 00000000 00:00 0 
7ffb98021000-7ffb9c000000 ---p 00000000 00:00 0 
7ffb9c000000-7ffb9c021000 rw-p 00000000 00:00 0 
7ffb9c021000-7ffba0000000 ---p 00000000 00:00 0 
7ffba0000000-7ffba00d5000 rw-p 00000000 00:00 0 
7ffba00d5000-7ffba4000000 ---p 00000000 00:00 0 
7ffba4000000-7ffba4c16000 rw-p 00000000 00:00 0 
7ffba4c16000-7ffba8000000 ---p 00000000 00:00 0 
7ffba8000000-7ffba8021000 rw-p 00000000 00:00 0 
7ffba8021000-7ffbac000000 ---p 00000000 00:00 0 
7ffbac000000-7ffbac021000 rw-p 00000000 00:00 0 
7ffbac021000-7ffbb0000000 ---p 00000000 00:00 0 
7ffbb0000000-7ffbb0021000 rw-p 00000000 00:00 0 
7ffbb0021000-7ffbb4000000 ---p 00000000 00:00 0 
7ffbb4000000-7ffbb4021000 rw-p 00000000 00:00 0 
7ffbb4021000-7ffbb8000000 ---p 00000000 00:00 0 
7ffbb8000000-7ffbb8021000 rw-p 00000000 00:00 0 
7ffbb8021000-7ffbbc000000 ---p 00000000 00:00 0 
7ffbbc000000-7ffbbc021000 rw-p 00000000 00:00 0 
7ffbbc021000-7ffbc0000000 ---p 00000000 00:00 0 
7ffbc0000000-7ffbc01d5000 rw-p 00000000 00:00 0 
7ffbc01d5000-7ffbc4000000 ---p 00000000 00:00 0 
7ffbc4000000-7ffbc4004000 ---p 00000000 00:00 0 
7ffbc4004000-7ffbc4100000 rw-p 00000000 00:00 0 
7ffbc4100000-7ffbc4104000 ---p 00000000 00:00 0 
7ffbc4104000-7ffbc4200000 rw-p 00000000 00:00 0 
7ffbc4300000-7ffbc4304000 ---p 00000000 00:00 0 
7ffbc4304000-7ffbc4400000 rw-p 00000000 00:00 0 
7ffbc4400000-7ffbc4404000 ---p 00000000 00:00 0 
7ffbc4404000-7ffbc4500000 rw-p 00000000 00:00 0 
7ffbc4500000-7ffbc4504000 ---p 00000000 00:00 0 
7ffbc4504000-7ffbc4600000 rw-p 00000000 00:00 0 
7ffbc4700000-7ffbc4704000 ---p 00000000 00:00 0 
7ffbc4704000-7ffbc4800000 rw-p 00000000 00:00 0 
7ffbc4800000-7ffbc4804000 ---p 00000000 00:00 0 
7ffbc4804000-7ffbc4900000 rw-p 00000000 00:00 0 
7ffbc4900000-7ffbc4904000 ---p 00000000 00:00 0 
7ffbc4904000-7ffbc4a00000 rw-p 00000000 00:00 0 
7ffbc4a00000-7ffbc4a04000 ---p 00000000 00:00 0 
7ffbc4a04000-7ffbc4b00000 rw-p 00000000 00:00 0 
7ffbc4b00000-7ffbc4b04000 ---p 00000000 00:00 0 
7ffbc4b04000-7ffbc4c00000 rw-p 00000000 00:00 0 
7ffbc4d00000-7ffbc4d04000 ---p 00000000 00:00 0 
7ffbc4d04000-7ffbc4e00000 rw-p 00000000 00:00 0 
7ffbc4e00000-7ffbc6f6a000 r-xp 00000000 00:146b 4611686019135190040      /nix/store/gpxl5qgg8kicmcvivwmybwjlpf7wh20l-graalvm17-ce-22.3.0/lib/libjvmcicompiler.so
7ffbc6f6a000-7ffbc7169000 ---p 0216a000 00:146b 4611686019135190040      /nix/store/gpxl5qgg8kicmcvivwmybwjlpf7wh20l-graalvm17-ce-22.3.0/lib/libjvmcicompiler.so
7ffbc7169000-7ffbc716a000 r--p 02169000 00:146b 4611686019135190040      /nix/store/gpxl5qgg8kicmcvivwmybwjlpf7wh20l-graalvm17-ce-22.3.0/lib/libjvmcicompiler.so
7ffbc716a000-7ffbc716c000 rw-p 0216a000 00:146b 4611686019135190040      /nix/store/gpxl5qgg8kicmcvivwmybwjlpf7wh20l-graalvm17-ce-22.3.0/lib/libjvmcicompiler.so
7ffbc716c000-7ffbc716d000 rw-p 00000000 00:00 0 
7ffbc716d000-7ffbc7172000 rw-p 023c3000 00:146b 4611686019135190040      /nix/store/gpxl5qgg8kicmcvivwmybwjlpf7wh20l-graalvm17-ce-22.3.0/lib/libjvmcicompiler.so
7ffbc71b1000-7ffbc71b5000 ---p 00000000 00:00 0 
7ffbc71b5000-7ffbc72b1000 rw-p 00000000 00:00 0 
7ffbc72b1000-7ffbc72b2000 ---p 00000000 00:00 0 
7ffbc72b2000-7ffbc73b3000 rw-p 00000000 00:00 0 
7ffbc73b3000-7ffbc73b7000 ---p 00000000 00:00 0 
7ffbc73b7000-7ffbc74b3000 rw-p 00000000 00:00 0 
7ffbc74b3000-7ffbc7723000 rwxp 00000000 00:00 0 
7ffbc7723000-7ffbc7a42000 ---p 00000000 00:00 0 
7ffbc7a42000-7ffbc8f22000 rwxp 00000000 00:00 0 
7ffbc8f22000-7ffbcef7a000 ---p 00000000 00:00 0 
7ffbcef7a000-7ffbcf21a000 rwxp 00000000 00:00 0 
7ffbcf21a000-7ffbd64b3000 ---p 00000000 00:00 0 
7ffbd64b3000-7ffbe0000000 r--s 00000000 00:146b 4611686019135192581      /nix/store/gpxl5qgg8kicmcvivwmybwjlpf7wh20l-graalvm17-ce-22.3.0/lib/modules
7ffbe0000000-7ffbe0602000 rw-p 00000000 00:00 0 
7ffbe0602000-7ffbe4000000 ---p 00000000 00:00 0 
7ffbe4048000-7ffbe404c000 ---p 00000000 00:00 0 
7ffbe404c000-7ffbe4148000 rw-p 00000000 00:00 0 
7ffbe4148000-7ffbe414c000 ---p 00000000 00:00 0 
7ffbe414c000-7ffbe4248000 rw-p 00000000 00:00 0 
7ffbe4248000-7ffbe424c000 ---p 00000000 00:00 0 
7ffbe424c000-7ffbe4448000 rw-p 00000000 00:00 0 
7ffbe4448000-7ffbe444c000 ---p 00000000 00:00 0 
7ffbe444c000-7ffbe4648000 rw-p 00000000 00:00 0 
7ffbe4648000-7ffbe464c000 ---p 00000000 00:00 0 
7ffbe464c000-7ffbe4748000 rw-p 00000000 00:00 0 
7ffbe4748000-7ffbe474c000 ---p 00000000 00:00 0 
7ffbe474c000-7ffbe4848000 rw-p 00000000 00:00 0 
7ffbe4848000-7ffbe484c000 ---p 00000000 00:00 0 
7ffbe484c000-7ffbe4948000 rw-p 00000000 00:00 0 
7ffbe4948000-7ffbe4c2e000 r--p 00000000 00:d56 28444448                  /usr/lib/locale/locale-archive
7ffbe4c2e000-7ffbe4c32000 ---p 00000000 00:00 0 
7ffbe4c32000-7ffbe4d2e000 rw-p 00000000 00:00 0 
7ffbe4d2e000-7ffbe4d32000 ---p 00000000 00:00 0 
7ffbe4d32000-7ffbe4e2e000 rw-p 00000000 00:00 0 
7ffbe4e2e000-7ffbe4e2f000 ---p 00000000 00:00 0 
7ffbe4e2f000-7ffbe4f30000 rw-p 00000000 00:00 0 
7ffbe4f30000-7ffbe4ffe000 r-xp 00000000 00:146b 4611686019135190036      /nix/store/gpxl5qgg8kicmcvivwmybwjlpf7wh20l-graalvm17-ce-22.3.0/lib/libjsvml.so
7ffbe4ffe000-7ffbe4fff000 r--p 000cd000 00:146b 4611686019135190036      /nix/store/gpxl5qgg8kicmcvivwmybwjlpf7wh20l-graalvm17-ce-22.3.0/lib/libjsvml.so
7ffbe4fff000-7ffbe5000000 rw-p 000ce000 00:146b 4611686019135190036      /nix/store/gpxl5qgg8kicmcvivwmybwjlpf7wh20l-graalvm17-ce-22.3.0/lib/libjsvml.so
7ffbe5000000-7ffbe5400000 rw-p 00000000 00:00 0 
7ffbe5400000-7ffbe5700000 rw-p 00000000 00:00 0 
7ffbe5700000-7ffbe5800000 rw-p 00000000 00:00 0 
7ffbe5802000-7ffbe5804000 r-xp 00000000 00:146b 4611686019135190017      /nix/store/gpxl5qgg8kicmcvivwmybwjlpf7wh20l-graalvm17-ce-22.3.0/lib/libextnet.so
7ffbe5804000-7ffbe5805000 r--p 00001000 00:146b 4611686019135190017      /nix/store/gpxl5qgg8kicmcvivwmybwjlpf7wh20l-graalvm17-ce-22.3.0/lib/libextnet.so
7ffbe5805000-7ffbe5806000 rw-p 00002000 00:146b 4611686019135190017      /nix/store/gpxl5qgg8kicmcvivwmybwjlpf7wh20l-graalvm17-ce-22.3.0/lib/libextnet.so
7ffbe5806000-7ffbe5807000 rw-p 00004000 00:146b 4611686019135190017      /nix/store/gpxl5qgg8kicmcvivwmybwjlpf7wh20l-graalvm17-ce-22.3.0/lib/libextnet.so
7ffbe5807000-7ffbe580b000 ---p 00000000 00:00 0 
7ffbe580b000-7ffbe5829000 rw-p 00000000 00:00 0 
7ffbe5829000-7ffbe5830000 r-xp 00000000 00:146b 4611686019135192580      /nix/store/gpxl5qgg8kicmcvivwmybwjlpf7wh20l-graalvm17-ce-22.3.0/lib/libzip.so
7ffbe5830000-7ffbe5831000 ---p 00007000 00:146b 4611686019135192580      /nix/store/gpxl5qgg8kicmcvivwmybwjlpf7wh20l-graalvm17-ce-22.3.0/lib/libzip.so
7ffbe5831000-7ffbe5832000 r--p 00007000 00:146b 4611686019135192580      /nix/store/gpxl5qgg8kicmcvivwmybwjlpf7wh20l-graalvm17-ce-22.3.0/lib/libzip.so
7ffbe5832000-7ffbe5833000 rw-p 00008000 00:146b 4611686019135192580      /nix/store/gpxl5qgg8kicmcvivwmybwjlpf7wh20l-graalvm17-ce-22.3.0/lib/libzip.so
7ffbe5833000-7ffbe5835000 rw-p 0000b000 00:146b 4611686019135192580      /nix/store/gpxl5qgg8kicmcvivwmybwjlpf7wh20l-graalvm17-ce-22.3.0/lib/libzip.so
7ffbe5835000-7ffbe584a000 r-xp 00000000 00:146b 4611686019135192570      /nix/store/gpxl5qgg8kicmcvivwmybwjlpf7wh20l-graalvm17-ce-22.3.0/lib/libnet.so
7ffbe584a000-7ffbe584b000 ---p 00015000 00:146b 4611686019135192570      /nix/store/gpxl5qgg8kicmcvivwmybwjlpf7wh20l-graalvm17-ce-22.3.0/lib/libnet.so
7ffbe584b000-7ffbe584c000 r--p 00015000 00:146b 4611686019135192570      /nix/store/gpxl5qgg8kicmcvivwmybwjlpf7wh20l-graalvm17-ce-22.3.0/lib/libnet.so
7ffbe584c000-7ffbe584d000 rw-p 00016000 00:146b 4611686019135192570      /nix/store/gpxl5qgg8kicmcvivwmybwjlpf7wh20l-graalvm17-ce-22.3.0/lib/libnet.so
7ffbe584d000-7ffbe5850000 rw-p 0001b000 00:146b 4611686019135192570      /nix/store/gpxl5qgg8kicmcvivwmybwjlpf7wh20l-graalvm17-ce-22.3.0/lib/libnet.so
7ffbe5850000-7ffbe5863000 r-xp 00000000 00:146b 4611686019135192571      /nix/store/gpxl5qgg8kicmcvivwmybwjlpf7wh20l-graalvm17-ce-22.3.0/lib/libnio.so
7ffbe5863000-7ffbe5864000 r--p 00012000 00:146b 4611686019135192571      /nix/store/gpxl5qgg8kicmcvivwmybwjlpf7wh20l-graalvm17-ce-22.3.0/lib/libnio.so
7ffbe5864000-7ffbe5865000 rw-p 00013000 00:146b 4611686019135192571      /nix/store/gpxl5qgg8kicmcvivwmybwjlpf7wh20l-graalvm17-ce-22.3.0/lib/libnio.so
7ffbe5865000-7ffbe586a000 rw-p 00019000 00:146b 4611686019135192571      /nix/store/gpxl5qgg8kicmcvivwmybwjlpf7wh20l-graalvm17-ce-22.3.0/lib/libnio.so
7ffbe586a000-7ffbe7142000 rw-p 00000000 00:00 0 
7ffbe7142000-7ffbe7143000 ---p 00000000 00:00 0 
7ffbe7143000-7ffbe72ee000 rw-p 00000000 00:00 0 
7ffbe72ee000-7ffbe7310000 rw-p 00000000 00:00 0 
7ffbe7310000-7ffbe7344000 ---p 00000000 00:00 0 
7ffbe7344000-7ffbe734b000 rw-p 00000000 00:00 0 
7ffbe734b000-7ffbe7430000 ---p 00000000 00:00 0 
7ffbe7430000-7ffbe745a000 rw-p 00000000 00:00 0 
7ffbe745a000-7ffbe751b000 ---p 00000000 00:00 0 
7ffbe751b000-7ffbe7520000 rw-p 00000000 00:00 0 
7ffbe7520000-7ffbe7527000 ---p 00000000 00:00 0 
7ffbe7527000-7ffbe754b000 r-xp 00000000 00:146b 4611686019135190028      /nix/store/gpxl5qgg8kicmcvivwmybwjlpf7wh20l-graalvm17-ce-22.3.0/lib/libjava.so
7ffbe754b000-7ffbe754c000 ---p 00024000 00:146b 4611686019135190028      /nix/store/gpxl5qgg8kicmcvivwmybwjlpf7wh20l-graalvm17-ce-22.3.0/lib/libjava.so
7ffbe754c000-7ffbe754d000 r--p 00024000 00:146b 4611686019135190028      /nix/store/gpxl5qgg8kicmcvivwmybwjlpf7wh20l-graalvm17-ce-22.3.0/lib/libjava.so
7ffbe754d000-7ffbe754e000 rw-p 00025000 00:146b 4611686019135190028      /nix/store/gpxl5qgg8kicmcvivwmybwjlpf7wh20l-graalvm17-ce-22.3.0/lib/libjava.so
7ffbe754e000-7ffbe754f000 rw-p 00000000 00:00 0 
7ffbe754f000-7ffbe7556000 rw-p 0002f000 00:146b 4611686019135190028      /nix/store/gpxl5qgg8kicmcvivwmybwjlpf7wh20l-graalvm17-ce-22.3.0/lib/libjava.so
7ffbe7556000-7ffbe755e000 rw-s 00000000 00:967 350                       /tmp/hsperfdata_runner/28
7ffbe755e000-7ffbe755f000 ---p 00000000 00:00 0 
7ffbe755f000-7ffbe7560000 r--p 00000000 00:00 0 
7ffbe7560000-7ffbe7561000 rwxp 00000000 00:00 0 
7ffbe7561000-7ffbe757c000 r-xp 00000000 00:146b 4611686019135190032      /nix/store/gpxl5qgg8kicmcvivwmybwjlpf7wh20l-graalvm17-ce-22.3.0/lib/libjimage.so
7ffbe757c000-7ffbe757d000 ---p 0001b000 00:146b 4611686019135190032      /nix/store/gpxl5qgg8kicmcvivwmybwjlpf7wh20l-graalvm17-ce-22.3.0/lib/libjimage.so
7ffbe757d000-7ffbe757f000 r--p 0001b000 00:146b 4611686019135190032      /nix/store/gpxl5qgg8kicmcvivwmybwjlpf7wh20l-graalvm17-ce-22.3.0/lib/libjimage.so
7ffbe757f000-7ffbe7580000 rw-p 0001d000 00:146b 4611686019135190032      /nix/store/gpxl5qgg8kicmcvivwmybwjlpf7wh20l-graalvm17-ce-22.3.0/lib/libjimage.so
7ffbe7580000-7ffbe7581000 rw-p 00024000 00:146b 4611686019135190032      /nix/store/gpxl5qgg8kicmcvivwmybwjlpf7wh20l-graalvm17-ce-22.3.0/lib/libjimage.so
7ffbe7581000-7ffbe7585000 ---p 00000000 00:00 0 
7ffbe7585000-7ffbe7681000 rw-p 00000000 00:00 0 
7ffbe7681000-7ffbe768f000 r--p 00000000 00:146b 4611686019027979927      /nix/store/4nlgxhb09sdr51nc9hdm8az5b08vzkgx-glibc-2.35-163/lib/libm.so.6
7ffbe768f000-7ffbe7702000 r-xp 0000e000 00:146b 4611686019027979927      /nix/store/4nlgxhb09sdr51nc9hdm8az5b08vzkgx-glibc-2.35-163/lib/libm.so.6
7ffbe7702000-7ffbe775f000 r--p 00081000 00:146b 4611686019027979927      /nix/store/4nlgxhb09sdr51nc9hdm8az5b08vzkgx-glibc-2.35-163/lib/libm.so.6
7ffbe775f000-7ffbe7760000 r--p 000dd000 00:146b 4611686019027979927      /nix/store/4nlgxhb09sdr51nc9hdm8az5b08vzkgx-glibc-2.35-163/lib/libm.so.6
7ffbe7760000-7ffbe7761000 rw-p 000de000 00:146b 4611686019027979927      /nix/store/4nlgxhb09sdr51nc9hdm8az5b08vzkgx-glibc-2.35-163/lib/libm.so.6
7ffbe7761000-7ffbe7762000 r--p 00000000 00:146b 4611686019027979946      /nix/store/4nlgxhb09sdr51nc9hdm8az5b08vzkgx-glibc-2.35-163/lib/librt.so.1
7ffbe7762000-7ffbe7763000 r-xp 00001000 00:146b 4611686019027979946      /nix/store/4nlgxhb09sdr51nc9hdm8az5b08vzkgx-glibc-2.35-163/lib/librt.so.1
7ffbe7763000-7ffbe7764000 r--p 00002000 00:146b 4611686019027979946      /nix/store/4nlgxhb09sdr51nc9hdm8az5b08vzkgx-glibc-2.35-163/lib/librt.so.1
7ffbe7764000-7ffbe7765000 r--p 00002000 00:146b 4611686019027979946      /nix/store/4nlgxhb09sdr51nc9hdm8az5b08vzkgx-glibc-2.35-163/lib/librt.so.1
7ffbe7765000-7ffbe7766000 rw-p 00003000 00:146b 4611686019027979946      /nix/store/4nlgxhb09sdr51nc9hdm8az5b08vzkgx-glibc-2.35-163/lib/librt.so.1
7ffbe7766000-7ffbe8879000 r-xp 00000000 00:146b 4611686019135360866      /nix/store/gpxl5qgg8kicmcvivwmybwjlpf7wh20l-graalvm17-ce-22.3.0/lib/server/libjvm.so
7ffbe8879000-7ffbe887a000 ---p 01113000 00:146b 4611686019135360866      /nix/store/gpxl5qgg8kicmcvivwmybwjlpf7wh20l-graalvm17-ce-22.3.0/lib/server/libjvm.so
7ffbe887a000-7ffbe892f000 r--p 01113000 00:146b 4611686019135360866      /nix/store/gpxl5qgg8kicmcvivwmybwjlpf7wh20l-graalvm17-ce-22.3.0/lib/server/libjvm.so
7ffbe892f000-7ffbe8963000 rw-p 011c8000 00:146b 4611686019135360866      /nix/store/gpxl5qgg8kicmcvivwmybwjlpf7wh20l-graalvm17-ce-22.3.0/lib/server/libjvm.so
7ffbe8963000-7ffbe89bf000 rw-p 00000000 00:00 0 
7ffbe89bf000-7ffbe89e7000 r--p 00000000 00:146b 4611686019027979918      /nix/store/4nlgxhb09sdr51nc9hdm8az5b08vzkgx-glibc-2.35-163/lib/libc.so.6
7ffbe89e7000-7ffbe8b5d000 r-xp 00028000 00:146b 4611686019027979918      /nix/store/4nlgxhb09sdr51nc9hdm8az5b08vzkgx-glibc-2.35-163/lib/libc.so.6
7ffbe8b5d000-7ffbe8bb5000 r--p 0019e000 00:146b 4611686019027979918      /nix/store/4nlgxhb09sdr51nc9hdm8az5b08vzkgx-glibc-2.35-163/lib/libc.so.6
7ffbe8bb5000-7ffbe8bb9000 r--p 001f6000 00:146b 4611686019027979918      /nix/store/4nlgxhb09sdr51nc9hdm8az5b08vzkgx-glibc-2.35-163/lib/libc.so.6
7ffbe8bb9000-7ffbe8bbb000 rw-p 001fa000 00:146b 4611686019027979918      /nix/store/4nlgxhb09sdr51nc9hdm8az5b08vzkgx-glibc-2.35-163/lib/libc.so.6
7ffbe8bbb000-7ffbe8bca000 rw-p 00000000 00:00 0 
7ffbe8bca000-7ffbe8bcb000 r--p 00000000 00:146b 4611686019027979923      /nix/store/4nlgxhb09sdr51nc9hdm8az5b08vzkgx-glibc-2.35-163/lib/libdl.so.2
7ffbe8bcb000-7ffbe8bcc000 r-xp 00001000 00:146b 4611686019027979923      /nix/store/4nlgxhb09sdr51nc9hdm8az5b08vzkgx-glibc-2.35-163/lib/libdl.so.2
7ffbe8bcc000-7ffbe8bcd000 r--p 00002000 00:146b 4611686019027979923      /nix/store/4nlgxhb09sdr51nc9hdm8az5b08vzkgx-glibc-2.35-163/lib/libdl.so.2
7ffbe8bcd000-7ffbe8bce000 r--p 00002000 00:146b 4611686019027979923      /nix/store/4nlgxhb09sdr51nc9hdm8az5b08vzkgx-glibc-2.35-163/lib/libdl.so.2
7ffbe8bce000-7ffbe8bcf000 rw-p 00003000 00:146b 4611686019027979923      /nix/store/4nlgxhb09sdr51nc9hdm8az5b08vzkgx-glibc-2.35-163/lib/libdl.so.2
7ffbe8bcf000-7ffbe8bd0000 r--p 00000000 00:146b 4611686019027979942      /nix/store/4nlgxhb09sdr51nc9hdm8az5b08vzkgx-glibc-2.35-163/lib/libpthread.so.0
7ffbe8bd0000-7ffbe8bd1000 r-xp 00001000 00:146b 4611686019027979942      /nix/store/4nlgxhb09sdr51nc9hdm8az5b08vzkgx-glibc-2.35-163/lib/libpthread.so.0
7ffbe8bd1000-7ffbe8bd2000 r--p 00002000 00:146b 4611686019027979942      /nix/store/4nlgxhb09sdr51nc9hdm8az5b08vzkgx-glibc-2.35-163/lib/libpthread.so.0
7ffbe8bd2000-7ffbe8bd3000 r--p 00002000 00:146b 4611686019027979942      /nix/store/4nlgxhb09sdr51nc9hdm8az5b08vzkgx-glibc-2.35-163/lib/libpthread.so.0
7ffbe8bd3000-7ffbe8bd4000 rw-p 00003000 00:146b 4611686019027979942      /nix/store/4nlgxhb09sdr51nc9hdm8az5b08vzkgx-glibc-2.35-163/lib/libpthread.so.0
7ffbe8bd4000-7ffbe8be2000 r-xp 00000000 00:146b 4611686019135190033      /nix/store/gpxl5qgg8kicmcvivwmybwjlpf7wh20l-graalvm17-ce-22.3.0/lib/libjli.so
7ffbe8be2000-7ffbe8be3000 ---p 0000e000 00:146b 4611686019135190033      /nix/store/gpxl5qgg8kicmcvivwmybwjlpf7wh20l-graalvm17-ce-22.3.0/lib/libjli.so
7ffbe8be3000-7ffbe8be4000 r--p 0000e000 00:146b 4611686019135190033      /nix/store/gpxl5qgg8kicmcvivwmybwjlpf7wh20l-graalvm17-ce-22.3.0/lib/libjli.so
7ffbe8be4000-7ffbe8be5000 rw-p 0000f000 00:146b 4611686019135190033      /nix/store/gpxl5qgg8kicmcvivwmybwjlpf7wh20l-graalvm17-ce-22.3.0/lib/libjli.so
7ffbe8be5000-7ffbe8be6000 rw-p 00012000 00:146b 4611686019135190033      /nix/store/gpxl5qgg8kicmcvivwmybwjlpf7wh20l-graalvm17-ce-22.3.0/lib/libjli.so
7ffbe8be6000-7ffbe8be9000 r--p 00000000 00:146b 4611686019106210071      /nix/store/026hln0aq1hyshaxsdvhg0kmcm6yf45r-zlib-1.2.13/lib/libz.so.1.2.13
7ffbe8be9000-7ffbe8bfb000 r-xp 00003000 00:146b 4611686019106210071      /nix/store/026hln0aq1hyshaxsdvhg0kmcm6yf45r-zlib-1.2.13/lib/libz.so.1.2.13
7ffbe8bfb000-7ffbe8c02000 r--p 00015000 00:146b 4611686019106210071      /nix/store/026hln0aq1hyshaxsdvhg0kmcm6yf45r-zlib-1.2.13/lib/libz.so.1.2.13
7ffbe8c02000-7ffbe8c03000 r--p 0001b000 00:146b 4611686019106210071      /nix/store/026hln0aq1hyshaxsdvhg0kmcm6yf45r-zlib-1.2.13/lib/libz.so.1.2.13
7ffbe8c03000-7ffbe8c04000 rw-p 0001c000 00:146b 4611686019106210071      /nix/store/026hln0aq1hyshaxsdvhg0kmcm6yf45r-zlib-1.2.13/lib/libz.so.1.2.13
7ffbe8c04000-7ffbe8c06000 rw-p 00000000 00:00 0 
7ffbe8c06000-7ffbe8c08000 r--p 00000000 00:146b 4611686019027979912      /nix/store/4nlgxhb09sdr51nc9hdm8az5b08vzkgx-glibc-2.35-163/lib/ld-linux-x86-64.so.2
7ffbe8c08000-7ffbe8c2f000 r-xp 00002000 00:146b 4611686019027979912      /nix/store/4nlgxhb09sdr51nc9hdm8az5b08vzkgx-glibc-2.35-163/lib/ld-linux-x86-64.so.2
7ffbe8c2f000-7ffbe8c3b000 r--p 00029000 00:146b 4611686019027979912      /nix/store/4nlgxhb09sdr51nc9hdm8az5b08vzkgx-glibc-2.35-163/lib/ld-linux-x86-64.so.2
7ffbe8c3b000-7ffbe8c3d000 r--p 00034000 00:146b 4611686019027979912      /nix/store/4nlgxhb09sdr51nc9hdm8az5b08vzkgx-glibc-2.35-163/lib/ld-linux-x86-64.so.2
7ffbe8c3d000-7ffbe8c3f000 rw-p 00036000 00:146b 4611686019027979912      /nix/store/4nlgxhb09sdr51nc9hdm8az5b08vzkgx-glibc-2.35-163/lib/ld-linux-x86-64.so.2
7ffe9adb0000-7ffe9add4000 rw-p 00000000 00:00 0                          [stack]
7ffe9adf9000-7ffe9adfd000 r--p 00000000 00:00 0                          [vvar]
7ffe9adfd000-7ffe9adff000 r-xp 00000000 00:00 0                          [vdso]
ffffffffff600000-ffffffffff601000 --xp 00000000 00:00 0                  [vsyscall]


VM Arguments:
jvm_args: -XX:ThreadPriorityPolicy=1 -XX:+UnlockExperimentalVMOptions -XX:+EnableJVMCIProduct -XX:JVMCIThreadsPerNativeLibraryRuntime=1 -XX:-UnlockExperimentalVMOptions -Declipse.application=org.eclipse.jdt.ls.core.id1 -Dosgi.bundles.defaultStartLevel=4 -Declipse.product=org.eclipse.jdt.ls.core.product -Dlog.level=ALL -Xverify:none -XX:+UseParallelGC -XX:GCTimeRatio=4 -XX:AdaptiveSizePolicyWeight=90 -Dsun.zip.disableMemoryMapping=true -Xmx512m -Xms100m 
java_command: /nix/store/m6gcpi1ii6rghy04cjwjddcavv7i90df-jdt-language-server-1.9.0/share/java/plugins/org.eclipse.equinox.launcher_1.6.400.v20210924-0641.jar --add-modules=ALL-SYSTEM --add-opens java.base/java.util=ALL-UNNAMED --add-opens java.base/java.lang=ALL-UNNAMED -configuration /home/runner/.cache/jdt-language-server/config -data /home/runner/.cache/jdt-language-server/data/home/runner/algorithm
java_class_path (initial): /nix/store/m6gcpi1ii6rghy04cjwjddcavv7i90df-jdt-language-server-1.9.0/share/java/plugins/org.eclipse.equinox.launcher_1.6.400.v20210924-0641.jar
Launcher Type: SUN_STANDARD

[Global flags]
    uintx AdaptiveSizePolicyWeight                 = 90                                        {product} {command line}
     intx CICompilerCount                          = 2                                         {product} {ergonomic}
     bool EnableJVMCIProduct                       = true                                {JVMCI product} {jimage}
    uintx GCTimeRatio                              = 4                                         {product} {command line}
   size_t InitialHeapSize                          = 104857600                                 {product} {command line}
     uint JVMCIThreadsPerNativeLibraryRuntime      = 1                                   {JVMCI product} {jimage}
   size_t MaxHeapSize                              = 536870912                                 {product} {command line}
   size_t MaxNewSize                               = 178782208                                 {product} {ergonomic}
   size_t MinHeapDeltaBytes                        = 524288                                    {product} {ergonomic}
   size_t MinHeapSize                              = 104857600                                 {product} {command line}
   size_t NewSize                                  = 34603008                                  {product} {ergonomic}
    uintx NonNMethodCodeHeapSize                   = 5826188                                {pd product} {ergonomic}
    uintx NonProfiledCodeHeapSize                  = 122916026                              {pd product} {ergonomic}
   size_t OldSize                                  = 70254592                                  {product} {ergonomic}
    uintx ProfiledCodeHeapSize                     = 122916026                              {pd product} {ergonomic}
    uintx ReservedCodeCacheSize                    = 251658240                              {pd product} {ergonomic}
     bool SegmentedCodeCache                       = true                                      {product} {ergonomic}
   size_t SoftMaxHeapSize                          = 536870912                              {manageable} {ergonomic}
     intx ThreadPriorityPolicy                     = 1                                         {product} {jimage}
     bool UseCompressedClassPointers               = true                           {product lp64_product} {ergonomic}
     bool UseCompressedOops                        = true                           {product lp64_product} {ergonomic}
     bool UseParallelGC                            = true                                      {product} {command line}

Logging:
Log output configuration:
 #0: stdout all=warning uptime,level,tags
 #1: stderr all=off uptime,level,tags

Environment Variables:
JAVA_HOME=/nix/store/gpxl5qgg8kicmcvivwmybwjlpf7wh20l-graalvm17-ce-22.3.0
PATH=/nix/store/1d6ian3r8kdzspw8hacjhl3xkp40g1lj-binutils-wrapper-2.39/bin:/nix/store/dq0xwmsk1g0i2ayg6pb7y87na2knzylh-gcc-wrapper-11.3.0/bin:/nix/store/bap4d0lpcrhpwmpb8ayjcgkmvfj62lnq-bash-interactive-5.1-p16/bin:/nix/store/pr5n59mb4jzmfx6kanwxly0l07p861fg-patchelf-0.15.0/bin:/nix/store/1gf2flfqnpqbr1b4p4qz2f72y42bs56r-gcc-11.3.0/bin:/nix/store/57xv61c5zi8pphjbcwxxjlgc34p61ic9-glibc-2.35-163-bin/bin:/nix/store/a7gvj343m05j2s32xcnwr35v31ynlypr-coreutils-9.1/bin:/nix/store/039g378vc3pc3dvi9dzdlrd0i4q93qwf-binutils-2.39/bin:/nix/store/gpxl5qgg8kicmcvivwmybwjlpf7wh20l-graalvm17-ce-22.3.0/bin:/nix/store/6z9ag3ihc8mq2hzsw48lhbznvzny65nz-apache-maven-3.8.6/bin:/nix/store/m6gcpi1ii6rghy04cjwjddcavv7i90df-jdt-language-server-1.9.0/bin:/nix/store/84xs5alhs01zrbr4ywm05kxbjbp5590l-java-debug/bin:/nix/store/mydc6f4k2z73xlcz7ilif3v2lcaiqvza-findutils-4.9.0/bin:/nix/store/j9p3g8472iijd50vhdprx0nmk2fqn5gv-diffutils-3.8/bin:/nix/store/89zs7rms6x00xfq4dq6m7mjnhkr8a6r4-gnused-4.8/bin:/nix/store/86bp03jkmsl6f92w0yzg4s59g5mhxwmy-gnugrep-3.7/bin:/nix/store/hwcdqw4jrjnd37wxqgsd47hd0j8bnj09-gawk-5.1.1/bin:/nix/store/cfbhw8r8ags41vwqaz47r583d0p4h4a1-gnutar-1.34/bin:/nix/store/p3m1ndl1lapwrlh698bnb5lvvxh67378-gzip-1.12/bin:/nix/store/a8mhcagrsly7c7mpjrpsnaahk4aax056-bzip2-1.0.8-bin/bin:/nix/store/mblgz65m3zv9x548a3d5m96fj2pbwr09-gnumake-4.3/bin:/nix/store/dsd5gz46hdbdk2rfdimqddhq6m8m8fqs-bash-5.1-p16/bin:/nix/store/v7ljksji50mg3w61dykaa3n3y79n6nil-patch-2.7.6/bin:/nix/store/zlcnmqq14jz5x9439jf937mvayyl63da-xz-5.2.7-bin/bin:/nix/store/y6aj732zm9m87c82fpvf103a1xb22blp-file-5.43/bin:/nix/store/i4kzir3m7mrisxmf5xvlnkw01x4qaqr4-prybar-elisp-0.0.0-e0d9a52/bin:/nix/store/lwwivxf6h7x3cvxp9zv8sj0mv7dak99r-prybar-lua-0.0.0-e0d9a52/bin:/nix/store/gxj28g1cg4hq3qanmjv07156h800qr58-prybar-python3-0.0.0-e0d9a52/bin:/nix/store/hshkjnxrgidigf8x75vg6lqng2xlx9i3-prybar-sqlite-0.0.0-e0d9a52/bin:/nix/store/c4w01bpjgyy5ixmwdk8m1pw87zq4sl26-prybar-tcl-0.0.0-e0d9a52/bin:/nix/store/hpbvrlwd5viqmvcaisb3x0118i913a9n-st
LD_LIBRARY_PATH=/nix/store/a4pff549sk2idnkpzk5nsfps3mdkdnvm-cups-2.4.2-lib/lib:/nix/store/72mqxxhh3cy5yifh92wh2yb8cl2hikyy-cairo-1.16.0/lib:/nix/store/2k366jrbsra97gjfxwvrhvixjfxdach5-glib-2.74.1/lib:/nix/store/2j2znigd8ak37rlwh9khz0ry3clqlw1l-gtk+3-3.24.34/lib:/nix/store/hisqvx32cd57apbpcsnkpx6k3549wql1-libglvnd-1.4.0/lib:/nix/store/p36pgcv991mq5srvg765b78yqpxvk3qs-mesa-21.3.3-drivers/lib:/nix/store/mav4251if1ahjq5vkpwycyyvnmy459c4-pulseaudio-14.2/lib
DISPLAY=:0
LANG=en_US.UTF-8

Signal Handlers:
   SIGSEGV: crash_handler in libjvm.so, mask=11100100010111111101111111111110, flags=SA_RESTART|SA_SIGINFO
    SIGBUS: crash_handler in libjvm.so, mask=11100100010111111101111111111110, flags=SA_RESTART|SA_SIGINFO
    SIGFPE: crash_handler in libjvm.so, mask=11100100010111111101111111111110, flags=SA_RESTART|SA_SIGINFO
   SIGPIPE: IsolateEnterStub_IgnoreSIGPIPEStartupHook_noopSignalHandler_8f19bff2f35b5f630d83b364d6b2339320d4ec70_216e8361c6bc87a8f89f58cc10d3b2fd4415bf87 in libjvmcicompiler.so, mask=00000000000000000000000000000000, flags=SA_RESTART
  *** Handler was modified!
  *** Expected: javaSignalHandler in libjvm.so, mask=11100100110111111111111111111110, flags=SA_RESTART|SA_SIGINFO
   SIGXFSZ: javaSignalHandler in libjvm.so, mask=11100100010111111101111111111110, flags=SA_RESTART|SA_SIGINFO
    SIGILL: crash_handler in libjvm.so, mask=11100100010111111101111111111110, flags=SA_RESTART|SA_SIGINFO
   SIGUSR2: SR_handler in libjvm.so, mask=00000000000000000000000000000000, flags=SA_RESTART|SA_SIGINFO
    SIGHUP: UserHandler in libjvm.so, mask=11100100010111111101111111111110, flags=SA_RESTART|SA_SIGINFO
    SIGINT: UserHandler in libjvm.so, mask=11100100010111111101111111111110, flags=SA_RESTART|SA_SIGINFO
   SIGTERM: UserHandler in libjvm.so, mask=11100100010111111101111111111110, flags=SA_RESTART|SA_SIGINFO
   SIGQUIT: UserHandler in libjvm.so, mask=11100100010111111101111111111110, flags=SA_RESTART|SA_SIGINFO
  *** Handler was modified!
  *** Expected: javaSignalHandler in libjvm.so, mask=11100100110111111111111111111110, flags=SA_RESTART|SA_SIGINFO
   SIGTRAP: crash_handler in libjvm.so, mask=11100100010111111101111111111110, flags=SA_RESTART|SA_SIGINFO


---------------  S Y S T E M  ---------------

OS:
DISTRIB_ID=Ubuntu
DISTRIB_RELEASE=20.04
DISTRIB_CODENAME=focal
DISTRIB_DESCRIPTION="Ubuntu 20.04.2 LTS"
uname: Linux 5.15.0-1030-gcp #37~20.04.1-Ubuntu SMP Mon Feb 20 04:30:57 UTC 2023 x86_64
OS uptime: 0 days 7:54 hours
libc: glibc 2.35 NPTL 2.35 
rlimit (soft/hard): STACK 8192k/infinity , CORE infinity/infinity , NPROC infinity/infinity , NOFILE 5242/5242 , AS infinity/infinity , CPU infinity/infinity , DATA infinity/infinity , FSIZE infinity/infinity , MEMLOCK 64k/64k
load average: 11.97 14.00 15.27

/proc/meminfo:
MemTotal:       65852732 kB
MemFree:        23953236 kB
MemAvailable:   44086884 kB
Buffers:         2388608 kB
Cached:         16544012 kB
SwapCached:            0 kB
Active:          9515840 kB
Inactive:       27478700 kB
Active(anon):      15876 kB
Inactive(anon): 17812096 kB
Active(file):    9499964 kB
Inactive(file):  9666604 kB
Unevictable:       42908 kB
Mlocked:           42908 kB
SwapTotal:             0 kB
SwapFree:              0 kB
Dirty:             31116 kB
Writeback:             0 kB
AnonPages:      16615952 kB
Mapped:          1646580 kB
Shmem:             36600 kB
KReclaimable:    1693680 kB
Slab:            3786360 kB
SReclaimable:    1693680 kB
SUnreclaim:      2092680 kB
KernelStack:      425228 kB
PageTables:       182020 kB
NFS_Unstable:          0 kB
Bounce:                0 kB
WritebackTmp:          0 kB
CommitLimit:    32926364 kB
Committed_AS:   62401512 kB
VmallocTotal:   34359738367 kB
VmallocUsed:      473640 kB
VmallocChunk:          0 kB
Percpu:            75872 kB
HardwareCorrupted:     0 kB
AnonHugePages:   1759232 kB
ShmemHugePages:        0 kB
ShmemPmdMapped:        0 kB
FileHugePages:         0 kB
FilePmdMapped:         0 kB
HugePages_Total:       0
HugePages_Free:        0
HugePages_Rsvd:        0
HugePages_Surp:        0
Hugepagesize:       2048 kB
Hugetlb:               0 kB
DirectMap4k:     5327680 kB
DirectMap2M:    39757824 kB
DirectMap1G:    24117248 kB

/sys/kernel/mm/transparent_hugepage/enabled: always [madvise] never
/sys/kernel/mm/transparent_hugepage/defrag (defrag/compaction efforts parameter): always defer defer+madvise [madvise] never

Process Memory:
Virtual Size: 5122136K (peak: 5160764K)
Resident Set Size: 762204K (peak: 797492K) (anon: 564832K, file: 197372K, shmem: 0K)
Swapped out: 0K
C-Heap outstanding allocations: 42283K, retained: 15948K
glibc malloc tunables: (default)

/proc/sys/kernel/threads-max (system-wide limit on the number of threads): 514406
/proc/sys/vm/max_map_count (maximum number of memory map areas a process may have): 65530
/proc/sys/kernel/pid_max (system-wide limit on number of process identifiers): 4194304

container (cgroup) information:
container_type: cgroupv1
cpu_cpuset_cpus: 2-7
cpu_memory_nodes: 0
active_processor_count: 1
cpu_quota: 50000
cpu_period: 100000
cpu_shares: 512
memory_limit_in_bytes: 1048576 k
memory_and_swap_limit_in_bytes: 1048576 k
memory_soft_limit_in_bytes: 524288 k
memory_usage_in_bytes: 635228 k
memory_max_usage_in_bytes: 670504 k
maximum number of tasks: 1000
current number of tasks: 49

KVM virtualization detected
Steal ticks since vm start: 0
Steal ticks percentage since vm start:  0.000

CPU: total 8 (initial active 1) (8 cores per cpu, 2 threads per core) family 23 model 49 stepping 0 microcode 0xffffffff, cx8, cmov, fxsr, ht, mmx, 3dnowpref, sse, sse2, sse3, ssse3, sse4a, sse4.1, sse4.2, popcnt, lzcnt, tsc, tscinvbit, avx, avx2, aes, clmul, bmi1, bmi2, adx, sha, fma, vzeroupper, clflush, clflushopt, hv
CPU Model and flags from /proc/cpuinfo:
model name	: AMD EPYC 7B12
flags		: fpu vme de pse tsc msr pae mce cx8 apic sep mtrr pge mca cmov pat pse36 clflush mmx fxsr sse sse2 ht syscall nx mmxext fxsr_opt pdpe1gb rdtscp lm constant_tsc rep_good nopl nonstop_tsc cpuid extd_apicid tsc_known_freq pni pclmulqdq ssse3 fma cx16 sse4_1 sse4_2 movbe popcnt aes xsave avx f16c rdrand hypervisor lahf_lm cmp_legacy cr8_legacy abm sse4a misalignsse 3dnowprefetch osvw topoext ssbd ibrs ibpb stibp vmmcall fsgsbase tsc_adjust bmi1 avx2 smep bmi2 rdseed adx smap clflushopt clwb sha_ni xsaveopt xsavec xgetbv1 clzero xsaveerptr arat npt nrip_save umip rdpid

Online cpus: 0-7
Offline cpus: 
BIOS frequency limitation: <Not Available>
Frequency switch latency (ns): <Not Available>
Available cpu frequencies: <Not Available>
Current governor: <Not Available>
Core performance/turbo boost: <Not Available>

Memory: 4k page, physical 1048576k(413340k free), swap 0k(0k free)
Page Sizes: 4k

vm_info: OpenJDK 64-Bit Server VM (17.0.5+8-jvmci-22.3-b08) for linux-amd64 JRE (17.0.5+8-jvmci-22.3-b08), built on Oct 19 2022 09:01:27 by "buildslave" with gcc 10.3.0

END.
